

 The input file has been read successfully 
 Number of elements:              457
 Number of nodes:                 974
 Number of constraints:             0
 Total no. degrees of freedom:   1948

  Column            1  node            1  DOF            1
 Row    1 node    1 DOF    1 Stiffness     0.18228D+02 Numerical deriv     0.18228D+02
 Row    2 node    1 DOF    2 Stiffness     0.16598D+01 Numerical deriv     0.16598D+01
 Row    3 node    2 DOF    1 Stiffness     0.41358D+00 Numerical deriv     0.41358D+00
 Row    4 node    2 DOF    2 Stiffness     0.54026D+01 Numerical deriv     0.54026D+01
 Row    5 node    3 DOF    1 Stiffness     0.48333D+01 Numerical deriv     0.48333D+01
 Row    6 node    3 DOF    2 Stiffness    -0.70624D+01 Numerical deriv    -0.70624D+01
 Row    7 node    4 DOF    1 Stiffness    -0.13664D+02 Numerical deriv    -0.13664D+02
 Row    8 node    4 DOF    2 Stiffness    -0.16027D+02 Numerical deriv    -0.16027D+02
 Row    9 node    5 DOF    1 Stiffness    -0.15921D+01 Numerical deriv    -0.15921D+01
 Row   10 node    5 DOF    2 Stiffness    -0.66393D+01 Numerical deriv    -0.66393D+01
 Row   11 node    6 DOF    1 Stiffness    -0.82184D+01 Numerical deriv    -0.82184D+01
 Row   12 node    6 DOF    2 Stiffness     0.22666D+02 Numerical deriv     0.22666D+02

  Column            2  node            1  DOF            2
 Row    1 node    1 DOF    1 Stiffness     0.16598D+01 Numerical deriv     0.16598D+01
 Row    2 node    1 DOF    2 Stiffness     0.23196D+02 Numerical deriv     0.23196D+02
 Row    3 node    2 DOF    1 Stiffness    -0.10869D+02 Numerical deriv    -0.10869D+02
 Row    4 node    2 DOF    2 Stiffness     0.15077D+01 Numerical deriv     0.15077D+01
 Row    5 node    3 DOF    1 Stiffness     0.92092D+01 Numerical deriv     0.92092D+01
 Row    6 node    3 DOF    2 Stiffness    -0.12290D+01 Numerical deriv    -0.12290D+01
 Row    7 node    4 DOF    1 Stiffness     0.54868D+01 Numerical deriv     0.54868D+01
 Row    8 node    4 DOF    2 Stiffness     0.11890D+02 Numerical deriv     0.11890D+02
 Row    9 node    5 DOF    1 Stiffness    -0.66393D+01 Numerical deriv    -0.66393D+01
 Row   10 node    5 DOF    2 Stiffness    -0.21465D+02 Numerical deriv    -0.21465D+02
 Row   11 node    6 DOF    1 Stiffness     0.11525D+01 Numerical deriv     0.11525D+01
 Row   12 node    6 DOF    2 Stiffness    -0.13900D+02 Numerical deriv    -0.13900D+02

  Column            3  node            2  DOF            1
 Row    1 node    1 DOF    1 Stiffness     0.41358D+00 Numerical deriv     0.41358D+00
 Row    2 node    1 DOF    2 Stiffness    -0.10869D+02 Numerical deriv    -0.10869D+02
 Row    3 node    2 DOF    1 Stiffness     0.22270D+02 Numerical deriv     0.22270D+02
 Row    4 node    2 DOF    2 Stiffness     0.50128D+00 Numerical deriv     0.50128D+00
 Row    5 node    3 DOF    1 Stiffness     0.19492D+00 Numerical deriv     0.19492D+00
 Row    6 node    3 DOF    2 Stiffness     0.10368D+02 Numerical deriv     0.10368D+02
 Row    7 node    4 DOF    1 Stiffness     0.82955D+01 Numerical deriv     0.82955D+01
 Row    8 node    4 DOF    2 Stiffness     0.23700D+01 Numerical deriv     0.23700D+01
 Row    9 node    5 DOF    1 Stiffness    -0.90595D+01 Numerical deriv    -0.90595D+01
 Row   10 node    5 DOF    2 Stiffness    -0.99794D+00 Numerical deriv    -0.99794D+00
 Row   11 node    6 DOF    1 Stiffness    -0.22115D+02 Numerical deriv    -0.22115D+02
 Row   12 node    6 DOF    2 Stiffness    -0.13721D+01 Numerical deriv    -0.13721D+01

  Column            4  node            2  DOF            2
 Row    1 node    1 DOF    1 Stiffness     0.54026D+01 Numerical deriv     0.54026D+01
 Row    2 node    1 DOF    2 Stiffness     0.15077D+01 Numerical deriv     0.15077D+01
 Row    3 node    2 DOF    1 Stiffness     0.50128D+00 Numerical deriv     0.50128D+00
 Row    4 node    2 DOF    2 Stiffness     0.17166D+02 Numerical deriv     0.17166D+02
 Row    5 node    3 DOF    1 Stiffness    -0.59038D+01 Numerical deriv    -0.59038D+01
 Row    6 node    3 DOF    2 Stiffness     0.42047D+01 Numerical deriv     0.42047D+01
 Row    7 node    4 DOF    1 Stiffness    -0.20656D+02 Numerical deriv    -0.20656D+02
 Row    8 node    4 DOF    2 Stiffness    -0.98919D+01 Numerical deriv    -0.98919D+01
 Row    9 node    5 DOF    1 Stiffness     0.22864D+02 Numerical deriv     0.22864D+02
 Row   10 node    5 DOF    2 Stiffness    -0.13436D+02 Numerical deriv    -0.13436D+02
 Row   11 node    6 DOF    1 Stiffness    -0.22082D+01 Numerical deriv    -0.22082D+01
 Row   12 node    6 DOF    2 Stiffness     0.44933D+00 Numerical deriv     0.44933D+00

  Column            5  node            3  DOF            1
 Row    1 node    1 DOF    1 Stiffness     0.48333D+01 Numerical deriv     0.48333D+01
 Row    2 node    1 DOF    2 Stiffness     0.92092D+01 Numerical deriv     0.92092D+01
 Row    3 node    2 DOF    1 Stiffness     0.19492D+00 Numerical deriv     0.19492D+00
 Row    4 node    2 DOF    2 Stiffness    -0.59038D+01 Numerical deriv    -0.59038D+01
 Row    5 node    3 DOF    1 Stiffness     0.24524D+02 Numerical deriv     0.24524D+02
 Row    6 node    3 DOF    2 Stiffness    -0.33054D+01 Numerical deriv    -0.33054D+01
 Row    7 node    4 DOF    1 Stiffness    -0.10427D+02 Numerical deriv    -0.10427D+02
 Row    8 node    4 DOF    2 Stiffness     0.13657D+02 Numerical deriv     0.13657D+02
 Row    9 node    5 DOF    1 Stiffness    -0.19865D+02 Numerical deriv    -0.19865D+02
 Row   10 node    5 DOF    2 Stiffness     0.76372D+01 Numerical deriv     0.76372D+01
 Row   11 node    6 DOF    1 Stiffness     0.73978D+00 Numerical deriv     0.73978D+00
 Row   12 node    6 DOF    2 Stiffness    -0.21294D+02 Numerical deriv    -0.21294D+02

  Column            6  node            3  DOF            2
 Row    1 node    1 DOF    1 Stiffness    -0.70624D+01 Numerical deriv    -0.70624D+01
 Row    2 node    1 DOF    2 Stiffness    -0.12290D+01 Numerical deriv    -0.12290D+01
 Row    3 node    2 DOF    1 Stiffness     0.10368D+02 Numerical deriv     0.10368D+02
 Row    4 node    2 DOF    2 Stiffness     0.42047D+01 Numerical deriv     0.42047D+01
 Row    5 node    3 DOF    1 Stiffness    -0.33054D+01 Numerical deriv    -0.33054D+01
 Row    6 node    3 DOF    2 Stiffness     0.26577D+02 Numerical deriv     0.26577D+02
 Row    7 node    4 DOF    1 Stiffness     0.15169D+02 Numerical deriv     0.15169D+02
 Row    8 node    4 DOF    2 Stiffness    -0.17794D+02 Numerical deriv    -0.17794D+02
 Row    9 node    5 DOF    1 Stiffness    -0.16225D+02 Numerical deriv    -0.16225D+02
 Row   10 node    5 DOF    2 Stiffness     0.43841D+01 Numerical deriv     0.43841D+01
 Row   11 node    6 DOF    1 Stiffness     0.10556D+01 Numerical deriv     0.10556D+01
 Row   12 node    6 DOF    2 Stiffness    -0.16143D+02 Numerical deriv    -0.16143D+02

  Column            7  node            4  DOF            1
 Row    1 node    1 DOF    1 Stiffness    -0.13664D+02 Numerical deriv    -0.13664D+02
 Row    2 node    1 DOF    2 Stiffness     0.54868D+01 Numerical deriv     0.54868D+01
 Row    3 node    2 DOF    1 Stiffness     0.82955D+01 Numerical deriv     0.82955D+01
 Row    4 node    2 DOF    2 Stiffness    -0.20656D+02 Numerical deriv    -0.20656D+02
 Row    5 node    3 DOF    1 Stiffness    -0.10427D+02 Numerical deriv    -0.10427D+02
 Row    6 node    3 DOF    2 Stiffness     0.15169D+02 Numerical deriv     0.15169D+02
 Row    7 node    4 DOF    1 Stiffness     0.13157D+03 Numerical deriv     0.13157D+03
 Row    8 node    4 DOF    2 Stiffness    -0.62673D+02 Numerical deriv    -0.62673D+02
 Row    9 node    5 DOF    1 Stiffness    -0.12540D+02 Numerical deriv    -0.12540D+02
 Row   10 node    5 DOF    2 Stiffness     0.67001D+02 Numerical deriv     0.67001D+02
 Row   11 node    6 DOF    1 Stiffness    -0.10324D+03 Numerical deriv    -0.10324D+03
 Row   12 node    6 DOF    2 Stiffness    -0.43285D+01 Numerical deriv    -0.43285D+01

  Column            8  node            4  DOF            2
 Row    1 node    1 DOF    1 Stiffness    -0.16027D+02 Numerical deriv    -0.16027D+02
 Row    2 node    1 DOF    2 Stiffness     0.11890D+02 Numerical deriv     0.11890D+02
 Row    3 node    2 DOF    1 Stiffness     0.23700D+01 Numerical deriv     0.23700D+01
 Row    4 node    2 DOF    2 Stiffness    -0.98919D+01 Numerical deriv    -0.98919D+01
 Row    5 node    3 DOF    1 Stiffness     0.13657D+02 Numerical deriv     0.13657D+02
 Row    6 node    3 DOF    2 Stiffness    -0.17794D+02 Numerical deriv    -0.17794D+02
 Row    7 node    4 DOF    1 Stiffness    -0.62673D+02 Numerical deriv    -0.62673D+02
 Row    8 node    4 DOF    2 Stiffness     0.15690D+03 Numerical deriv     0.15690D+03
 Row    9 node    5 DOF    1 Stiffness    -0.24841D+02 Numerical deriv    -0.24841D+02
 Row   10 node    5 DOF    2 Stiffness    -0.11476D+03 Numerical deriv    -0.11476D+03
 Row   11 node    6 DOF    1 Stiffness     0.87514D+02 Numerical deriv     0.87514D+02
 Row   12 node    6 DOF    2 Stiffness    -0.26344D+02 Numerical deriv    -0.26344D+02

  Column            9  node            5  DOF            1
 Row    1 node    1 DOF    1 Stiffness    -0.15921D+01 Numerical deriv    -0.15921D+01
 Row    2 node    1 DOF    2 Stiffness    -0.66393D+01 Numerical deriv    -0.66393D+01
 Row    3 node    2 DOF    1 Stiffness    -0.90595D+01 Numerical deriv    -0.90595D+01
 Row    4 node    2 DOF    2 Stiffness     0.22864D+02 Numerical deriv     0.22864D+02
 Row    5 node    3 DOF    1 Stiffness    -0.19865D+02 Numerical deriv    -0.19865D+02
 Row    6 node    3 DOF    2 Stiffness    -0.16225D+02 Numerical deriv    -0.16225D+02
 Row    7 node    4 DOF    1 Stiffness    -0.12540D+02 Numerical deriv    -0.12540D+02
 Row    8 node    4 DOF    2 Stiffness    -0.24841D+02 Numerical deriv    -0.24841D+02
 Row    9 node    5 DOF    1 Stiffness     0.89897D+02 Numerical deriv     0.89897D+02
 Row   10 node    5 DOF    2 Stiffness     0.26557D+02 Numerical deriv     0.26557D+02
 Row   11 node    6 DOF    1 Stiffness    -0.46840D+02 Numerical deriv    -0.46840D+02
 Row   12 node    6 DOF    2 Stiffness    -0.17157D+01 Numerical deriv    -0.17157D+01

  Column           10  node            5  DOF            2
 Row    1 node    1 DOF    1 Stiffness    -0.66393D+01 Numerical deriv    -0.66393D+01
 Row    2 node    1 DOF    2 Stiffness    -0.21465D+02 Numerical deriv    -0.21465D+02
 Row    3 node    2 DOF    1 Stiffness    -0.99794D+00 Numerical deriv    -0.99794D+00
 Row    4 node    2 DOF    2 Stiffness    -0.13436D+02 Numerical deriv    -0.13436D+02
 Row    5 node    3 DOF    1 Stiffness     0.76372D+01 Numerical deriv     0.76372D+01
 Row    6 node    3 DOF    2 Stiffness     0.43841D+01 Numerical deriv     0.43841D+01
 Row    7 node    4 DOF    1 Stiffness     0.67001D+02 Numerical deriv     0.67001D+02
 Row    8 node    4 DOF    2 Stiffness    -0.11476D+03 Numerical deriv    -0.11476D+03
 Row    9 node    5 DOF    1 Stiffness     0.26557D+02 Numerical deriv     0.26557D+02
 Row   10 node    5 DOF    2 Stiffness     0.16939D+03 Numerical deriv     0.16939D+03
 Row   11 node    6 DOF    1 Stiffness    -0.93558D+02 Numerical deriv    -0.93558D+02
 Row   12 node    6 DOF    2 Stiffness    -0.24116D+02 Numerical deriv    -0.24116D+02

  Column           11  node            6  DOF            1
 Row    1 node    1 DOF    1 Stiffness    -0.82184D+01 Numerical deriv    -0.82184D+01
 Row    2 node    1 DOF    2 Stiffness     0.11525D+01 Numerical deriv     0.11525D+01
 Row    3 node    2 DOF    1 Stiffness    -0.22115D+02 Numerical deriv    -0.22115D+02
 Row    4 node    2 DOF    2 Stiffness    -0.22082D+01 Numerical deriv    -0.22082D+01
 Row    5 node    3 DOF    1 Stiffness     0.73978D+00 Numerical deriv     0.73978D+00
 Row    6 node    3 DOF    2 Stiffness     0.10556D+01 Numerical deriv     0.10556D+01
 Row    7 node    4 DOF    1 Stiffness    -0.10324D+03 Numerical deriv    -0.10324D+03
 Row    8 node    4 DOF    2 Stiffness     0.87514D+02 Numerical deriv     0.87514D+02
 Row    9 node    5 DOF    1 Stiffness    -0.46840D+02 Numerical deriv    -0.46840D+02
 Row   10 node    5 DOF    2 Stiffness    -0.93558D+02 Numerical deriv    -0.93558D+02
 Row   11 node    6 DOF    1 Stiffness     0.17967D+03 Numerical deriv     0.17967D+03
 Row   12 node    6 DOF    2 Stiffness     0.60441D+01 Numerical deriv     0.60441D+01

  Column           12  node            6  DOF            2
 Row    1 node    1 DOF    1 Stiffness     0.22666D+02 Numerical deriv     0.22666D+02
 Row    2 node    1 DOF    2 Stiffness    -0.13900D+02 Numerical deriv    -0.13900D+02
 Row    3 node    2 DOF    1 Stiffness    -0.13721D+01 Numerical deriv    -0.13721D+01
 Row    4 node    2 DOF    2 Stiffness     0.44933D+00 Numerical deriv     0.44933D+00
 Row    5 node    3 DOF    1 Stiffness    -0.21294D+02 Numerical deriv    -0.21294D+02
 Row    6 node    3 DOF    2 Stiffness    -0.16143D+02 Numerical deriv    -0.16143D+02
 Row    7 node    4 DOF    1 Stiffness    -0.43285D+01 Numerical deriv    -0.43285D+01
 Row    8 node    4 DOF    2 Stiffness    -0.26344D+02 Numerical deriv    -0.26344D+02
 Row    9 node    5 DOF    1 Stiffness    -0.17157D+01 Numerical deriv    -0.17157D+01
 Row   10 node    5 DOF    2 Stiffness    -0.24116D+02 Numerical deriv    -0.24116D+02
 Row   11 node    6 DOF    1 Stiffness     0.60441D+01 Numerical deriv     0.60441D+01
 Row   12 node    6 DOF    2 Stiffness     0.80053D+02 Numerical deriv     0.80053D+02


 Stiffness matrix is consistent with residual 




 Direct Solver Profiler has completed profile computation 
     Total number of equations       1948
     Maximum half bandwidth:          165
     Mean half bandwidth:              60
     RMS half bandwidth:               81
     Size of stiffness matrix:     116862


 Direct Solver has completed LU decomposition 
    Conditioning information: 
      Max diagonal in reduced matrix:    0.3951E+03
      Min diagonal in reduced matrix:    0.1000E+01
      Ratio:                             0.3951E+03
      Maximum no. diagonal digits lost:   2


  Newton Raphson iteration       1
  Correction norm               0.225418D-02
  Generalized Force norm        0.191934D-02
  Out of balance force norm     0.185866D-15
  Ratio                         0.445346D-13
  Tolerance                     0.100000D-04


    Step number     1 has completed successfully
    Steps remaining:                          19
    Elapsed time:                     1.0000    
    Time remaining:                   9.0000    
    Time step has been adjusted to:   1.0000    
    Max time step:                    1.0000    
    Min time step:                   0.10000E-02


 Direct Solver has completed LU decomposition 
    Conditioning information: 
      Max diagonal in reduced matrix:    0.9200E-04
      Min diagonal in reduced matrix:    0.5672E-05
      Ratio:                             0.1622E+02
      Maximum no. diagonal digits lost:   1


 Direct Solver has completed LU decomposition 
    Conditioning information: 
      Max diagonal in reduced matrix:    0.3951E+03
      Min diagonal in reduced matrix:    0.1000E+01
      Ratio:                             0.3951E+03
      Maximum no. diagonal digits lost:   2


  Newton Raphson iteration       1
  Correction norm               0.267635D-16
  Generalized Force norm        0.383867D-02
  Out of balance force norm     0.527214D-16
  Ratio                         0.137343D-13
  Tolerance                     0.100000D-04


    Step number     2 has completed successfully
    Steps remaining:                          18
    Elapsed time:                     2.0000    
    Time remaining:                   8.0000    
    Time step has been adjusted to:   1.0000    
    Max time step:                    1.0000    
    Min time step:                   0.10000E-02


 Direct Solver has completed LU decomposition 
    Conditioning information: 
      Max diagonal in reduced matrix:    0.9200E-04
      Min diagonal in reduced matrix:    0.5672E-05
      Ratio:                             0.1622E+02
      Maximum no. diagonal digits lost:   1


 Direct Solver has completed LU decomposition 
    Conditioning information: 
      Max diagonal in reduced matrix:    0.3951E+03
      Min diagonal in reduced matrix:    0.1000E+01
      Ratio:                             0.3951E+03
      Maximum no. diagonal digits lost:   2


  Newton Raphson iteration       1
  Correction norm               0.128567D-16
  Generalized Force norm        0.575801D-02
  Out of balance force norm     0.544642D-16
  Ratio                         0.945886D-14
  Tolerance                     0.100000D-04


    Step number     3 has completed successfully
    Steps remaining:                          17
    Elapsed time:                     3.0000    
    Time remaining:                   7.0000    
    Time step has been adjusted to:   1.0000    
    Max time step:                    1.0000    
    Min time step:                   0.10000E-02


 Direct Solver has completed LU decomposition 
    Conditioning information: 
      Max diagonal in reduced matrix:    0.9200E-04
      Min diagonal in reduced matrix:    0.5672E-05
      Ratio:                             0.1622E+02
      Maximum no. diagonal digits lost:   1


 Direct Solver has completed LU decomposition 
    Conditioning information: 
      Max diagonal in reduced matrix:    0.3951E+03
      Min diagonal in reduced matrix:    0.1000E+01
      Ratio:                             0.3951E+03
      Maximum no. diagonal digits lost:   2


  Newton Raphson iteration       1
  Correction norm               0.150184D-17
  Generalized Force norm        0.767734D-02
  Out of balance force norm     0.532909D-16
  Ratio                         0.694132D-14
  Tolerance                     0.100000D-04


    Step number     4 has completed successfully
    Steps remaining:                          16
    Elapsed time:                     4.0000    
    Time remaining:                   6.0000    
    Time step has been adjusted to:   1.0000    
    Max time step:                    1.0000    
    Min time step:                   0.10000E-02


 Direct Solver has completed LU decomposition 
    Conditioning information: 
      Max diagonal in reduced matrix:    0.9200E-04
      Min diagonal in reduced matrix:    0.5672E-05
      Ratio:                             0.1622E+02
      Maximum no. diagonal digits lost:   1


 Direct Solver has completed LU decomposition 
    Conditioning information: 
      Max diagonal in reduced matrix:    0.3951E+03
      Min diagonal in reduced matrix:    0.1000E+01
      Ratio:                             0.3951E+03
      Maximum no. diagonal digits lost:   2


  Newton Raphson iteration       1
  Correction norm               0.233845D-17
  Generalized Force norm        0.959668D-02
  Out of balance force norm     0.544524D-16
  Ratio                         0.567409D-14
  Tolerance                     0.100000D-04


    Step number     5 has completed successfully
    Steps remaining:                          15
    Elapsed time:                     5.0000    
    Time remaining:                   5.0000    
    Time step has been adjusted to:   1.0000    
    Max time step:                    1.0000    
    Min time step:                   0.10000E-02


 Direct Solver has completed LU decomposition 
    Conditioning information: 
      Max diagonal in reduced matrix:    0.9200E-04
      Min diagonal in reduced matrix:    0.5672E-05
      Ratio:                             0.1622E+02
      Maximum no. diagonal digits lost:   1


 Direct Solver has completed LU decomposition 
    Conditioning information: 
      Max diagonal in reduced matrix:    0.3951E+03
      Min diagonal in reduced matrix:    0.1000E+01
      Ratio:                             0.3951E+03
      Maximum no. diagonal digits lost:   2


  Newton Raphson iteration       1
  Correction norm               0.288582D-17
  Generalized Force norm        0.115160D-01
  Out of balance force norm     0.546521D-16
  Ratio                         0.474575D-14
  Tolerance                     0.100000D-04


    Step number     6 has completed successfully
    Steps remaining:                          14
    Elapsed time:                     6.0000    
    Time remaining:                   4.0000    
    Time step has been adjusted to:   1.0000    
    Max time step:                    1.0000    
    Min time step:                   0.10000E-02


 Direct Solver has completed LU decomposition 
    Conditioning information: 
      Max diagonal in reduced matrix:    0.9200E-04
      Min diagonal in reduced matrix:    0.5672E-05
      Ratio:                             0.1622E+02
      Maximum no. diagonal digits lost:   1


 Direct Solver has completed LU decomposition 
    Conditioning information: 
      Max diagonal in reduced matrix:    0.3951E+03
      Min diagonal in reduced matrix:    0.1000E+01
      Ratio:                             0.3951E+03
      Maximum no. diagonal digits lost:   2


  Newton Raphson iteration       1
  Correction norm               0.389587D-17
  Generalized Force norm        0.134353D-01
  Out of balance force norm     0.562727D-16
  Ratio                         0.418841D-14
  Tolerance                     0.100000D-04


    Step number     7 has completed successfully
    Steps remaining:                          13
    Elapsed time:                     7.0000    
    Time remaining:                   3.0000    
    Time step has been adjusted to:   1.0000    
    Max time step:                    1.0000    
    Min time step:                   0.10000E-02


 Direct Solver has completed LU decomposition 
    Conditioning information: 
      Max diagonal in reduced matrix:    0.9200E-04
      Min diagonal in reduced matrix:    0.5672E-05
      Ratio:                             0.1622E+02
      Maximum no. diagonal digits lost:   1


 Direct Solver has completed LU decomposition 
    Conditioning information: 
      Max diagonal in reduced matrix:    0.3951E+03
      Min diagonal in reduced matrix:    0.1000E+01
      Ratio:                             0.3951E+03
      Maximum no. diagonal digits lost:   2


  Newton Raphson iteration       1
  Correction norm               0.473111D-17
  Generalized Force norm        0.153547D-01
  Out of balance force norm     0.564879D-16
  Ratio                         0.367887D-14
  Tolerance                     0.100000D-04


    Step number     8 has completed successfully
    Steps remaining:                          12
    Elapsed time:                     8.0000    
    Time remaining:                   2.0000    
    Time step has been adjusted to:   1.0000    
    Max time step:                    1.0000    
    Min time step:                   0.10000E-02


 Direct Solver has completed LU decomposition 
    Conditioning information: 
      Max diagonal in reduced matrix:    0.9200E-04
      Min diagonal in reduced matrix:    0.5672E-05
      Ratio:                             0.1622E+02
      Maximum no. diagonal digits lost:   1


 Direct Solver has completed LU decomposition 
    Conditioning information: 
      Max diagonal in reduced matrix:    0.3951E+03
      Min diagonal in reduced matrix:    0.1000E+01
      Ratio:                             0.3951E+03
      Maximum no. diagonal digits lost:   2


  Newton Raphson iteration       1
  Correction norm               0.451599D-17
  Generalized Force norm        0.172740D-01
  Out of balance force norm     0.567171D-16
  Ratio                         0.328337D-14
  Tolerance                     0.100000D-04


    Step number     9 has completed successfully
    Steps remaining:                          11
    Elapsed time:                     9.0000    
    Time remaining:                   1.0000    
    Time step has been adjusted to:   1.0000    
    Max time step:                    1.0000    
    Min time step:                   0.10000E-02


 Direct Solver has completed LU decomposition 
    Conditioning information: 
      Max diagonal in reduced matrix:    0.9200E-04
      Min diagonal in reduced matrix:    0.5672E-05
      Ratio:                             0.1622E+02
      Maximum no. diagonal digits lost:   1


 Direct Solver has completed LU decomposition 
    Conditioning information: 
      Max diagonal in reduced matrix:    0.3951E+03
      Min diagonal in reduced matrix:    0.1000E+01
      Ratio:                             0.3951E+03
      Maximum no. diagonal digits lost:   2


  Newton Raphson iteration       1
  Correction norm               0.569255D-17
  Generalized Force norm        0.191934D-01
  Out of balance force norm     0.606464D-16
  Ratio                         0.315976D-14
  Tolerance                     0.100000D-04


    Step number    10 has completed successfully
    Steps remaining:                          10
    Elapsed time:                     10.000    
    Time remaining:                   0.0000    
    Time step has been adjusted to:   0.0000    
    Max time step:                    1.0000    
    Min time step:                   0.10000E-02


 Direct Solver has completed LU decomposition 
    Conditioning information: 
      Max diagonal in reduced matrix:    0.9200E-04
      Min diagonal in reduced matrix:    0.5672E-05
      Ratio:                             0.1622E+02
      Maximum no. diagonal digits lost:   1

  Column            1  node            1  DOF            1
 Row    1 node    1 DOF    1 Stiffness     0.18228D+02 Numerical deriv     0.18228D+02
 Row    2 node    1 DOF    2 Stiffness     0.16598D+01 Numerical deriv     0.16598D+01
 Row    3 node    2 DOF    1 Stiffness     0.41358D+00 Numerical deriv     0.41358D+00
 Row    4 node    2 DOF    2 Stiffness     0.54026D+01 Numerical deriv     0.54026D+01
 Row    5 node    3 DOF    1 Stiffness     0.48333D+01 Numerical deriv     0.48333D+01
 Row    6 node    3 DOF    2 Stiffness    -0.70624D+01 Numerical deriv    -0.70624D+01
 Row    7 node    4 DOF    1 Stiffness    -0.13664D+02 Numerical deriv    -0.13664D+02
 Row    8 node    4 DOF    2 Stiffness    -0.16027D+02 Numerical deriv    -0.16027D+02
 Row    9 node    5 DOF    1 Stiffness    -0.15921D+01 Numerical deriv    -0.15921D+01
 Row   10 node    5 DOF    2 Stiffness    -0.66393D+01 Numerical deriv    -0.66393D+01
 Row   11 node    6 DOF    1 Stiffness    -0.82184D+01 Numerical deriv    -0.82184D+01
 Row   12 node    6 DOF    2 Stiffness     0.22666D+02 Numerical deriv     0.22666D+02

  Column            2  node            1  DOF            2
 Row    1 node    1 DOF    1 Stiffness     0.16598D+01 Numerical deriv     0.16598D+01
 Row    2 node    1 DOF    2 Stiffness     0.23196D+02 Numerical deriv     0.23196D+02
 Row    3 node    2 DOF    1 Stiffness    -0.10869D+02 Numerical deriv    -0.10869D+02
 Row    4 node    2 DOF    2 Stiffness     0.15077D+01 Numerical deriv     0.15077D+01
 Row    5 node    3 DOF    1 Stiffness     0.92092D+01 Numerical deriv     0.92092D+01
 Row    6 node    3 DOF    2 Stiffness    -0.12290D+01 Numerical deriv    -0.12290D+01
 Row    7 node    4 DOF    1 Stiffness     0.54868D+01 Numerical deriv     0.54868D+01
 Row    8 node    4 DOF    2 Stiffness     0.11890D+02 Numerical deriv     0.11890D+02
 Row    9 node    5 DOF    1 Stiffness    -0.66393D+01 Numerical deriv    -0.66393D+01
 Row   10 node    5 DOF    2 Stiffness    -0.21465D+02 Numerical deriv    -0.21465D+02
 Row   11 node    6 DOF    1 Stiffness     0.11525D+01 Numerical deriv     0.11525D+01
 Row   12 node    6 DOF    2 Stiffness    -0.13900D+02 Numerical deriv    -0.13900D+02

  Column            3  node            2  DOF            1
 Row    1 node    1 DOF    1 Stiffness     0.41358D+00 Numerical deriv     0.41358D+00
 Row    2 node    1 DOF    2 Stiffness    -0.10869D+02 Numerical deriv    -0.10869D+02
 Row    3 node    2 DOF    1 Stiffness     0.22270D+02 Numerical deriv     0.22270D+02
 Row    4 node    2 DOF    2 Stiffness     0.50128D+00 Numerical deriv     0.50128D+00
 Row    5 node    3 DOF    1 Stiffness     0.19492D+00 Numerical deriv     0.19492D+00
 Row    6 node    3 DOF    2 Stiffness     0.10368D+02 Numerical deriv     0.10368D+02
 Row    7 node    4 DOF    1 Stiffness     0.82955D+01 Numerical deriv     0.82955D+01
 Row    8 node    4 DOF    2 Stiffness     0.23700D+01 Numerical deriv     0.23700D+01
 Row    9 node    5 DOF    1 Stiffness    -0.90595D+01 Numerical deriv    -0.90595D+01
 Row   10 node    5 DOF    2 Stiffness    -0.99794D+00 Numerical deriv    -0.99794D+00
 Row   11 node    6 DOF    1 Stiffness    -0.22115D+02 Numerical deriv    -0.22115D+02
 Row   12 node    6 DOF    2 Stiffness    -0.13721D+01 Numerical deriv    -0.13721D+01

  Column            4  node            2  DOF            2
 Row    1 node    1 DOF    1 Stiffness     0.54026D+01 Numerical deriv     0.54026D+01
 Row    2 node    1 DOF    2 Stiffness     0.15077D+01 Numerical deriv     0.15077D+01
 Row    3 node    2 DOF    1 Stiffness     0.50128D+00 Numerical deriv     0.50128D+00
 Row    4 node    2 DOF    2 Stiffness     0.17166D+02 Numerical deriv     0.17166D+02
 Row    5 node    3 DOF    1 Stiffness    -0.59038D+01 Numerical deriv    -0.59038D+01
 Row    6 node    3 DOF    2 Stiffness     0.42047D+01 Numerical deriv     0.42047D+01
 Row    7 node    4 DOF    1 Stiffness    -0.20656D+02 Numerical deriv    -0.20656D+02
 Row    8 node    4 DOF    2 Stiffness    -0.98919D+01 Numerical deriv    -0.98919D+01
 Row    9 node    5 DOF    1 Stiffness     0.22864D+02 Numerical deriv     0.22864D+02
 Row   10 node    5 DOF    2 Stiffness    -0.13436D+02 Numerical deriv    -0.13436D+02
 Row   11 node    6 DOF    1 Stiffness    -0.22082D+01 Numerical deriv    -0.22082D+01
 Row   12 node    6 DOF    2 Stiffness     0.44933D+00 Numerical deriv     0.44933D+00

  Column            5  node            3  DOF            1
 Row    1 node    1 DOF    1 Stiffness     0.48333D+01 Numerical deriv     0.48333D+01
 Row    2 node    1 DOF    2 Stiffness     0.92092D+01 Numerical deriv     0.92092D+01
 Row    3 node    2 DOF    1 Stiffness     0.19492D+00 Numerical deriv     0.19492D+00
 Row    4 node    2 DOF    2 Stiffness    -0.59038D+01 Numerical deriv    -0.59038D+01
 Row    5 node    3 DOF    1 Stiffness     0.24524D+02 Numerical deriv     0.24524D+02
 Row    6 node    3 DOF    2 Stiffness    -0.33054D+01 Numerical deriv    -0.33054D+01
 Row    7 node    4 DOF    1 Stiffness    -0.10427D+02 Numerical deriv    -0.10427D+02
 Row    8 node    4 DOF    2 Stiffness     0.13657D+02 Numerical deriv     0.13657D+02
 Row    9 node    5 DOF    1 Stiffness    -0.19865D+02 Numerical deriv    -0.19865D+02
 Row   10 node    5 DOF    2 Stiffness     0.76372D+01 Numerical deriv     0.76372D+01
 Row   11 node    6 DOF    1 Stiffness     0.73978D+00 Numerical deriv     0.73978D+00
 Row   12 node    6 DOF    2 Stiffness    -0.21294D+02 Numerical deriv    -0.21294D+02

  Column            6  node            3  DOF            2
 Row    1 node    1 DOF    1 Stiffness    -0.70624D+01 Numerical deriv    -0.70624D+01
 Row    2 node    1 DOF    2 Stiffness    -0.12290D+01 Numerical deriv    -0.12290D+01
 Row    3 node    2 DOF    1 Stiffness     0.10368D+02 Numerical deriv     0.10368D+02
 Row    4 node    2 DOF    2 Stiffness     0.42047D+01 Numerical deriv     0.42047D+01
 Row    5 node    3 DOF    1 Stiffness    -0.33054D+01 Numerical deriv    -0.33054D+01
 Row    6 node    3 DOF    2 Stiffness     0.26577D+02 Numerical deriv     0.26577D+02
 Row    7 node    4 DOF    1 Stiffness     0.15169D+02 Numerical deriv     0.15169D+02
 Row    8 node    4 DOF    2 Stiffness    -0.17794D+02 Numerical deriv    -0.17794D+02
 Row    9 node    5 DOF    1 Stiffness    -0.16225D+02 Numerical deriv    -0.16225D+02
 Row   10 node    5 DOF    2 Stiffness     0.43841D+01 Numerical deriv     0.43841D+01
 Row   11 node    6 DOF    1 Stiffness     0.10556D+01 Numerical deriv     0.10556D+01
 Row   12 node    6 DOF    2 Stiffness    -0.16143D+02 Numerical deriv    -0.16143D+02

  Column            7  node            4  DOF            1
 Row    1 node    1 DOF    1 Stiffness    -0.13664D+02 Numerical deriv    -0.13664D+02
 Row    2 node    1 DOF    2 Stiffness     0.54868D+01 Numerical deriv     0.54868D+01
 Row    3 node    2 DOF    1 Stiffness     0.82955D+01 Numerical deriv     0.82955D+01
 Row    4 node    2 DOF    2 Stiffness    -0.20656D+02 Numerical deriv    -0.20656D+02
 Row    5 node    3 DOF    1 Stiffness    -0.10427D+02 Numerical deriv    -0.10427D+02
 Row    6 node    3 DOF    2 Stiffness     0.15169D+02 Numerical deriv     0.15169D+02
 Row    7 node    4 DOF    1 Stiffness     0.13157D+03 Numerical deriv     0.13157D+03
 Row    8 node    4 DOF    2 Stiffness    -0.62673D+02 Numerical deriv    -0.62673D+02
 Row    9 node    5 DOF    1 Stiffness    -0.12540D+02 Numerical deriv    -0.12540D+02
 Row   10 node    5 DOF    2 Stiffness     0.67001D+02 Numerical deriv     0.67001D+02
 Row   11 node    6 DOF    1 Stiffness    -0.10324D+03 Numerical deriv    -0.10324D+03
 Row   12 node    6 DOF    2 Stiffness    -0.43285D+01 Numerical deriv    -0.43285D+01

  Column            8  node            4  DOF            2
 Row    1 node    1 DOF    1 Stiffness    -0.16027D+02 Numerical deriv    -0.16027D+02
 Row    2 node    1 DOF    2 Stiffness     0.11890D+02 Numerical deriv     0.11890D+02
 Row    3 node    2 DOF    1 Stiffness     0.23700D+01 Numerical deriv     0.23700D+01
 Row    4 node    2 DOF    2 Stiffness    -0.98919D+01 Numerical deriv    -0.98919D+01
 Row    5 node    3 DOF    1 Stiffness     0.13657D+02 Numerical deriv     0.13657D+02
 Row    6 node    3 DOF    2 Stiffness    -0.17794D+02 Numerical deriv    -0.17794D+02
 Row    7 node    4 DOF    1 Stiffness    -0.62673D+02 Numerical deriv    -0.62673D+02
 Row    8 node    4 DOF    2 Stiffness     0.15690D+03 Numerical deriv     0.15690D+03
 Row    9 node    5 DOF    1 Stiffness    -0.24841D+02 Numerical deriv    -0.24841D+02
 Row   10 node    5 DOF    2 Stiffness    -0.11476D+03 Numerical deriv    -0.11476D+03
 Row   11 node    6 DOF    1 Stiffness     0.87514D+02 Numerical deriv     0.87514D+02
 Row   12 node    6 DOF    2 Stiffness    -0.26344D+02 Numerical deriv    -0.26344D+02

  Column            9  node            5  DOF            1
 Row    1 node    1 DOF    1 Stiffness    -0.15921D+01 Numerical deriv    -0.15921D+01
 Row    2 node    1 DOF    2 Stiffness    -0.66393D+01 Numerical deriv    -0.66393D+01
 Row    3 node    2 DOF    1 Stiffness    -0.90595D+01 Numerical deriv    -0.90595D+01
 Row    4 node    2 DOF    2 Stiffness     0.22864D+02 Numerical deriv     0.22864D+02
 Row    5 node    3 DOF    1 Stiffness    -0.19865D+02 Numerical deriv    -0.19865D+02
 Row    6 node    3 DOF    2 Stiffness    -0.16225D+02 Numerical deriv    -0.16225D+02
 Row    7 node    4 DOF    1 Stiffness    -0.12540D+02 Numerical deriv    -0.12540D+02
 Row    8 node    4 DOF    2 Stiffness    -0.24841D+02 Numerical deriv    -0.24841D+02
 Row    9 node    5 DOF    1 Stiffness     0.89897D+02 Numerical deriv     0.89897D+02
 Row   10 node    5 DOF    2 Stiffness     0.26557D+02 Numerical deriv     0.26557D+02
 Row   11 node    6 DOF    1 Stiffness    -0.46840D+02 Numerical deriv    -0.46840D+02
 Row   12 node    6 DOF    2 Stiffness    -0.17157D+01 Numerical deriv    -0.17157D+01

  Column           10  node            5  DOF            2
 Row    1 node    1 DOF    1 Stiffness    -0.66393D+01 Numerical deriv    -0.66393D+01
 Row    2 node    1 DOF    2 Stiffness    -0.21465D+02 Numerical deriv    -0.21465D+02
 Row    3 node    2 DOF    1 Stiffness    -0.99794D+00 Numerical deriv    -0.99794D+00
 Row    4 node    2 DOF    2 Stiffness    -0.13436D+02 Numerical deriv    -0.13436D+02
 Row    5 node    3 DOF    1 Stiffness     0.76372D+01 Numerical deriv     0.76372D+01
 Row    6 node    3 DOF    2 Stiffness     0.43841D+01 Numerical deriv     0.43841D+01
 Row    7 node    4 DOF    1 Stiffness     0.67001D+02 Numerical deriv     0.67001D+02
 Row    8 node    4 DOF    2 Stiffness    -0.11476D+03 Numerical deriv    -0.11476D+03
 Row    9 node    5 DOF    1 Stiffness     0.26557D+02 Numerical deriv     0.26557D+02
 Row   10 node    5 DOF    2 Stiffness     0.16939D+03 Numerical deriv     0.16939D+03
 Row   11 node    6 DOF    1 Stiffness    -0.93558D+02 Numerical deriv    -0.93558D+02
 Row   12 node    6 DOF    2 Stiffness    -0.24116D+02 Numerical deriv    -0.24116D+02

  Column           11  node            6  DOF            1
 Row    1 node    1 DOF    1 Stiffness    -0.82184D+01 Numerical deriv    -0.82184D+01
 Row    2 node    1 DOF    2 Stiffness     0.11525D+01 Numerical deriv     0.11525D+01
 Row    3 node    2 DOF    1 Stiffness    -0.22115D+02 Numerical deriv    -0.22115D+02
 Row    4 node    2 DOF    2 Stiffness    -0.22082D+01 Numerical deriv    -0.22082D+01
 Row    5 node    3 DOF    1 Stiffness     0.73978D+00 Numerical deriv     0.73978D+00
 Row    6 node    3 DOF    2 Stiffness     0.10556D+01 Numerical deriv     0.10556D+01
 Row    7 node    4 DOF    1 Stiffness    -0.10324D+03 Numerical deriv    -0.10324D+03
 Row    8 node    4 DOF    2 Stiffness     0.87514D+02 Numerical deriv     0.87514D+02
 Row    9 node    5 DOF    1 Stiffness    -0.46840D+02 Numerical deriv    -0.46840D+02
 Row   10 node    5 DOF    2 Stiffness    -0.93558D+02 Numerical deriv    -0.93558D+02
 Row   11 node    6 DOF    1 Stiffness     0.17967D+03 Numerical deriv     0.17967D+03
 Row   12 node    6 DOF    2 Stiffness     0.60441D+01 Numerical deriv     0.60441D+01

  Column           12  node            6  DOF            2
 Row    1 node    1 DOF    1 Stiffness     0.22666D+02 Numerical deriv     0.22666D+02
 Row    2 node    1 DOF    2 Stiffness    -0.13900D+02 Numerical deriv    -0.13900D+02
 Row    3 node    2 DOF    1 Stiffness    -0.13721D+01 Numerical deriv    -0.13721D+01
 Row    4 node    2 DOF    2 Stiffness     0.44933D+00 Numerical deriv     0.44933D+00
 Row    5 node    3 DOF    1 Stiffness    -0.21294D+02 Numerical deriv    -0.21294D+02
 Row    6 node    3 DOF    2 Stiffness    -0.16143D+02 Numerical deriv    -0.16143D+02
 Row    7 node    4 DOF    1 Stiffness    -0.43285D+01 Numerical deriv    -0.43285D+01
 Row    8 node    4 DOF    2 Stiffness    -0.26344D+02 Numerical deriv    -0.26344D+02
 Row    9 node    5 DOF    1 Stiffness    -0.17157D+01 Numerical deriv    -0.17157D+01
 Row   10 node    5 DOF    2 Stiffness    -0.24116D+02 Numerical deriv    -0.24116D+02
 Row   11 node    6 DOF    1 Stiffness     0.60441D+01 Numerical deriv     0.60441D+01
 Row   12 node    6 DOF    2 Stiffness     0.80053D+02 Numerical deriv     0.80053D+02


 Stiffness matrix is consistent with residual 


