

 The input file has been read successfully 
 Number of elements:                1
 Number of nodes:                   8
 Number of constraints:             0
 Total no. degrees of freedom:     16

  Column            1  node            1  DOF            1
 Row    1 node    1 DOF    1 Stiffness     0.96746D+04 Numerical deriv     0.96746D+04
 Row    2 node    1 DOF    2 Stiffness     0.78756D+04 Numerical deriv     0.78756D+04
 Row    3 node    2 DOF    1 Stiffness     0.52053D+04 Numerical deriv     0.52053D+04
 Row    4 node    2 DOF    2 Stiffness    -0.13843D+04 Numerical deriv    -0.13843D+04
 Row    5 node    3 DOF    1 Stiffness     0.42791D+04 Numerical deriv     0.42791D+04
 Row    6 node    3 DOF    2 Stiffness     0.32429D+04 Numerical deriv     0.32429D+04
 Row    7 node    4 DOF    1 Stiffness     0.31669D+04 Numerical deriv     0.31669D+04
 Row    8 node    4 DOF    2 Stiffness     0.13843D+04 Numerical deriv     0.13843D+04
 Row    9 node    5 DOF    1 Stiffness    -0.14852D+05 Numerical deriv    -0.14852D+05
 Row   10 node    5 DOF    2 Stiffness     0.18309D+04 Numerical deriv     0.18309D+04
 Row   11 node    6 DOF    1 Stiffness    -0.11289D+04 Numerical deriv    -0.11289D+04
 Row   12 node    6 DOF    2 Stiffness    -0.18531D+04 Numerical deriv    -0.18531D+04
 Row   13 node    7 DOF    1 Stiffness    -0.74294D+04 Numerical deriv    -0.74294D+04
 Row   14 node    7 DOF    2 Stiffness    -0.18531D+04 Numerical deriv    -0.18531D+04
 Row   15 node    8 DOF    1 Stiffness     0.10844D+04 Numerical deriv     0.10844D+04
 Row   16 node    8 DOF    2 Stiffness    -0.92432D+04 Numerical deriv    -0.92432D+04

  Column            2  node            1  DOF            2
 Row    1 node    1 DOF    1 Stiffness     0.78756D+04 Numerical deriv     0.78756D+04
 Row    2 node    1 DOF    2 Stiffness     0.96746D+04 Numerical deriv     0.96746D+04
 Row    3 node    2 DOF    1 Stiffness     0.13843D+04 Numerical deriv     0.13843D+04
 Row    4 node    2 DOF    2 Stiffness     0.31669D+04 Numerical deriv     0.31669D+04
 Row    5 node    3 DOF    1 Stiffness     0.32429D+04 Numerical deriv     0.32429D+04
 Row    6 node    3 DOF    2 Stiffness     0.42791D+04 Numerical deriv     0.42791D+04
 Row    7 node    4 DOF    1 Stiffness    -0.13843D+04 Numerical deriv    -0.13843D+04
 Row    8 node    4 DOF    2 Stiffness     0.52053D+04 Numerical deriv     0.52053D+04
 Row    9 node    5 DOF    1 Stiffness    -0.92432D+04 Numerical deriv    -0.92432D+04
 Row   10 node    5 DOF    2 Stiffness     0.10844D+04 Numerical deriv     0.10844D+04
 Row   11 node    6 DOF    1 Stiffness    -0.18531D+04 Numerical deriv    -0.18531D+04
 Row   12 node    6 DOF    2 Stiffness    -0.74294D+04 Numerical deriv    -0.74294D+04
 Row   13 node    7 DOF    1 Stiffness    -0.18531D+04 Numerical deriv    -0.18531D+04
 Row   14 node    7 DOF    2 Stiffness    -0.11289D+04 Numerical deriv    -0.11289D+04
 Row   15 node    8 DOF    1 Stiffness     0.18309D+04 Numerical deriv     0.18309D+04
 Row   16 node    8 DOF    2 Stiffness    -0.14852D+05 Numerical deriv    -0.14852D+05

  Column            3  node            2  DOF            1
 Row    1 node    1 DOF    1 Stiffness     0.52053D+04 Numerical deriv     0.52053D+04
 Row    2 node    1 DOF    2 Stiffness     0.13843D+04 Numerical deriv     0.13843D+04
 Row    3 node    2 DOF    1 Stiffness     0.96746D+04 Numerical deriv     0.96746D+04
 Row    4 node    2 DOF    2 Stiffness    -0.78756D+04 Numerical deriv    -0.78756D+04
 Row    5 node    3 DOF    1 Stiffness     0.31669D+04 Numerical deriv     0.31669D+04
 Row    6 node    3 DOF    2 Stiffness    -0.13843D+04 Numerical deriv    -0.13843D+04
 Row    7 node    4 DOF    1 Stiffness     0.42791D+04 Numerical deriv     0.42791D+04
 Row    8 node    4 DOF    2 Stiffness    -0.32429D+04 Numerical deriv    -0.32429D+04
 Row    9 node    5 DOF    1 Stiffness    -0.14852D+05 Numerical deriv    -0.14852D+05
 Row   10 node    5 DOF    2 Stiffness    -0.18309D+04 Numerical deriv    -0.18309D+04
 Row   11 node    6 DOF    1 Stiffness     0.10844D+04 Numerical deriv     0.10844D+04
 Row   12 node    6 DOF    2 Stiffness     0.92432D+04 Numerical deriv     0.92432D+04
 Row   13 node    7 DOF    1 Stiffness    -0.74294D+04 Numerical deriv    -0.74294D+04
 Row   14 node    7 DOF    2 Stiffness     0.18531D+04 Numerical deriv     0.18531D+04
 Row   15 node    8 DOF    1 Stiffness    -0.11289D+04 Numerical deriv    -0.11289D+04
 Row   16 node    8 DOF    2 Stiffness     0.18531D+04 Numerical deriv     0.18531D+04

  Column            4  node            2  DOF            2
 Row    1 node    1 DOF    1 Stiffness    -0.13843D+04 Numerical deriv    -0.13843D+04
 Row    2 node    1 DOF    2 Stiffness     0.31669D+04 Numerical deriv     0.31669D+04
 Row    3 node    2 DOF    1 Stiffness    -0.78756D+04 Numerical deriv    -0.78756D+04
 Row    4 node    2 DOF    2 Stiffness     0.96746D+04 Numerical deriv     0.96746D+04
 Row    5 node    3 DOF    1 Stiffness     0.13843D+04 Numerical deriv     0.13843D+04
 Row    6 node    3 DOF    2 Stiffness     0.52053D+04 Numerical deriv     0.52053D+04
 Row    7 node    4 DOF    1 Stiffness    -0.32429D+04 Numerical deriv    -0.32429D+04
 Row    8 node    4 DOF    2 Stiffness     0.42791D+04 Numerical deriv     0.42791D+04
 Row    9 node    5 DOF    1 Stiffness     0.92432D+04 Numerical deriv     0.92432D+04
 Row   10 node    5 DOF    2 Stiffness     0.10844D+04 Numerical deriv     0.10844D+04
 Row   11 node    6 DOF    1 Stiffness    -0.18309D+04 Numerical deriv    -0.18309D+04
 Row   12 node    6 DOF    2 Stiffness    -0.14852D+05 Numerical deriv    -0.14852D+05
 Row   13 node    7 DOF    1 Stiffness     0.18531D+04 Numerical deriv     0.18531D+04
 Row   14 node    7 DOF    2 Stiffness    -0.11289D+04 Numerical deriv    -0.11289D+04
 Row   15 node    8 DOF    1 Stiffness     0.18531D+04 Numerical deriv     0.18531D+04
 Row   16 node    8 DOF    2 Stiffness    -0.74294D+04 Numerical deriv    -0.74294D+04

  Column            5  node            3  DOF            1
 Row    1 node    1 DOF    1 Stiffness     0.42791D+04 Numerical deriv     0.42791D+04
 Row    2 node    1 DOF    2 Stiffness     0.32429D+04 Numerical deriv     0.32429D+04
 Row    3 node    2 DOF    1 Stiffness     0.31669D+04 Numerical deriv     0.31669D+04
 Row    4 node    2 DOF    2 Stiffness     0.13843D+04 Numerical deriv     0.13843D+04
 Row    5 node    3 DOF    1 Stiffness     0.96746D+04 Numerical deriv     0.96746D+04
 Row    6 node    3 DOF    2 Stiffness     0.78756D+04 Numerical deriv     0.78756D+04
 Row    7 node    4 DOF    1 Stiffness     0.52053D+04 Numerical deriv     0.52053D+04
 Row    8 node    4 DOF    2 Stiffness    -0.13843D+04 Numerical deriv    -0.13843D+04
 Row    9 node    5 DOF    1 Stiffness    -0.74294D+04 Numerical deriv    -0.74294D+04
 Row   10 node    5 DOF    2 Stiffness    -0.18531D+04 Numerical deriv    -0.18531D+04
 Row   11 node    6 DOF    1 Stiffness     0.10844D+04 Numerical deriv     0.10844D+04
 Row   12 node    6 DOF    2 Stiffness    -0.92432D+04 Numerical deriv    -0.92432D+04
 Row   13 node    7 DOF    1 Stiffness    -0.14852D+05 Numerical deriv    -0.14852D+05
 Row   14 node    7 DOF    2 Stiffness     0.18309D+04 Numerical deriv     0.18309D+04
 Row   15 node    8 DOF    1 Stiffness    -0.11289D+04 Numerical deriv    -0.11289D+04
 Row   16 node    8 DOF    2 Stiffness    -0.18531D+04 Numerical deriv    -0.18531D+04

  Column            6  node            3  DOF            2
 Row    1 node    1 DOF    1 Stiffness     0.32429D+04 Numerical deriv     0.32429D+04
 Row    2 node    1 DOF    2 Stiffness     0.42791D+04 Numerical deriv     0.42791D+04
 Row    3 node    2 DOF    1 Stiffness    -0.13843D+04 Numerical deriv    -0.13843D+04
 Row    4 node    2 DOF    2 Stiffness     0.52053D+04 Numerical deriv     0.52053D+04
 Row    5 node    3 DOF    1 Stiffness     0.78756D+04 Numerical deriv     0.78756D+04
 Row    6 node    3 DOF    2 Stiffness     0.96746D+04 Numerical deriv     0.96746D+04
 Row    7 node    4 DOF    1 Stiffness     0.13843D+04 Numerical deriv     0.13843D+04
 Row    8 node    4 DOF    2 Stiffness     0.31669D+04 Numerical deriv     0.31669D+04
 Row    9 node    5 DOF    1 Stiffness    -0.18531D+04 Numerical deriv    -0.18531D+04
 Row   10 node    5 DOF    2 Stiffness    -0.11289D+04 Numerical deriv    -0.11289D+04
 Row   11 node    6 DOF    1 Stiffness     0.18309D+04 Numerical deriv     0.18309D+04
 Row   12 node    6 DOF    2 Stiffness    -0.14852D+05 Numerical deriv    -0.14852D+05
 Row   13 node    7 DOF    1 Stiffness    -0.92432D+04 Numerical deriv    -0.92432D+04
 Row   14 node    7 DOF    2 Stiffness     0.10844D+04 Numerical deriv     0.10844D+04
 Row   15 node    8 DOF    1 Stiffness    -0.18531D+04 Numerical deriv    -0.18531D+04
 Row   16 node    8 DOF    2 Stiffness    -0.74294D+04 Numerical deriv    -0.74294D+04

  Column            7  node            4  DOF            1
 Row    1 node    1 DOF    1 Stiffness     0.31669D+04 Numerical deriv     0.31669D+04
 Row    2 node    1 DOF    2 Stiffness    -0.13843D+04 Numerical deriv    -0.13843D+04
 Row    3 node    2 DOF    1 Stiffness     0.42791D+04 Numerical deriv     0.42791D+04
 Row    4 node    2 DOF    2 Stiffness    -0.32429D+04 Numerical deriv    -0.32429D+04
 Row    5 node    3 DOF    1 Stiffness     0.52053D+04 Numerical deriv     0.52053D+04
 Row    6 node    3 DOF    2 Stiffness     0.13843D+04 Numerical deriv     0.13843D+04
 Row    7 node    4 DOF    1 Stiffness     0.96746D+04 Numerical deriv     0.96746D+04
 Row    8 node    4 DOF    2 Stiffness    -0.78756D+04 Numerical deriv    -0.78756D+04
 Row    9 node    5 DOF    1 Stiffness    -0.74294D+04 Numerical deriv    -0.74294D+04
 Row   10 node    5 DOF    2 Stiffness     0.18531D+04 Numerical deriv     0.18531D+04
 Row   11 node    6 DOF    1 Stiffness    -0.11289D+04 Numerical deriv    -0.11289D+04
 Row   12 node    6 DOF    2 Stiffness     0.18531D+04 Numerical deriv     0.18531D+04
 Row   13 node    7 DOF    1 Stiffness    -0.14852D+05 Numerical deriv    -0.14852D+05
 Row   14 node    7 DOF    2 Stiffness    -0.18309D+04 Numerical deriv    -0.18309D+04
 Row   15 node    8 DOF    1 Stiffness     0.10844D+04 Numerical deriv     0.10844D+04
 Row   16 node    8 DOF    2 Stiffness     0.92432D+04 Numerical deriv     0.92432D+04

  Column            8  node            4  DOF            2
 Row    1 node    1 DOF    1 Stiffness     0.13843D+04 Numerical deriv     0.13843D+04
 Row    2 node    1 DOF    2 Stiffness     0.52053D+04 Numerical deriv     0.52053D+04
 Row    3 node    2 DOF    1 Stiffness    -0.32429D+04 Numerical deriv    -0.32429D+04
 Row    4 node    2 DOF    2 Stiffness     0.42791D+04 Numerical deriv     0.42791D+04
 Row    5 node    3 DOF    1 Stiffness    -0.13843D+04 Numerical deriv    -0.13843D+04
 Row    6 node    3 DOF    2 Stiffness     0.31669D+04 Numerical deriv     0.31669D+04
 Row    7 node    4 DOF    1 Stiffness    -0.78756D+04 Numerical deriv    -0.78756D+04
 Row    8 node    4 DOF    2 Stiffness     0.96746D+04 Numerical deriv     0.96746D+04
 Row    9 node    5 DOF    1 Stiffness     0.18531D+04 Numerical deriv     0.18531D+04
 Row   10 node    5 DOF    2 Stiffness    -0.11289D+04 Numerical deriv    -0.11289D+04
 Row   11 node    6 DOF    1 Stiffness     0.18531D+04 Numerical deriv     0.18531D+04
 Row   12 node    6 DOF    2 Stiffness    -0.74294D+04 Numerical deriv    -0.74294D+04
 Row   13 node    7 DOF    1 Stiffness     0.92432D+04 Numerical deriv     0.92432D+04
 Row   14 node    7 DOF    2 Stiffness     0.10844D+04 Numerical deriv     0.10844D+04
 Row   15 node    8 DOF    1 Stiffness    -0.18309D+04 Numerical deriv    -0.18309D+04
 Row   16 node    8 DOF    2 Stiffness    -0.14852D+05 Numerical deriv    -0.14852D+05

  Column            9  node            5  DOF            1
 Row    1 node    1 DOF    1 Stiffness    -0.14852D+05 Numerical deriv    -0.14852D+05
 Row    2 node    1 DOF    2 Stiffness    -0.92432D+04 Numerical deriv    -0.92432D+04
 Row    3 node    2 DOF    1 Stiffness    -0.14852D+05 Numerical deriv    -0.14852D+05
 Row    4 node    2 DOF    2 Stiffness     0.92432D+04 Numerical deriv     0.92432D+04
 Row    5 node    3 DOF    1 Stiffness    -0.74294D+04 Numerical deriv    -0.74294D+04
 Row    6 node    3 DOF    2 Stiffness    -0.18531D+04 Numerical deriv    -0.18531D+04
 Row    7 node    4 DOF    1 Stiffness    -0.74294D+04 Numerical deriv    -0.74294D+04
 Row    8 node    4 DOF    2 Stiffness     0.18531D+04 Numerical deriv     0.18531D+04
 Row    9 node    5 DOF    1 Stiffness     0.29726D+05 Numerical deriv     0.29726D+05
 Row   10 node    5 DOF    2 Stiffness    -0.13508D-11 Numerical deriv    -0.14214D-11
 Row   11 node    6 DOF    1 Stiffness     0.12772D-12 Numerical deriv     0.54129D-12
 Row   12 node    6 DOF    2 Stiffness    -0.74123D+04 Numerical deriv    -0.74123D+04
 Row   13 node    7 DOF    1 Stiffness     0.14837D+05 Numerical deriv     0.14837D+05
 Row   14 node    7 DOF    2 Stiffness    -0.61352D-12 Numerical deriv    -0.41458D-12
 Row   15 node    8 DOF    1 Stiffness    -0.56918D-12 Numerical deriv    -0.13736D-12
 Row   16 node    8 DOF    2 Stiffness     0.74123D+04 Numerical deriv     0.74123D+04

  Column           10  node            5  DOF            2
 Row    1 node    1 DOF    1 Stiffness     0.18309D+04 Numerical deriv     0.18309D+04
 Row    2 node    1 DOF    2 Stiffness     0.10844D+04 Numerical deriv     0.10844D+04
 Row    3 node    2 DOF    1 Stiffness    -0.18309D+04 Numerical deriv    -0.18309D+04
 Row    4 node    2 DOF    2 Stiffness     0.10844D+04 Numerical deriv     0.10844D+04
 Row    5 node    3 DOF    1 Stiffness    -0.18531D+04 Numerical deriv    -0.18531D+04
 Row    6 node    3 DOF    2 Stiffness    -0.11289D+04 Numerical deriv    -0.11289D+04
 Row    7 node    4 DOF    1 Stiffness     0.18531D+04 Numerical deriv     0.18531D+04
 Row    8 node    4 DOF    2 Stiffness    -0.11289D+04 Numerical deriv    -0.11289D+04
 Row    9 node    5 DOF    1 Stiffness    -0.13508D-11 Numerical deriv    -0.13875D-11
 Row   10 node    5 DOF    2 Stiffness     0.89719D+04 Numerical deriv     0.89719D+04
 Row   11 node    6 DOF    1 Stiffness    -0.74123D+04 Numerical deriv    -0.74123D+04
 Row   12 node    6 DOF    2 Stiffness     0.13433D-11 Numerical deriv     0.10626D-11
 Row   13 node    7 DOF    1 Stiffness     0.31752D-12 Numerical deriv     0.32955D-13
 Row   14 node    7 DOF    2 Stiffness    -0.88830D+04 Numerical deriv    -0.88830D+04
 Row   15 node    8 DOF    1 Stiffness     0.74123D+04 Numerical deriv     0.74123D+04
 Row   16 node    8 DOF    2 Stiffness    -0.89515D-12 Numerical deriv    -0.93253D-12

  Column           11  node            6  DOF            1
 Row    1 node    1 DOF    1 Stiffness    -0.11289D+04 Numerical deriv    -0.11289D+04
 Row    2 node    1 DOF    2 Stiffness    -0.18531D+04 Numerical deriv    -0.18531D+04
 Row    3 node    2 DOF    1 Stiffness     0.10844D+04 Numerical deriv     0.10844D+04
 Row    4 node    2 DOF    2 Stiffness    -0.18309D+04 Numerical deriv    -0.18309D+04
 Row    5 node    3 DOF    1 Stiffness     0.10844D+04 Numerical deriv     0.10844D+04
 Row    6 node    3 DOF    2 Stiffness     0.18309D+04 Numerical deriv     0.18309D+04
 Row    7 node    4 DOF    1 Stiffness    -0.11289D+04 Numerical deriv    -0.11289D+04
 Row    8 node    4 DOF    2 Stiffness     0.18531D+04 Numerical deriv     0.18531D+04
 Row    9 node    5 DOF    1 Stiffness     0.92634D-13 Numerical deriv     0.52038D-12
 Row   10 node    5 DOF    2 Stiffness    -0.74123D+04 Numerical deriv    -0.74123D+04
 Row   11 node    6 DOF    1 Stiffness     0.89719D+04 Numerical deriv     0.89719D+04
 Row   12 node    6 DOF    2 Stiffness     0.15590D-11 Numerical deriv     0.89375D-12
 Row   13 node    7 DOF    1 Stiffness     0.14428D-11 Numerical deriv     0.16577D-11
 Row   14 node    7 DOF    2 Stiffness     0.74123D+04 Numerical deriv     0.74123D+04
 Row   15 node    8 DOF    1 Stiffness    -0.88830D+04 Numerical deriv    -0.88830D+04
 Row   16 node    8 DOF    2 Stiffness     0.45457D-12 Numerical deriv     0.63511D-13

  Column           12  node            6  DOF            2
 Row    1 node    1 DOF    1 Stiffness    -0.18531D+04 Numerical deriv    -0.18531D+04
 Row    2 node    1 DOF    2 Stiffness    -0.74294D+04 Numerical deriv    -0.74294D+04
 Row    3 node    2 DOF    1 Stiffness     0.92432D+04 Numerical deriv     0.92432D+04
 Row    4 node    2 DOF    2 Stiffness    -0.14852D+05 Numerical deriv    -0.14852D+05
 Row    5 node    3 DOF    1 Stiffness    -0.92432D+04 Numerical deriv    -0.92432D+04
 Row    6 node    3 DOF    2 Stiffness    -0.14852D+05 Numerical deriv    -0.14852D+05
 Row    7 node    4 DOF    1 Stiffness     0.18531D+04 Numerical deriv     0.18531D+04
 Row    8 node    4 DOF    2 Stiffness    -0.74294D+04 Numerical deriv    -0.74294D+04
 Row    9 node    5 DOF    1 Stiffness    -0.74123D+04 Numerical deriv    -0.74123D+04
 Row   10 node    5 DOF    2 Stiffness     0.43376D-12 Numerical deriv     0.68782D-12
 Row   11 node    6 DOF    1 Stiffness     0.15590D-11 Numerical deriv     0.10610D-11
 Row   12 node    6 DOF    2 Stiffness     0.29726D+05 Numerical deriv     0.29726D+05
 Row   13 node    7 DOF    1 Stiffness     0.74123D+04 Numerical deriv     0.74123D+04
 Row   14 node    7 DOF    2 Stiffness    -0.11369D-11 Numerical deriv    -0.74830D-12
 Row   15 node    8 DOF    1 Stiffness     0.59830D-12 Numerical deriv     0.63872D-12
 Row   16 node    8 DOF    2 Stiffness     0.14837D+05 Numerical deriv     0.14837D+05

  Column           13  node            7  DOF            1
 Row    1 node    1 DOF    1 Stiffness    -0.74294D+04 Numerical deriv    -0.74294D+04
 Row    2 node    1 DOF    2 Stiffness    -0.18531D+04 Numerical deriv    -0.18531D+04
 Row    3 node    2 DOF    1 Stiffness    -0.74294D+04 Numerical deriv    -0.74294D+04
 Row    4 node    2 DOF    2 Stiffness     0.18531D+04 Numerical deriv     0.18531D+04
 Row    5 node    3 DOF    1 Stiffness    -0.14852D+05 Numerical deriv    -0.14852D+05
 Row    6 node    3 DOF    2 Stiffness    -0.92432D+04 Numerical deriv    -0.92432D+04
 Row    7 node    4 DOF    1 Stiffness    -0.14852D+05 Numerical deriv    -0.14852D+05
 Row    8 node    4 DOF    2 Stiffness     0.92432D+04 Numerical deriv     0.92432D+04
 Row    9 node    5 DOF    1 Stiffness     0.14837D+05 Numerical deriv     0.14837D+05
 Row   10 node    5 DOF    2 Stiffness    -0.13722D-12 Numerical deriv     0.20024D-12
 Row   11 node    6 DOF    1 Stiffness     0.14428D-11 Numerical deriv     0.13866D-11
 Row   12 node    6 DOF    2 Stiffness     0.74123D+04 Numerical deriv     0.74123D+04
 Row   13 node    7 DOF    1 Stiffness     0.29726D+05 Numerical deriv     0.29726D+05
 Row   14 node    7 DOF    2 Stiffness    -0.14755D-11 Numerical deriv    -0.16160D-11
 Row   15 node    8 DOF    1 Stiffness    -0.13319D-11 Numerical deriv    -0.13132D-11
 Row   16 node    8 DOF    2 Stiffness    -0.74123D+04 Numerical deriv    -0.74123D+04

  Column           14  node            7  DOF            2
 Row    1 node    1 DOF    1 Stiffness    -0.18531D+04 Numerical deriv    -0.18531D+04
 Row    2 node    1 DOF    2 Stiffness    -0.11289D+04 Numerical deriv    -0.11289D+04
 Row    3 node    2 DOF    1 Stiffness     0.18531D+04 Numerical deriv     0.18531D+04
 Row    4 node    2 DOF    2 Stiffness    -0.11289D+04 Numerical deriv    -0.11289D+04
 Row    5 node    3 DOF    1 Stiffness     0.18309D+04 Numerical deriv     0.18309D+04
 Row    6 node    3 DOF    2 Stiffness     0.10844D+04 Numerical deriv     0.10844D+04
 Row    7 node    4 DOF    1 Stiffness    -0.18309D+04 Numerical deriv    -0.18309D+04
 Row    8 node    4 DOF    2 Stiffness     0.10844D+04 Numerical deriv     0.10844D+04
 Row    9 node    5 DOF    1 Stiffness    -0.61352D-12 Numerical deriv    -0.74044D-12
 Row   10 node    5 DOF    2 Stiffness    -0.88830D+04 Numerical deriv    -0.88830D+04
 Row   11 node    6 DOF    1 Stiffness     0.74123D+04 Numerical deriv     0.74123D+04
 Row   12 node    6 DOF    2 Stiffness    -0.11369D-11 Numerical deriv    -0.91559D-12
 Row   13 node    7 DOF    1 Stiffness    -0.14755D-11 Numerical deriv    -0.13449D-11
 Row   14 node    7 DOF    2 Stiffness     0.89719D+04 Numerical deriv     0.89719D+04
 Row   15 node    8 DOF    1 Stiffness    -0.74123D+04 Numerical deriv    -0.74123D+04
 Row   16 node    8 DOF    2 Stiffness     0.57931D-12 Numerical deriv     0.63415D-12

  Column           15  node            8  DOF            1
 Row    1 node    1 DOF    1 Stiffness     0.10844D+04 Numerical deriv     0.10844D+04
 Row    2 node    1 DOF    2 Stiffness     0.18309D+04 Numerical deriv     0.18309D+04
 Row    3 node    2 DOF    1 Stiffness    -0.11289D+04 Numerical deriv    -0.11289D+04
 Row    4 node    2 DOF    2 Stiffness     0.18531D+04 Numerical deriv     0.18531D+04
 Row    5 node    3 DOF    1 Stiffness    -0.11289D+04 Numerical deriv    -0.11289D+04
 Row    6 node    3 DOF    2 Stiffness    -0.18531D+04 Numerical deriv    -0.18531D+04
 Row    7 node    4 DOF    1 Stiffness     0.10844D+04 Numerical deriv     0.10844D+04
 Row    8 node    4 DOF    2 Stiffness    -0.18309D+04 Numerical deriv    -0.18309D+04
 Row    9 node    5 DOF    1 Stiffness    -0.56918D-12 Numerical deriv    -0.65855D-12
 Row   10 node    5 DOF    2 Stiffness     0.74123D+04 Numerical deriv     0.74123D+04
 Row   11 node    6 DOF    1 Stiffness    -0.88830D+04 Numerical deriv    -0.88830D+04
 Row   12 node    6 DOF    2 Stiffness     0.31752D-12 Numerical deriv     0.63872D-12
 Row   13 node    7 DOF    1 Stiffness    -0.16126D-11 Numerical deriv    -0.13132D-11
 Row   14 node    7 DOF    2 Stiffness    -0.74123D+04 Numerical deriv    -0.74123D+04
 Row   15 node    8 DOF    1 Stiffness     0.89719D+04 Numerical deriv     0.89719D+04
 Row   16 node    8 DOF    2 Stiffness     0.16837D-11 Numerical deriv     0.15731D-11

  Column           16  node            8  DOF            2
 Row    1 node    1 DOF    1 Stiffness    -0.92432D+04 Numerical deriv    -0.92432D+04
 Row    2 node    1 DOF    2 Stiffness    -0.14852D+05 Numerical deriv    -0.14852D+05
 Row    3 node    2 DOF    1 Stiffness     0.18531D+04 Numerical deriv     0.18531D+04
 Row    4 node    2 DOF    2 Stiffness    -0.74294D+04 Numerical deriv    -0.74294D+04
 Row    5 node    3 DOF    1 Stiffness    -0.18531D+04 Numerical deriv    -0.18531D+04
 Row    6 node    3 DOF    2 Stiffness    -0.74294D+04 Numerical deriv    -0.74294D+04
 Row    7 node    4 DOF    1 Stiffness     0.92432D+04 Numerical deriv     0.92432D+04
 Row    8 node    4 DOF    2 Stiffness    -0.14852D+05 Numerical deriv    -0.14852D+05
 Row    9 node    5 DOF    1 Stiffness     0.74123D+04 Numerical deriv     0.74123D+04
 Row   10 node    5 DOF    2 Stiffness    -0.89515D-12 Numerical deriv    -0.91162D-12
 Row   11 node    6 DOF    1 Stiffness     0.22719D-12 Numerical deriv     0.60561D-12
 Row   12 node    6 DOF    2 Stiffness     0.14837D+05 Numerical deriv     0.14837D+05
 Row   13 node    7 DOF    1 Stiffness    -0.74123D+04 Numerical deriv    -0.74123D+04
 Row   14 node    7 DOF    2 Stiffness     0.57931D-12 Numerical deriv     0.92049D-13
 Row   15 node    8 DOF    1 Stiffness     0.21384D-11 Numerical deriv     0.15940D-11
 Row   16 node    8 DOF    2 Stiffness     0.29726D+05 Numerical deriv     0.29726D+05


 Stiffness matrix is consistent with residual 


  Numerical stiffness is unsymmetric at col, row            9          10
  Stiffness is unsymmetric at col, row            9          11
  Numerical stiffness is unsymmetric at col, row            9          11
  Numerical stiffness is unsymmetric at col, row            9          14
  Numerical stiffness is unsymmetric at col, row            9          15
  Numerical stiffness is unsymmetric at col, row           10           9
  Stiffness is unsymmetric at col, row           10          12
  Numerical stiffness is unsymmetric at col, row           10          12
  Stiffness is unsymmetric at col, row           10          13
  Numerical stiffness is unsymmetric at col, row           10          13
  Numerical stiffness is unsymmetric at col, row           10          16
  Stiffness is unsymmetric at col, row           11           9
  Numerical stiffness is unsymmetric at col, row           11           9
  Numerical stiffness is unsymmetric at col, row           11          12
  Numerical stiffness is unsymmetric at col, row           11          13
  Stiffness is unsymmetric at col, row           11          16
  Numerical stiffness is unsymmetric at col, row           11          16
  Stiffness is unsymmetric at col, row           12          10
  Numerical stiffness is unsymmetric at col, row           12          10
  Numerical stiffness is unsymmetric at col, row           12          11
  Numerical stiffness is unsymmetric at col, row           12          14
  Stiffness is unsymmetric at col, row           12          15
  Stiffness is unsymmetric at col, row           13          10
  Numerical stiffness is unsymmetric at col, row           13          10
  Numerical stiffness is unsymmetric at col, row           13          11
  Numerical stiffness is unsymmetric at col, row           13          14
  Stiffness is unsymmetric at col, row           13          15
  Numerical stiffness is unsymmetric at col, row           14           9
  Numerical stiffness is unsymmetric at col, row           14          12
  Numerical stiffness is unsymmetric at col, row           14          13
  Numerical stiffness is unsymmetric at col, row           14          16
  Numerical stiffness is unsymmetric at col, row           15           9
  Stiffness is unsymmetric at col, row           15          12
  Stiffness is unsymmetric at col, row           15          13
  Stiffness is unsymmetric at col, row           15          16
  Numerical stiffness is unsymmetric at col, row           15          16
  Numerical stiffness is unsymmetric at col, row           16          10
  Stiffness is unsymmetric at col, row           16          11
  Numerical stiffness is unsymmetric at col, row           16          11
  Numerical stiffness is unsymmetric at col, row           16          14
  Stiffness is unsymmetric at col, row           16          15
  Numerical stiffness is unsymmetric at col, row           16          15


 Direct Solver Profiler has completed profile computation 
     Total number of equations         16
     Maximum half bandwidth:           15
     Mean half bandwidth:               8
     RMS half bandwidth:                9
     Size of stiffness matrix:        120


 Direct Solver has completed LU decomposition 
    Conditioning information: 
      Max diagonal in reduced matrix:    0.2973E+05
      Min diagonal in reduced matrix:    0.1000E+01
      Ratio:                             0.2973E+05
      Maximum no. diagonal digits lost:   2


  Newton Raphson iteration       1
  Correction norm               0.264048D+00
  Generalized Force norm        0.133156D+02
  Out of balance force norm     0.672046D-12
  Ratio                         0.494892D-13
  Tolerance                     0.100000D-04


    Step number     1 has completed successfully
    Steps remaining:                          29
    Elapsed time:                     1.0000    
    Time remaining:                   9.0000    
    Time step has been adjusted to:   1.0000    
    Max time step:                    1.0000    
    Min time step:                   0.10000E-02


 Direct Solver has completed LU decomposition 
    Conditioning information: 
      Max diagonal in reduced matrix:    0.4741E+00
      Min diagonal in reduced matrix:    0.7143E-01
      Ratio:                             0.6637E+01
      Maximum no. diagonal digits lost:   0


 Direct Solver has completed LU decomposition 
    Conditioning information: 
      Max diagonal in reduced matrix:    0.2973E+05
      Min diagonal in reduced matrix:    0.1000E+01
      Ratio:                             0.2973E+05
      Maximum no. diagonal digits lost:   2


  Newton Raphson iteration       1
  Correction norm               0.409321D-14
  Generalized Force norm        0.266312D+02
  Out of balance force norm     0.227691D-12
  Ratio                         0.854978D-14
  Tolerance                     0.100000D-04


    Step number     2 has completed successfully
    Steps remaining:                          28
    Elapsed time:                     2.0000    
    Time remaining:                   8.0000    
    Time step has been adjusted to:   1.0000    
    Max time step:                    1.0000    
    Min time step:                   0.10000E-02


 Direct Solver has completed LU decomposition 
    Conditioning information: 
      Max diagonal in reduced matrix:    0.4741E+00
      Min diagonal in reduced matrix:    0.7143E-01
      Ratio:                             0.6637E+01
      Maximum no. diagonal digits lost:   0


 Direct Solver has completed LU decomposition 
    Conditioning information: 
      Max diagonal in reduced matrix:    0.2973E+05
      Min diagonal in reduced matrix:    0.1000E+01
      Ratio:                             0.2973E+05
      Maximum no. diagonal digits lost:   2


  Newton Raphson iteration       1
  Correction norm               0.139544D-14
  Generalized Force norm        0.399468D+02
  Out of balance force norm     0.197511D-11
  Ratio                         0.494435D-13
  Tolerance                     0.100000D-04


    Step number     3 has completed successfully
    Steps remaining:                          27
    Elapsed time:                     3.0000    
    Time remaining:                   7.0000    
    Time step has been adjusted to:   1.0000    
    Max time step:                    1.0000    
    Min time step:                   0.10000E-02


 Direct Solver has completed LU decomposition 
    Conditioning information: 
      Max diagonal in reduced matrix:    0.4741E+00
      Min diagonal in reduced matrix:    0.7143E-01
      Ratio:                             0.6637E+01
      Maximum no. diagonal digits lost:   0


 Direct Solver has completed LU decomposition 
    Conditioning information: 
      Max diagonal in reduced matrix:    0.2973E+05
      Min diagonal in reduced matrix:    0.1000E+01
      Ratio:                             0.2973E+05
      Maximum no. diagonal digits lost:   2


  Newton Raphson iteration       1
  Correction norm               0.335999D-14
  Generalized Force norm        0.532624D+02
  Out of balance force norm     0.578451D-12
  Ratio                         0.108604D-13
  Tolerance                     0.100000D-04


    Step number     4 has completed successfully
    Steps remaining:                          26
    Elapsed time:                     4.0000    
    Time remaining:                   6.0000    
    Time step has been adjusted to:   1.0000    
    Max time step:                    1.0000    
    Min time step:                   0.10000E-02


 Direct Solver has completed LU decomposition 
    Conditioning information: 
      Max diagonal in reduced matrix:    0.4741E+00
      Min diagonal in reduced matrix:    0.7143E-01
      Ratio:                             0.6637E+01
      Maximum no. diagonal digits lost:   0


 Direct Solver has completed LU decomposition 
    Conditioning information: 
      Max diagonal in reduced matrix:    0.2973E+05
      Min diagonal in reduced matrix:    0.1000E+01
      Ratio:                             0.2973E+05
      Maximum no. diagonal digits lost:   2


  Newton Raphson iteration       1
  Correction norm               0.207463D-14
  Generalized Force norm        0.665780D+02
  Out of balance force norm     0.924826D-12
  Ratio                         0.138909D-13
  Tolerance                     0.100000D-04


    Step number     5 has completed successfully
    Steps remaining:                          25
    Elapsed time:                     5.0000    
    Time remaining:                   5.0000    
    Time step has been adjusted to:   1.0000    
    Max time step:                    1.0000    
    Min time step:                   0.10000E-02


 Direct Solver has completed LU decomposition 
    Conditioning information: 
      Max diagonal in reduced matrix:    0.4741E+00
      Min diagonal in reduced matrix:    0.7143E-01
      Ratio:                             0.6637E+01
      Maximum no. diagonal digits lost:   0


 Direct Solver has completed LU decomposition 
    Conditioning information: 
      Max diagonal in reduced matrix:    0.2973E+05
      Min diagonal in reduced matrix:    0.1000E+01
      Ratio:                             0.2973E+05
      Maximum no. diagonal digits lost:   2


  Newton Raphson iteration       1
  Correction norm               0.929978D-15
  Generalized Force norm        0.798936D+02
  Out of balance force norm     0.535729D-12
  Ratio                         0.670553D-14
  Tolerance                     0.100000D-04


    Step number     6 has completed successfully
    Steps remaining:                          24
    Elapsed time:                     6.0000    
    Time remaining:                   4.0000    
    Time step has been adjusted to:   1.0000    
    Max time step:                    1.0000    
    Min time step:                   0.10000E-02


 Direct Solver has completed LU decomposition 
    Conditioning information: 
      Max diagonal in reduced matrix:    0.4741E+00
      Min diagonal in reduced matrix:    0.7143E-01
      Ratio:                             0.6637E+01
      Maximum no. diagonal digits lost:   0


 Direct Solver has completed LU decomposition 
    Conditioning information: 
      Max diagonal in reduced matrix:    0.2973E+05
      Min diagonal in reduced matrix:    0.1000E+01
      Ratio:                             0.2973E+05
      Maximum no. diagonal digits lost:   2


  Newton Raphson iteration       1
  Correction norm               0.589224D-15
  Generalized Force norm        0.932092D+02
  Out of balance force norm     0.787821D-12
  Ratio                         0.845218D-14
  Tolerance                     0.100000D-04


    Step number     7 has completed successfully
    Steps remaining:                          23
    Elapsed time:                     7.0000    
    Time remaining:                   3.0000    
    Time step has been adjusted to:   1.0000    
    Max time step:                    1.0000    
    Min time step:                   0.10000E-02


 Direct Solver has completed LU decomposition 
    Conditioning information: 
      Max diagonal in reduced matrix:    0.4741E+00
      Min diagonal in reduced matrix:    0.7143E-01
      Ratio:                             0.6637E+01
      Maximum no. diagonal digits lost:   0


 Direct Solver has completed LU decomposition 
    Conditioning information: 
      Max diagonal in reduced matrix:    0.2973E+05
      Min diagonal in reduced matrix:    0.1000E+01
      Ratio:                             0.2973E+05
      Maximum no. diagonal digits lost:   2


  Newton Raphson iteration       1
  Correction norm               0.115141D-14
  Generalized Force norm        0.106525D+03
  Out of balance force norm     0.105317D-11
  Ratio                         0.988666D-14
  Tolerance                     0.100000D-04


    Step number     8 has completed successfully
    Steps remaining:                          22
    Elapsed time:                     8.0000    
    Time remaining:                   2.0000    
    Time step has been adjusted to:   1.0000    
    Max time step:                    1.0000    
    Min time step:                   0.10000E-02


 Direct Solver has completed LU decomposition 
    Conditioning information: 
      Max diagonal in reduced matrix:    0.4741E+00
      Min diagonal in reduced matrix:    0.7143E-01
      Ratio:                             0.6637E+01
      Maximum no. diagonal digits lost:   0


 Direct Solver has completed LU decomposition 
    Conditioning information: 
      Max diagonal in reduced matrix:    0.2973E+05
      Min diagonal in reduced matrix:    0.1000E+01
      Ratio:                             0.2973E+05
      Maximum no. diagonal digits lost:   2


  Newton Raphson iteration       1
  Correction norm               0.473401D-15
  Generalized Force norm        0.119840D+03
  Out of balance force norm     0.143142D-11
  Ratio                         0.119444D-13
  Tolerance                     0.100000D-04


    Step number     9 has completed successfully
    Steps remaining:                          21
    Elapsed time:                     9.0000    
    Time remaining:                   1.0000    
    Time step has been adjusted to:   1.0000    
    Max time step:                    1.0000    
    Min time step:                   0.10000E-02


 Direct Solver has completed LU decomposition 
    Conditioning information: 
      Max diagonal in reduced matrix:    0.4741E+00
      Min diagonal in reduced matrix:    0.7143E-01
      Ratio:                             0.6637E+01
      Maximum no. diagonal digits lost:   0


 Direct Solver has completed LU decomposition 
    Conditioning information: 
      Max diagonal in reduced matrix:    0.2973E+05
      Min diagonal in reduced matrix:    0.1000E+01
      Ratio:                             0.2973E+05
      Maximum no. diagonal digits lost:   2


  Newton Raphson iteration       1
  Correction norm               0.445394D-15
  Generalized Force norm        0.133156D+03
  Out of balance force norm     0.928988D-12
  Ratio                         0.697669D-14
  Tolerance                     0.100000D-04


    Step number    10 has completed successfully
    Steps remaining:                          20
    Elapsed time:                     10.000    
    Time remaining:                   0.0000    
    Time step has been adjusted to:   0.0000    
    Max time step:                    1.0000    
    Min time step:                   0.10000E-02


 Direct Solver has completed LU decomposition 
    Conditioning information: 
      Max diagonal in reduced matrix:    0.4741E+00
      Min diagonal in reduced matrix:    0.7143E-01
      Ratio:                             0.6637E+01
      Maximum no. diagonal digits lost:   0

  Column            1  node            1  DOF            1
 Row    1 node    1 DOF    1 Stiffness     0.96746D+04 Numerical deriv     0.96746D+04
 Row    2 node    1 DOF    2 Stiffness     0.78756D+04 Numerical deriv     0.78756D+04
 Row    3 node    2 DOF    1 Stiffness     0.52053D+04 Numerical deriv     0.52053D+04
 Row    4 node    2 DOF    2 Stiffness    -0.13843D+04 Numerical deriv    -0.13843D+04
 Row    5 node    3 DOF    1 Stiffness     0.42791D+04 Numerical deriv     0.42791D+04
 Row    6 node    3 DOF    2 Stiffness     0.32429D+04 Numerical deriv     0.32429D+04
 Row    7 node    4 DOF    1 Stiffness     0.31669D+04 Numerical deriv     0.31669D+04
 Row    8 node    4 DOF    2 Stiffness     0.13843D+04 Numerical deriv     0.13843D+04
 Row    9 node    5 DOF    1 Stiffness    -0.14852D+05 Numerical deriv    -0.14852D+05
 Row   10 node    5 DOF    2 Stiffness     0.18309D+04 Numerical deriv     0.18309D+04
 Row   11 node    6 DOF    1 Stiffness    -0.11289D+04 Numerical deriv    -0.11289D+04
 Row   12 node    6 DOF    2 Stiffness    -0.18531D+04 Numerical deriv    -0.18531D+04
 Row   13 node    7 DOF    1 Stiffness    -0.74294D+04 Numerical deriv    -0.74294D+04
 Row   14 node    7 DOF    2 Stiffness    -0.18531D+04 Numerical deriv    -0.18531D+04
 Row   15 node    8 DOF    1 Stiffness     0.10844D+04 Numerical deriv     0.10844D+04
 Row   16 node    8 DOF    2 Stiffness    -0.92432D+04 Numerical deriv    -0.92432D+04

  Column            2  node            1  DOF            2
 Row    1 node    1 DOF    1 Stiffness     0.78756D+04 Numerical deriv     0.78756D+04
 Row    2 node    1 DOF    2 Stiffness     0.96746D+04 Numerical deriv     0.96746D+04
 Row    3 node    2 DOF    1 Stiffness     0.13843D+04 Numerical deriv     0.13843D+04
 Row    4 node    2 DOF    2 Stiffness     0.31669D+04 Numerical deriv     0.31669D+04
 Row    5 node    3 DOF    1 Stiffness     0.32429D+04 Numerical deriv     0.32429D+04
 Row    6 node    3 DOF    2 Stiffness     0.42791D+04 Numerical deriv     0.42791D+04
 Row    7 node    4 DOF    1 Stiffness    -0.13843D+04 Numerical deriv    -0.13843D+04
 Row    8 node    4 DOF    2 Stiffness     0.52053D+04 Numerical deriv     0.52053D+04
 Row    9 node    5 DOF    1 Stiffness    -0.92432D+04 Numerical deriv    -0.92432D+04
 Row   10 node    5 DOF    2 Stiffness     0.10844D+04 Numerical deriv     0.10844D+04
 Row   11 node    6 DOF    1 Stiffness    -0.18531D+04 Numerical deriv    -0.18531D+04
 Row   12 node    6 DOF    2 Stiffness    -0.74294D+04 Numerical deriv    -0.74294D+04
 Row   13 node    7 DOF    1 Stiffness    -0.18531D+04 Numerical deriv    -0.18531D+04
 Row   14 node    7 DOF    2 Stiffness    -0.11289D+04 Numerical deriv    -0.11289D+04
 Row   15 node    8 DOF    1 Stiffness     0.18309D+04 Numerical deriv     0.18309D+04
 Row   16 node    8 DOF    2 Stiffness    -0.14852D+05 Numerical deriv    -0.14852D+05

  Column            3  node            2  DOF            1
 Row    1 node    1 DOF    1 Stiffness     0.52053D+04 Numerical deriv     0.52053D+04
 Row    2 node    1 DOF    2 Stiffness     0.13843D+04 Numerical deriv     0.13843D+04
 Row    3 node    2 DOF    1 Stiffness     0.96746D+04 Numerical deriv     0.96746D+04
 Row    4 node    2 DOF    2 Stiffness    -0.78756D+04 Numerical deriv    -0.78756D+04
 Row    5 node    3 DOF    1 Stiffness     0.31669D+04 Numerical deriv     0.31669D+04
 Row    6 node    3 DOF    2 Stiffness    -0.13843D+04 Numerical deriv    -0.13843D+04
 Row    7 node    4 DOF    1 Stiffness     0.42791D+04 Numerical deriv     0.42791D+04
 Row    8 node    4 DOF    2 Stiffness    -0.32429D+04 Numerical deriv    -0.32429D+04
 Row    9 node    5 DOF    1 Stiffness    -0.14852D+05 Numerical deriv    -0.14852D+05
 Row   10 node    5 DOF    2 Stiffness    -0.18309D+04 Numerical deriv    -0.18309D+04
 Row   11 node    6 DOF    1 Stiffness     0.10844D+04 Numerical deriv     0.10844D+04
 Row   12 node    6 DOF    2 Stiffness     0.92432D+04 Numerical deriv     0.92432D+04
 Row   13 node    7 DOF    1 Stiffness    -0.74294D+04 Numerical deriv    -0.74294D+04
 Row   14 node    7 DOF    2 Stiffness     0.18531D+04 Numerical deriv     0.18531D+04
 Row   15 node    8 DOF    1 Stiffness    -0.11289D+04 Numerical deriv    -0.11289D+04
 Row   16 node    8 DOF    2 Stiffness     0.18531D+04 Numerical deriv     0.18531D+04

  Column            4  node            2  DOF            2
 Row    1 node    1 DOF    1 Stiffness    -0.13843D+04 Numerical deriv    -0.13843D+04
 Row    2 node    1 DOF    2 Stiffness     0.31669D+04 Numerical deriv     0.31669D+04
 Row    3 node    2 DOF    1 Stiffness    -0.78756D+04 Numerical deriv    -0.78756D+04
 Row    4 node    2 DOF    2 Stiffness     0.96746D+04 Numerical deriv     0.96746D+04
 Row    5 node    3 DOF    1 Stiffness     0.13843D+04 Numerical deriv     0.13843D+04
 Row    6 node    3 DOF    2 Stiffness     0.52053D+04 Numerical deriv     0.52053D+04
 Row    7 node    4 DOF    1 Stiffness    -0.32429D+04 Numerical deriv    -0.32429D+04
 Row    8 node    4 DOF    2 Stiffness     0.42791D+04 Numerical deriv     0.42791D+04
 Row    9 node    5 DOF    1 Stiffness     0.92432D+04 Numerical deriv     0.92432D+04
 Row   10 node    5 DOF    2 Stiffness     0.10844D+04 Numerical deriv     0.10844D+04
 Row   11 node    6 DOF    1 Stiffness    -0.18309D+04 Numerical deriv    -0.18309D+04
 Row   12 node    6 DOF    2 Stiffness    -0.14852D+05 Numerical deriv    -0.14852D+05
 Row   13 node    7 DOF    1 Stiffness     0.18531D+04 Numerical deriv     0.18531D+04
 Row   14 node    7 DOF    2 Stiffness    -0.11289D+04 Numerical deriv    -0.11289D+04
 Row   15 node    8 DOF    1 Stiffness     0.18531D+04 Numerical deriv     0.18531D+04
 Row   16 node    8 DOF    2 Stiffness    -0.74294D+04 Numerical deriv    -0.74294D+04

  Column            5  node            3  DOF            1
 Row    1 node    1 DOF    1 Stiffness     0.42791D+04 Numerical deriv     0.42791D+04
 Row    2 node    1 DOF    2 Stiffness     0.32429D+04 Numerical deriv     0.32429D+04
 Row    3 node    2 DOF    1 Stiffness     0.31669D+04 Numerical deriv     0.31669D+04
 Row    4 node    2 DOF    2 Stiffness     0.13843D+04 Numerical deriv     0.13843D+04
 Row    5 node    3 DOF    1 Stiffness     0.96746D+04 Numerical deriv     0.96746D+04
 Row    6 node    3 DOF    2 Stiffness     0.78756D+04 Numerical deriv     0.78756D+04
 Row    7 node    4 DOF    1 Stiffness     0.52053D+04 Numerical deriv     0.52053D+04
 Row    8 node    4 DOF    2 Stiffness    -0.13843D+04 Numerical deriv    -0.13843D+04
 Row    9 node    5 DOF    1 Stiffness    -0.74294D+04 Numerical deriv    -0.74294D+04
 Row   10 node    5 DOF    2 Stiffness    -0.18531D+04 Numerical deriv    -0.18531D+04
 Row   11 node    6 DOF    1 Stiffness     0.10844D+04 Numerical deriv     0.10844D+04
 Row   12 node    6 DOF    2 Stiffness    -0.92432D+04 Numerical deriv    -0.92432D+04
 Row   13 node    7 DOF    1 Stiffness    -0.14852D+05 Numerical deriv    -0.14852D+05
 Row   14 node    7 DOF    2 Stiffness     0.18309D+04 Numerical deriv     0.18309D+04
 Row   15 node    8 DOF    1 Stiffness    -0.11289D+04 Numerical deriv    -0.11289D+04
 Row   16 node    8 DOF    2 Stiffness    -0.18531D+04 Numerical deriv    -0.18531D+04

  Column            6  node            3  DOF            2
 Row    1 node    1 DOF    1 Stiffness     0.32429D+04 Numerical deriv     0.32429D+04
 Row    2 node    1 DOF    2 Stiffness     0.42791D+04 Numerical deriv     0.42791D+04
 Row    3 node    2 DOF    1 Stiffness    -0.13843D+04 Numerical deriv    -0.13843D+04
 Row    4 node    2 DOF    2 Stiffness     0.52053D+04 Numerical deriv     0.52053D+04
 Row    5 node    3 DOF    1 Stiffness     0.78756D+04 Numerical deriv     0.78756D+04
 Row    6 node    3 DOF    2 Stiffness     0.96746D+04 Numerical deriv     0.96746D+04
 Row    7 node    4 DOF    1 Stiffness     0.13843D+04 Numerical deriv     0.13843D+04
 Row    8 node    4 DOF    2 Stiffness     0.31669D+04 Numerical deriv     0.31669D+04
 Row    9 node    5 DOF    1 Stiffness    -0.18531D+04 Numerical deriv    -0.18531D+04
 Row   10 node    5 DOF    2 Stiffness    -0.11289D+04 Numerical deriv    -0.11289D+04
 Row   11 node    6 DOF    1 Stiffness     0.18309D+04 Numerical deriv     0.18309D+04
 Row   12 node    6 DOF    2 Stiffness    -0.14852D+05 Numerical deriv    -0.14852D+05
 Row   13 node    7 DOF    1 Stiffness    -0.92432D+04 Numerical deriv    -0.92432D+04
 Row   14 node    7 DOF    2 Stiffness     0.10844D+04 Numerical deriv     0.10844D+04
 Row   15 node    8 DOF    1 Stiffness    -0.18531D+04 Numerical deriv    -0.18531D+04
 Row   16 node    8 DOF    2 Stiffness    -0.74294D+04 Numerical deriv    -0.74294D+04

  Column            7  node            4  DOF            1
 Row    1 node    1 DOF    1 Stiffness     0.31669D+04 Numerical deriv     0.31669D+04
 Row    2 node    1 DOF    2 Stiffness    -0.13843D+04 Numerical deriv    -0.13843D+04
 Row    3 node    2 DOF    1 Stiffness     0.42791D+04 Numerical deriv     0.42791D+04
 Row    4 node    2 DOF    2 Stiffness    -0.32429D+04 Numerical deriv    -0.32429D+04
 Row    5 node    3 DOF    1 Stiffness     0.52053D+04 Numerical deriv     0.52053D+04
 Row    6 node    3 DOF    2 Stiffness     0.13843D+04 Numerical deriv     0.13843D+04
 Row    7 node    4 DOF    1 Stiffness     0.96746D+04 Numerical deriv     0.96746D+04
 Row    8 node    4 DOF    2 Stiffness    -0.78756D+04 Numerical deriv    -0.78756D+04
 Row    9 node    5 DOF    1 Stiffness    -0.74294D+04 Numerical deriv    -0.74294D+04
 Row   10 node    5 DOF    2 Stiffness     0.18531D+04 Numerical deriv     0.18531D+04
 Row   11 node    6 DOF    1 Stiffness    -0.11289D+04 Numerical deriv    -0.11289D+04
 Row   12 node    6 DOF    2 Stiffness     0.18531D+04 Numerical deriv     0.18531D+04
 Row   13 node    7 DOF    1 Stiffness    -0.14852D+05 Numerical deriv    -0.14852D+05
 Row   14 node    7 DOF    2 Stiffness    -0.18309D+04 Numerical deriv    -0.18309D+04
 Row   15 node    8 DOF    1 Stiffness     0.10844D+04 Numerical deriv     0.10844D+04
 Row   16 node    8 DOF    2 Stiffness     0.92432D+04 Numerical deriv     0.92432D+04

  Column            8  node            4  DOF            2
 Row    1 node    1 DOF    1 Stiffness     0.13843D+04 Numerical deriv     0.13843D+04
 Row    2 node    1 DOF    2 Stiffness     0.52053D+04 Numerical deriv     0.52053D+04
 Row    3 node    2 DOF    1 Stiffness    -0.32429D+04 Numerical deriv    -0.32429D+04
 Row    4 node    2 DOF    2 Stiffness     0.42791D+04 Numerical deriv     0.42791D+04
 Row    5 node    3 DOF    1 Stiffness    -0.13843D+04 Numerical deriv    -0.13843D+04
 Row    6 node    3 DOF    2 Stiffness     0.31669D+04 Numerical deriv     0.31669D+04
 Row    7 node    4 DOF    1 Stiffness    -0.78756D+04 Numerical deriv    -0.78756D+04
 Row    8 node    4 DOF    2 Stiffness     0.96746D+04 Numerical deriv     0.96746D+04
 Row    9 node    5 DOF    1 Stiffness     0.18531D+04 Numerical deriv     0.18531D+04
 Row   10 node    5 DOF    2 Stiffness    -0.11289D+04 Numerical deriv    -0.11289D+04
 Row   11 node    6 DOF    1 Stiffness     0.18531D+04 Numerical deriv     0.18531D+04
 Row   12 node    6 DOF    2 Stiffness    -0.74294D+04 Numerical deriv    -0.74294D+04
 Row   13 node    7 DOF    1 Stiffness     0.92432D+04 Numerical deriv     0.92432D+04
 Row   14 node    7 DOF    2 Stiffness     0.10844D+04 Numerical deriv     0.10844D+04
 Row   15 node    8 DOF    1 Stiffness    -0.18309D+04 Numerical deriv    -0.18309D+04
 Row   16 node    8 DOF    2 Stiffness    -0.14852D+05 Numerical deriv    -0.14852D+05

  Column            9  node            5  DOF            1
 Row    1 node    1 DOF    1 Stiffness    -0.14852D+05 Numerical deriv    -0.14852D+05
 Row    2 node    1 DOF    2 Stiffness    -0.92432D+04 Numerical deriv    -0.92432D+04
 Row    3 node    2 DOF    1 Stiffness    -0.14852D+05 Numerical deriv    -0.14852D+05
 Row    4 node    2 DOF    2 Stiffness     0.92432D+04 Numerical deriv     0.92432D+04
 Row    5 node    3 DOF    1 Stiffness    -0.74294D+04 Numerical deriv    -0.74294D+04
 Row    6 node    3 DOF    2 Stiffness    -0.18531D+04 Numerical deriv    -0.18531D+04
 Row    7 node    4 DOF    1 Stiffness    -0.74294D+04 Numerical deriv    -0.74294D+04
 Row    8 node    4 DOF    2 Stiffness     0.18531D+04 Numerical deriv     0.18531D+04
 Row    9 node    5 DOF    1 Stiffness     0.29726D+05 Numerical deriv     0.29726D+05
 Row   10 node    5 DOF    2 Stiffness    -0.13508D-11 Numerical deriv     0.11230D-05
 Row   11 node    6 DOF    1 Stiffness     0.12772D-12 Numerical deriv    -0.12790D-05
 Row   12 node    6 DOF    2 Stiffness    -0.74123D+04 Numerical deriv    -0.74123D+04
 Row   13 node    7 DOF    1 Stiffness     0.14837D+05 Numerical deriv     0.14837D+05
 Row   14 node    7 DOF    2 Stiffness    -0.61352D-12 Numerical deriv    -0.11282D-05
 Row   15 node    8 DOF    1 Stiffness    -0.56918D-12 Numerical deriv     0.99476D-06
 Row   16 node    8 DOF    2 Stiffness     0.74123D+04 Numerical deriv     0.74123D+04

  Column           10  node            5  DOF            2
 Row    1 node    1 DOF    1 Stiffness     0.18309D+04 Numerical deriv     0.18309D+04
 Row    2 node    1 DOF    2 Stiffness     0.10844D+04 Numerical deriv     0.10844D+04
 Row    3 node    2 DOF    1 Stiffness    -0.18309D+04 Numerical deriv    -0.18309D+04
 Row    4 node    2 DOF    2 Stiffness     0.10844D+04 Numerical deriv     0.10844D+04
 Row    5 node    3 DOF    1 Stiffness    -0.18531D+04 Numerical deriv    -0.18531D+04
 Row    6 node    3 DOF    2 Stiffness    -0.11289D+04 Numerical deriv    -0.11289D+04
 Row    7 node    4 DOF    1 Stiffness     0.18531D+04 Numerical deriv     0.18531D+04
 Row    8 node    4 DOF    2 Stiffness    -0.11289D+04 Numerical deriv    -0.11289D+04
 Row    9 node    5 DOF    1 Stiffness    -0.13508D-11 Numerical deriv    -0.18750D-07
 Row   10 node    5 DOF    2 Stiffness     0.89719D+04 Numerical deriv     0.89719D+04
 Row   11 node    6 DOF    1 Stiffness    -0.74123D+04 Numerical deriv    -0.74123D+04
 Row   12 node    6 DOF    2 Stiffness     0.13433D-11 Numerical deriv    -0.28965D-08
 Row   13 node    7 DOF    1 Stiffness     0.31752D-12 Numerical deriv    -0.27634D-07
 Row   14 node    7 DOF    2 Stiffness    -0.88830D+04 Numerical deriv    -0.88830D+04
 Row   15 node    8 DOF    1 Stiffness     0.74123D+04 Numerical deriv     0.74123D+04
 Row   16 node    8 DOF    2 Stiffness    -0.89515D-12 Numerical deriv    -0.38980D-08

  Column           11  node            6  DOF            1
 Row    1 node    1 DOF    1 Stiffness    -0.11289D+04 Numerical deriv    -0.11289D+04
 Row    2 node    1 DOF    2 Stiffness    -0.18531D+04 Numerical deriv    -0.18531D+04
 Row    3 node    2 DOF    1 Stiffness     0.10844D+04 Numerical deriv     0.10844D+04
 Row    4 node    2 DOF    2 Stiffness    -0.18309D+04 Numerical deriv    -0.18309D+04
 Row    5 node    3 DOF    1 Stiffness     0.10844D+04 Numerical deriv     0.10844D+04
 Row    6 node    3 DOF    2 Stiffness     0.18309D+04 Numerical deriv     0.18309D+04
 Row    7 node    4 DOF    1 Stiffness    -0.11289D+04 Numerical deriv    -0.11289D+04
 Row    8 node    4 DOF    2 Stiffness     0.18531D+04 Numerical deriv     0.18531D+04
 Row    9 node    5 DOF    1 Stiffness     0.92634D-13 Numerical deriv     0.28671D-07
 Row   10 node    5 DOF    2 Stiffness    -0.74123D+04 Numerical deriv    -0.74123D+04
 Row   11 node    6 DOF    1 Stiffness     0.89719D+04 Numerical deriv     0.89719D+04
 Row   12 node    6 DOF    2 Stiffness     0.15590D-11 Numerical deriv     0.58538D-09
 Row   13 node    7 DOF    1 Stiffness     0.14428D-11 Numerical deriv     0.49561D-07
 Row   14 node    7 DOF    2 Stiffness     0.74123D+04 Numerical deriv     0.74123D+04
 Row   15 node    8 DOF    1 Stiffness    -0.88830D+04 Numerical deriv    -0.88830D+04
 Row   16 node    8 DOF    2 Stiffness     0.45457D-12 Numerical deriv    -0.58619D-09

  Column           12  node            6  DOF            2
 Row    1 node    1 DOF    1 Stiffness    -0.18531D+04 Numerical deriv    -0.18531D+04
 Row    2 node    1 DOF    2 Stiffness    -0.74294D+04 Numerical deriv    -0.74294D+04
 Row    3 node    2 DOF    1 Stiffness     0.92432D+04 Numerical deriv     0.92432D+04
 Row    4 node    2 DOF    2 Stiffness    -0.14852D+05 Numerical deriv    -0.14852D+05
 Row    5 node    3 DOF    1 Stiffness    -0.92432D+04 Numerical deriv    -0.92432D+04
 Row    6 node    3 DOF    2 Stiffness    -0.14852D+05 Numerical deriv    -0.14852D+05
 Row    7 node    4 DOF    1 Stiffness     0.18531D+04 Numerical deriv     0.18531D+04
 Row    8 node    4 DOF    2 Stiffness    -0.74294D+04 Numerical deriv    -0.74294D+04
 Row    9 node    5 DOF    1 Stiffness    -0.74123D+04 Numerical deriv    -0.74123D+04
 Row   10 node    5 DOF    2 Stiffness     0.43376D-12 Numerical deriv     0.11458D-05
 Row   11 node    6 DOF    1 Stiffness     0.15590D-11 Numerical deriv    -0.11369D-05
 Row   12 node    6 DOF    2 Stiffness     0.29726D+05 Numerical deriv     0.29726D+05
 Row   13 node    7 DOF    1 Stiffness     0.74123D+04 Numerical deriv     0.74123D+04
 Row   14 node    7 DOF    2 Stiffness    -0.11369D-11 Numerical deriv    -0.11453D-05
 Row   15 node    8 DOF    1 Stiffness     0.59830D-12 Numerical deriv     0.11369D-05
 Row   16 node    8 DOF    2 Stiffness     0.14837D+05 Numerical deriv     0.14837D+05

  Column           13  node            7  DOF            1
 Row    1 node    1 DOF    1 Stiffness    -0.74294D+04 Numerical deriv    -0.74294D+04
 Row    2 node    1 DOF    2 Stiffness    -0.18531D+04 Numerical deriv    -0.18531D+04
 Row    3 node    2 DOF    1 Stiffness    -0.74294D+04 Numerical deriv    -0.74294D+04
 Row    4 node    2 DOF    2 Stiffness     0.18531D+04 Numerical deriv     0.18531D+04
 Row    5 node    3 DOF    1 Stiffness    -0.14852D+05 Numerical deriv    -0.14852D+05
 Row    6 node    3 DOF    2 Stiffness    -0.92432D+04 Numerical deriv    -0.92432D+04
 Row    7 node    4 DOF    1 Stiffness    -0.14852D+05 Numerical deriv    -0.14852D+05
 Row    8 node    4 DOF    2 Stiffness     0.92432D+04 Numerical deriv     0.92432D+04
 Row    9 node    5 DOF    1 Stiffness     0.14837D+05 Numerical deriv     0.14837D+05
 Row   10 node    5 DOF    2 Stiffness    -0.13722D-12 Numerical deriv    -0.49889D-09
 Row   11 node    6 DOF    1 Stiffness     0.14428D-11 Numerical deriv    -0.14211D-06
 Row   12 node    6 DOF    2 Stiffness     0.74123D+04 Numerical deriv     0.74123D+04
 Row   13 node    7 DOF    1 Stiffness     0.29726D+05 Numerical deriv     0.29726D+05
 Row   14 node    7 DOF    2 Stiffness    -0.14755D-11 Numerical deriv    -0.39297D-08
 Row   15 node    8 DOF    1 Stiffness    -0.13319D-11 Numerical deriv    -0.00000D+00
 Row   16 node    8 DOF    2 Stiffness    -0.74123D+04 Numerical deriv    -0.74123D+04

  Column           14  node            7  DOF            2
 Row    1 node    1 DOF    1 Stiffness    -0.18531D+04 Numerical deriv    -0.18531D+04
 Row    2 node    1 DOF    2 Stiffness    -0.11289D+04 Numerical deriv    -0.11289D+04
 Row    3 node    2 DOF    1 Stiffness     0.18531D+04 Numerical deriv     0.18531D+04
 Row    4 node    2 DOF    2 Stiffness    -0.11289D+04 Numerical deriv    -0.11289D+04
 Row    5 node    3 DOF    1 Stiffness     0.18309D+04 Numerical deriv     0.18309D+04
 Row    6 node    3 DOF    2 Stiffness     0.10844D+04 Numerical deriv     0.10844D+04
 Row    7 node    4 DOF    1 Stiffness    -0.18309D+04 Numerical deriv    -0.18309D+04
 Row    8 node    4 DOF    2 Stiffness     0.10844D+04 Numerical deriv     0.10844D+04
 Row    9 node    5 DOF    1 Stiffness    -0.61352D-12 Numerical deriv     0.77869D-05
 Row   10 node    5 DOF    2 Stiffness    -0.88830D+04 Numerical deriv    -0.88830D+04
 Row   11 node    6 DOF    1 Stiffness     0.74123D+04 Numerical deriv     0.74123D+04
 Row   12 node    6 DOF    2 Stiffness    -0.11369D-11 Numerical deriv     0.99980D-06
 Row   13 node    7 DOF    1 Stiffness    -0.14755D-11 Numerical deriv     0.94431D-06
 Row   14 node    7 DOF    2 Stiffness     0.89719D+04 Numerical deriv     0.89719D+04
 Row   15 node    8 DOF    1 Stiffness    -0.74123D+04 Numerical deriv    -0.74123D+04
 Row   16 node    8 DOF    2 Stiffness     0.57931D-12 Numerical deriv     0.78717D-05

  Column           15  node            8  DOF            1
 Row    1 node    1 DOF    1 Stiffness     0.10844D+04 Numerical deriv     0.10844D+04
 Row    2 node    1 DOF    2 Stiffness     0.18309D+04 Numerical deriv     0.18309D+04
 Row    3 node    2 DOF    1 Stiffness    -0.11289D+04 Numerical deriv    -0.11289D+04
 Row    4 node    2 DOF    2 Stiffness     0.18531D+04 Numerical deriv     0.18531D+04
 Row    5 node    3 DOF    1 Stiffness    -0.11289D+04 Numerical deriv    -0.11289D+04
 Row    6 node    3 DOF    2 Stiffness    -0.18531D+04 Numerical deriv    -0.18531D+04
 Row    7 node    4 DOF    1 Stiffness     0.10844D+04 Numerical deriv     0.10844D+04
 Row    8 node    4 DOF    2 Stiffness    -0.18309D+04 Numerical deriv    -0.18309D+04
 Row    9 node    5 DOF    1 Stiffness    -0.56918D-12 Numerical deriv    -0.48796D-07
 Row   10 node    5 DOF    2 Stiffness     0.74123D+04 Numerical deriv     0.74123D+04
 Row   11 node    6 DOF    1 Stiffness    -0.88830D+04 Numerical deriv    -0.88830D+04
 Row   12 node    6 DOF    2 Stiffness     0.31752D-12 Numerical deriv    -0.28441D-12
 Row   13 node    7 DOF    1 Stiffness    -0.16126D-11 Numerical deriv    -0.43889D-08
 Row   14 node    7 DOF    2 Stiffness    -0.74123D+04 Numerical deriv    -0.74123D+04
 Row   15 node    8 DOF    1 Stiffness     0.89719D+04 Numerical deriv     0.89719D+04
 Row   16 node    8 DOF    2 Stiffness     0.16837D-11 Numerical deriv    -0.12307D-12

  Column           16  node            8  DOF            2
 Row    1 node    1 DOF    1 Stiffness    -0.92432D+04 Numerical deriv    -0.92432D+04
 Row    2 node    1 DOF    2 Stiffness    -0.14852D+05 Numerical deriv    -0.14852D+05
 Row    3 node    2 DOF    1 Stiffness     0.18531D+04 Numerical deriv     0.18531D+04
 Row    4 node    2 DOF    2 Stiffness    -0.74294D+04 Numerical deriv    -0.74294D+04
 Row    5 node    3 DOF    1 Stiffness    -0.18531D+04 Numerical deriv    -0.18531D+04
 Row    6 node    3 DOF    2 Stiffness    -0.74294D+04 Numerical deriv    -0.74294D+04
 Row    7 node    4 DOF    1 Stiffness     0.92432D+04 Numerical deriv     0.92432D+04
 Row    8 node    4 DOF    2 Stiffness    -0.14852D+05 Numerical deriv    -0.14852D+05
 Row    9 node    5 DOF    1 Stiffness     0.74123D+04 Numerical deriv     0.74123D+04
 Row   10 node    5 DOF    2 Stiffness    -0.89515D-12 Numerical deriv    -0.57266D-05
 Row   11 node    6 DOF    1 Stiffness     0.22719D-12 Numerical deriv     0.29843D-05
 Row   12 node    6 DOF    2 Stiffness     0.14837D+05 Numerical deriv     0.14837D+05
 Row   13 node    7 DOF    1 Stiffness    -0.74123D+04 Numerical deriv    -0.74123D+04
 Row   14 node    7 DOF    2 Stiffness     0.57931D-12 Numerical deriv     0.57266D-05
 Row   15 node    8 DOF    1 Stiffness     0.21384D-11 Numerical deriv    -0.31264D-05
 Row   16 node    8 DOF    2 Stiffness     0.29726D+05 Numerical deriv     0.29726D+05


 Stiffness matrix is consistent with residual 


  Numerical stiffness is unsymmetric at col, row            9          10
  Stiffness is unsymmetric at col, row            9          11
  Numerical stiffness is unsymmetric at col, row            9          11
  Numerical stiffness is unsymmetric at col, row            9          14
  Numerical stiffness is unsymmetric at col, row            9          15
  Numerical stiffness is unsymmetric at col, row           10           9
  Stiffness is unsymmetric at col, row           10          12
  Numerical stiffness is unsymmetric at col, row           10          12
  Stiffness is unsymmetric at col, row           10          13
  Numerical stiffness is unsymmetric at col, row           10          13
  Numerical stiffness is unsymmetric at col, row           10          16
  Stiffness is unsymmetric at col, row           11           9
  Numerical stiffness is unsymmetric at col, row           11           9
  Numerical stiffness is unsymmetric at col, row           11          12
  Numerical stiffness is unsymmetric at col, row           11          13
  Stiffness is unsymmetric at col, row           11          16
  Numerical stiffness is unsymmetric at col, row           11          16
  Stiffness is unsymmetric at col, row           12          10
  Numerical stiffness is unsymmetric at col, row           12          10
  Numerical stiffness is unsymmetric at col, row           12          11
  Numerical stiffness is unsymmetric at col, row           12          14
  Stiffness is unsymmetric at col, row           12          15
  Numerical stiffness is unsymmetric at col, row           12          15
  Stiffness is unsymmetric at col, row           13          10
  Numerical stiffness is unsymmetric at col, row           13          10
  Numerical stiffness is unsymmetric at col, row           13          11
  Numerical stiffness is unsymmetric at col, row           13          14
  Stiffness is unsymmetric at col, row           13          15
  Numerical stiffness is unsymmetric at col, row           13          15
  Numerical stiffness is unsymmetric at col, row           14           9
  Numerical stiffness is unsymmetric at col, row           14          12
  Numerical stiffness is unsymmetric at col, row           14          13
  Numerical stiffness is unsymmetric at col, row           14          16
  Numerical stiffness is unsymmetric at col, row           15           9
  Stiffness is unsymmetric at col, row           15          12
  Numerical stiffness is unsymmetric at col, row           15          12
  Stiffness is unsymmetric at col, row           15          13
  Numerical stiffness is unsymmetric at col, row           15          13
  Stiffness is unsymmetric at col, row           15          16
  Numerical stiffness is unsymmetric at col, row           15          16
  Numerical stiffness is unsymmetric at col, row           16          10
  Stiffness is unsymmetric at col, row           16          11
  Numerical stiffness is unsymmetric at col, row           16          11
  Numerical stiffness is unsymmetric at col, row           16          14
  Stiffness is unsymmetric at col, row           16          15
  Numerical stiffness is unsymmetric at col, row           16          15
