

 The input file has been read successfully 
 Number of elements:              250
 Number of nodes:                 811
 Number of constraints:             0
 Total no. degrees of freedom:   1622


 Direct Solver Profiler has completed profile computation 
     Total number of equations       1622
     Maximum half bandwidth:          129
     Mean half bandwidth:              76
     RMS half bandwidth:               82
     Size of stiffness matrix:     122635


 Direct Solver has completed LU decomposition 
    Conditioning information: 
      Max diagonal in reduced matrix:    0.5600E+03
      Min diagonal in reduced matrix:    0.1000E+01
      Ratio:                             0.5600E+03
      Maximum no. diagonal digits lost:   3


  Newton Raphson iteration       1
  Correction norm               0.199176D-02
  Generalized Force norm        0.203935D-02
  Out of balance force norm     0.289546D-15
  Ratio                         0.718279D-13
  Tolerance                     0.100000D-04


    Step number     1 has completed successfully
    Steps remaining:                          19
    Elapsed time:                     1.0000    
    Time remaining:                   9.0000    
    Time step has been adjusted to:   1.0000    
    Max time step:                    1.0000    
    Min time step:                   0.10000E-02


 Direct Solver has completed LU decomposition 
    Conditioning information: 
      Max diagonal in reduced matrix:    0.1253E-03
      Min diagonal in reduced matrix:    0.8281E-05
      Ratio:                             0.1513E+02
      Maximum no. diagonal digits lost:   0


 Direct Solver has completed LU decomposition 
    Conditioning information: 
      Max diagonal in reduced matrix:    0.5600E+03
      Min diagonal in reduced matrix:    0.1000E+01
      Ratio:                             0.5600E+03
      Maximum no. diagonal digits lost:   3


  Newton Raphson iteration       1
  Correction norm               0.308259D-16
  Generalized Force norm        0.407870D-02
  Out of balance force norm     0.833409D-16
  Ratio                         0.204332D-13
  Tolerance                     0.100000D-04


    Step number     2 has completed successfully
    Steps remaining:                          18
    Elapsed time:                     2.0000    
    Time remaining:                   8.0000    
    Time step has been adjusted to:   1.0000    
    Max time step:                    1.0000    
    Min time step:                   0.10000E-02


 Direct Solver has completed LU decomposition 
    Conditioning information: 
      Max diagonal in reduced matrix:    0.1253E-03
      Min diagonal in reduced matrix:    0.8281E-05
      Ratio:                             0.1513E+02
      Maximum no. diagonal digits lost:   0


 Direct Solver has completed LU decomposition 
    Conditioning information: 
      Max diagonal in reduced matrix:    0.5600E+03
      Min diagonal in reduced matrix:    0.1000E+01
      Ratio:                             0.5600E+03
      Maximum no. diagonal digits lost:   3


  Newton Raphson iteration       1
  Correction norm               0.150845D-16
  Generalized Force norm        0.611805D-02
  Out of balance force norm     0.755319D-16
  Ratio                         0.123457D-13
  Tolerance                     0.100000D-04


    Step number     3 has completed successfully
    Steps remaining:                          17
    Elapsed time:                     3.0000    
    Time remaining:                   7.0000    
    Time step has been adjusted to:   1.0000    
    Max time step:                    1.0000    
    Min time step:                   0.10000E-02


 Direct Solver has completed LU decomposition 
    Conditioning information: 
      Max diagonal in reduced matrix:    0.1253E-03
      Min diagonal in reduced matrix:    0.8281E-05
      Ratio:                             0.1513E+02
      Maximum no. diagonal digits lost:   0


 Direct Solver has completed LU decomposition 
    Conditioning information: 
      Max diagonal in reduced matrix:    0.5600E+03
      Min diagonal in reduced matrix:    0.1000E+01
      Ratio:                             0.5600E+03
      Maximum no. diagonal digits lost:   3


  Newton Raphson iteration       1
  Correction norm               0.230394D-17
  Generalized Force norm        0.815740D-02
  Out of balance force norm     0.793505D-16
  Ratio                         0.972742D-14
  Tolerance                     0.100000D-04


    Step number     4 has completed successfully
    Steps remaining:                          16
    Elapsed time:                     4.0000    
    Time remaining:                   6.0000    
    Time step has been adjusted to:   1.0000    
    Max time step:                    1.0000    
    Min time step:                   0.10000E-02


 Direct Solver has completed LU decomposition 
    Conditioning information: 
      Max diagonal in reduced matrix:    0.1253E-03
      Min diagonal in reduced matrix:    0.8281E-05
      Ratio:                             0.1513E+02
      Maximum no. diagonal digits lost:   0


 Direct Solver has completed LU decomposition 
    Conditioning information: 
      Max diagonal in reduced matrix:    0.5600E+03
      Min diagonal in reduced matrix:    0.1000E+01
      Ratio:                             0.5600E+03
      Maximum no. diagonal digits lost:   3


  Newton Raphson iteration       1
  Correction norm               0.248859D-17
  Generalized Force norm        0.101968D-01
  Out of balance force norm     0.795690D-16
  Ratio                         0.780337D-14
  Tolerance                     0.100000D-04


    Step number     5 has completed successfully
    Steps remaining:                          15
    Elapsed time:                     5.0000    
    Time remaining:                   5.0000    
    Time step has been adjusted to:   1.0000    
    Max time step:                    1.0000    
    Min time step:                   0.10000E-02


 Direct Solver has completed LU decomposition 
    Conditioning information: 
      Max diagonal in reduced matrix:    0.1253E-03
      Min diagonal in reduced matrix:    0.8281E-05
      Ratio:                             0.1513E+02
      Maximum no. diagonal digits lost:   0


 Direct Solver has completed LU decomposition 
    Conditioning information: 
      Max diagonal in reduced matrix:    0.5600E+03
      Min diagonal in reduced matrix:    0.1000E+01
      Ratio:                             0.5600E+03
      Maximum no. diagonal digits lost:   3


  Newton Raphson iteration       1
  Correction norm               0.271140D-17
  Generalized Force norm        0.122361D-01
  Out of balance force norm     0.834916D-16
  Ratio                         0.682338D-14
  Tolerance                     0.100000D-04


    Step number     6 has completed successfully
    Steps remaining:                          14
    Elapsed time:                     6.0000    
    Time remaining:                   4.0000    
    Time step has been adjusted to:   1.0000    
    Max time step:                    1.0000    
    Min time step:                   0.10000E-02


 Direct Solver has completed LU decomposition 
    Conditioning information: 
      Max diagonal in reduced matrix:    0.1253E-03
      Min diagonal in reduced matrix:    0.8281E-05
      Ratio:                             0.1513E+02
      Maximum no. diagonal digits lost:   0


 Direct Solver has completed LU decomposition 
    Conditioning information: 
      Max diagonal in reduced matrix:    0.5600E+03
      Min diagonal in reduced matrix:    0.1000E+01
      Ratio:                             0.5600E+03
      Maximum no. diagonal digits lost:   3


  Newton Raphson iteration       1
  Correction norm               0.440260D-17
  Generalized Force norm        0.142755D-01
  Out of balance force norm     0.870652D-16
  Ratio                         0.609895D-14
  Tolerance                     0.100000D-04


    Step number     7 has completed successfully
    Steps remaining:                          13
    Elapsed time:                     7.0000    
    Time remaining:                   3.0000    
    Time step has been adjusted to:   1.0000    
    Max time step:                    1.0000    
    Min time step:                   0.10000E-02


 Direct Solver has completed LU decomposition 
    Conditioning information: 
      Max diagonal in reduced matrix:    0.1253E-03
      Min diagonal in reduced matrix:    0.8281E-05
      Ratio:                             0.1513E+02
      Maximum no. diagonal digits lost:   0


 Direct Solver has completed LU decomposition 
    Conditioning information: 
      Max diagonal in reduced matrix:    0.5600E+03
      Min diagonal in reduced matrix:    0.1000E+01
      Ratio:                             0.5600E+03
      Maximum no. diagonal digits lost:   3


  Newton Raphson iteration       1
  Correction norm               0.639837D-17
  Generalized Force norm        0.163148D-01
  Out of balance force norm     0.784535D-16
  Ratio                         0.480873D-14
  Tolerance                     0.100000D-04


    Step number     8 has completed successfully
    Steps remaining:                          12
    Elapsed time:                     8.0000    
    Time remaining:                   2.0000    
    Time step has been adjusted to:   1.0000    
    Max time step:                    1.0000    
    Min time step:                   0.10000E-02


 Direct Solver has completed LU decomposition 
    Conditioning information: 
      Max diagonal in reduced matrix:    0.1253E-03
      Min diagonal in reduced matrix:    0.8281E-05
      Ratio:                             0.1513E+02
      Maximum no. diagonal digits lost:   0


 Direct Solver has completed LU decomposition 
    Conditioning information: 
      Max diagonal in reduced matrix:    0.5600E+03
      Min diagonal in reduced matrix:    0.1000E+01
      Ratio:                             0.5600E+03
      Maximum no. diagonal digits lost:   3


  Newton Raphson iteration       1
  Correction norm               0.650932D-17
  Generalized Force norm        0.183542D-01
  Out of balance force norm     0.842373D-16
  Ratio                         0.458955D-14
  Tolerance                     0.100000D-04


    Step number     9 has completed successfully
    Steps remaining:                          11
    Elapsed time:                     9.0000    
    Time remaining:                   1.0000    
    Time step has been adjusted to:   1.0000    
    Max time step:                    1.0000    
    Min time step:                   0.10000E-02


 Direct Solver has completed LU decomposition 
    Conditioning information: 
      Max diagonal in reduced matrix:    0.1253E-03
      Min diagonal in reduced matrix:    0.8281E-05
      Ratio:                             0.1513E+02
      Maximum no. diagonal digits lost:   0


 Direct Solver has completed LU decomposition 
    Conditioning information: 
      Max diagonal in reduced matrix:    0.5600E+03
      Min diagonal in reduced matrix:    0.1000E+01
      Ratio:                             0.5600E+03
      Maximum no. diagonal digits lost:   3


  Newton Raphson iteration       1
  Correction norm               0.741387D-17
  Generalized Force norm        0.203935D-01
  Out of balance force norm     0.817256D-16
  Ratio                         0.400743D-14
  Tolerance                     0.100000D-04


    Step number    10 has completed successfully
    Steps remaining:                          10
    Elapsed time:                     10.000    
    Time remaining:                   0.0000    
    Time step has been adjusted to:   0.0000    
    Max time step:                    1.0000    
    Min time step:                   0.10000E-02


 Direct Solver has completed LU decomposition 
    Conditioning information: 
      Max diagonal in reduced matrix:    0.1253E-03
      Min diagonal in reduced matrix:    0.8281E-05
      Ratio:                             0.1513E+02
      Maximum no. diagonal digits lost:   0
