

 The input file has been read successfully 
 Number of elements:              457
 Number of nodes:                 259
 Number of constraints:             0
 Total no. degrees of freedom:    518


 Direct Solver Profiler has completed profile computation 
     Total number of equations        518
     Maximum half bandwidth:           37
     Mean half bandwidth:              28
     RMS half bandwidth:               29
     Size of stiffness matrix:      14279


 Direct Solver has completed LU decomposition 
    Conditioning information: 
      Max diagonal in reduced matrix:    0.3599E+03
      Min diagonal in reduced matrix:    0.1000E+01
      Ratio:                             0.3599E+03
      Maximum no. diagonal digits lost:   2


  Newton Raphson iteration       1
  Correction norm               0.115044D-02
  Generalized Force norm        0.274028D-02
  Out of balance force norm     0.952184D-16
  Ratio                         0.244732D-13
  Tolerance                     0.100000D-04


    Step number     1 has completed successfully
    Steps remaining:                          19
    Elapsed time:                     1.0000    
    Time remaining:                   9.0000    
    Time step has been adjusted to:   1.0000    
    Max time step:                    1.0000    
    Min time step:                   0.10000E-02


 Direct Solver has completed LU decomposition 
    Conditioning information: 
      Max diagonal in reduced matrix:    0.2372E-03
      Min diagonal in reduced matrix:    0.2706E-04
      Ratio:                             0.8765E+01
      Maximum no. diagonal digits lost:   0


 Direct Solver has completed LU decomposition 
    Conditioning information: 
      Max diagonal in reduced matrix:    0.3599E+03
      Min diagonal in reduced matrix:    0.1000E+01
      Ratio:                             0.3599E+03
      Maximum no. diagonal digits lost:   2


  Newton Raphson iteration       1
  Correction norm               0.674981D-17
  Generalized Force norm        0.548057D-02
  Out of balance force norm     0.197226D-16
  Ratio                         0.359865D-14
  Tolerance                     0.100000D-04


    Step number     2 has completed successfully
    Steps remaining:                          18
    Elapsed time:                     2.0000    
    Time remaining:                   8.0000    
    Time step has been adjusted to:   1.0000    
    Max time step:                    1.0000    
    Min time step:                   0.10000E-02


 Direct Solver has completed LU decomposition 
    Conditioning information: 
      Max diagonal in reduced matrix:    0.2372E-03
      Min diagonal in reduced matrix:    0.2706E-04
      Ratio:                             0.8765E+01
      Maximum no. diagonal digits lost:   0


 Direct Solver has completed LU decomposition 
    Conditioning information: 
      Max diagonal in reduced matrix:    0.3599E+03
      Min diagonal in reduced matrix:    0.1000E+01
      Ratio:                             0.3599E+03
      Maximum no. diagonal digits lost:   2


  Newton Raphson iteration       1
  Correction norm               0.329093D-17
  Generalized Force norm        0.822085D-02
  Out of balance force norm     0.191255D-16
  Ratio                         0.232646D-14
  Tolerance                     0.100000D-04


    Step number     3 has completed successfully
    Steps remaining:                          17
    Elapsed time:                     3.0000    
    Time remaining:                   7.0000    
    Time step has been adjusted to:   1.0000    
    Max time step:                    1.0000    
    Min time step:                   0.10000E-02


 Direct Solver has completed LU decomposition 
    Conditioning information: 
      Max diagonal in reduced matrix:    0.2372E-03
      Min diagonal in reduced matrix:    0.2706E-04
      Ratio:                             0.8765E+01
      Maximum no. diagonal digits lost:   0


 Direct Solver has completed LU decomposition 
    Conditioning information: 
      Max diagonal in reduced matrix:    0.3599E+03
      Min diagonal in reduced matrix:    0.1000E+01
      Ratio:                             0.3599E+03
      Maximum no. diagonal digits lost:   2


  Newton Raphson iteration       1
  Correction norm               0.530649D-18
  Generalized Force norm        0.109611D-01
  Out of balance force norm     0.219326D-16
  Ratio                         0.200094D-14
  Tolerance                     0.100000D-04


    Step number     4 has completed successfully
    Steps remaining:                          16
    Elapsed time:                     4.0000    
    Time remaining:                   6.0000    
    Time step has been adjusted to:   1.0000    
    Max time step:                    1.0000    
    Min time step:                   0.10000E-02


 Direct Solver has completed LU decomposition 
    Conditioning information: 
      Max diagonal in reduced matrix:    0.2372E-03
      Min diagonal in reduced matrix:    0.2706E-04
      Ratio:                             0.8765E+01
      Maximum no. diagonal digits lost:   0


 Direct Solver has completed LU decomposition 
    Conditioning information: 
      Max diagonal in reduced matrix:    0.3599E+03
      Min diagonal in reduced matrix:    0.1000E+01
      Ratio:                             0.3599E+03
      Maximum no. diagonal digits lost:   2


  Newton Raphson iteration       1
  Correction norm               0.562132D-18
  Generalized Force norm        0.137014D-01
  Out of balance force norm     0.219191D-16
  Ratio                         0.159977D-14
  Tolerance                     0.100000D-04


    Step number     5 has completed successfully
    Steps remaining:                          15
    Elapsed time:                     5.0000    
    Time remaining:                   5.0000    
    Time step has been adjusted to:   1.0000    
    Max time step:                    1.0000    
    Min time step:                   0.10000E-02


 Direct Solver has completed LU decomposition 
    Conditioning information: 
      Max diagonal in reduced matrix:    0.2372E-03
      Min diagonal in reduced matrix:    0.2706E-04
      Ratio:                             0.8765E+01
      Maximum no. diagonal digits lost:   0


 Direct Solver has completed LU decomposition 
    Conditioning information: 
      Max diagonal in reduced matrix:    0.3599E+03
      Min diagonal in reduced matrix:    0.1000E+01
      Ratio:                             0.3599E+03
      Maximum no. diagonal digits lost:   2


  Newton Raphson iteration       1
  Correction norm               0.732112D-18
  Generalized Force norm        0.164417D-01
  Out of balance force norm     0.218762D-16
  Ratio                         0.133053D-14
  Tolerance                     0.100000D-04


    Step number     6 has completed successfully
    Steps remaining:                          14
    Elapsed time:                     6.0000    
    Time remaining:                   4.0000    
    Time step has been adjusted to:   1.0000    
    Max time step:                    1.0000    
    Min time step:                   0.10000E-02


 Direct Solver has completed LU decomposition 
    Conditioning information: 
      Max diagonal in reduced matrix:    0.2372E-03
      Min diagonal in reduced matrix:    0.2706E-04
      Ratio:                             0.8765E+01
      Maximum no. diagonal digits lost:   0


 Direct Solver has completed LU decomposition 
    Conditioning information: 
      Max diagonal in reduced matrix:    0.3599E+03
      Min diagonal in reduced matrix:    0.1000E+01
      Ratio:                             0.3599E+03
      Maximum no. diagonal digits lost:   2


  Newton Raphson iteration       1
  Correction norm               0.105909D-17
  Generalized Force norm        0.191820D-01
  Out of balance force norm     0.218343D-16
  Ratio                         0.113827D-14
  Tolerance                     0.100000D-04


    Step number     7 has completed successfully
    Steps remaining:                          13
    Elapsed time:                     7.0000    
    Time remaining:                   3.0000    
    Time step has been adjusted to:   1.0000    
    Max time step:                    1.0000    
    Min time step:                   0.10000E-02


 Direct Solver has completed LU decomposition 
    Conditioning information: 
      Max diagonal in reduced matrix:    0.2372E-03
      Min diagonal in reduced matrix:    0.2706E-04
      Ratio:                             0.8765E+01
      Maximum no. diagonal digits lost:   0


 Direct Solver has completed LU decomposition 
    Conditioning information: 
      Max diagonal in reduced matrix:    0.3599E+03
      Min diagonal in reduced matrix:    0.1000E+01
      Ratio:                             0.3599E+03
      Maximum no. diagonal digits lost:   2


  Newton Raphson iteration       1
  Correction norm               0.176486D-17
  Generalized Force norm        0.219223D-01
  Out of balance force norm     0.218538D-16
  Ratio                         0.996878D-15
  Tolerance                     0.100000D-04


    Step number     8 has completed successfully
    Steps remaining:                          12
    Elapsed time:                     8.0000    
    Time remaining:                   2.0000    
    Time step has been adjusted to:   1.0000    
    Max time step:                    1.0000    
    Min time step:                   0.10000E-02


 Direct Solver has completed LU decomposition 
    Conditioning information: 
      Max diagonal in reduced matrix:    0.2372E-03
      Min diagonal in reduced matrix:    0.2706E-04
      Ratio:                             0.8765E+01
      Maximum no. diagonal digits lost:   0


 Direct Solver has completed LU decomposition 
    Conditioning information: 
      Max diagonal in reduced matrix:    0.3599E+03
      Min diagonal in reduced matrix:    0.1000E+01
      Ratio:                             0.3599E+03
      Maximum no. diagonal digits lost:   2


  Newton Raphson iteration       1
  Correction norm               0.175053D-17
  Generalized Force norm        0.246626D-01
  Out of balance force norm     0.238355D-16
  Ratio                         0.966465D-15
  Tolerance                     0.100000D-04


    Step number     9 has completed successfully
    Steps remaining:                          11
    Elapsed time:                     9.0000    
    Time remaining:                   1.0000    
    Time step has been adjusted to:   1.0000    
    Max time step:                    1.0000    
    Min time step:                   0.10000E-02


 Direct Solver has completed LU decomposition 
    Conditioning information: 
      Max diagonal in reduced matrix:    0.2372E-03
      Min diagonal in reduced matrix:    0.2706E-04
      Ratio:                             0.8765E+01
      Maximum no. diagonal digits lost:   0


 Direct Solver has completed LU decomposition 
    Conditioning information: 
      Max diagonal in reduced matrix:    0.3599E+03
      Min diagonal in reduced matrix:    0.1000E+01
      Ratio:                             0.3599E+03
      Maximum no. diagonal digits lost:   2


  Newton Raphson iteration       1
  Correction norm               0.296382D-17
  Generalized Force norm        0.274028D-01
  Out of balance force norm     0.242118D-16
  Ratio                         0.883551D-15
  Tolerance                     0.100000D-04


    Step number    10 has completed successfully
    Steps remaining:                          10
    Elapsed time:                     10.000    
    Time remaining:                   0.0000    
    Time step has been adjusted to:   0.0000    
    Max time step:                    1.0000    
    Min time step:                   0.10000E-02


 Direct Solver has completed LU decomposition 
    Conditioning information: 
      Max diagonal in reduced matrix:    0.2372E-03
      Min diagonal in reduced matrix:    0.2706E-04
      Ratio:                             0.8765E+01
      Maximum no. diagonal digits lost:   0
