

 The input file has been read successfully 
 Number of elements:              250
 Number of nodes:                 811
 Number of constraints:             0
 Total no. degrees of freedom:   1622


 Direct Solver Profiler has completed profile computation 
     Total number of equations       1622
     Maximum half bandwidth:          129
     Mean half bandwidth:              76
     RMS half bandwidth:               82
     Size of stiffness matrix:     122635


 Direct Solver has completed LU decomposition 
    Conditioning information: 
      Max diagonal in reduced matrix:    0.4650E+03
      Min diagonal in reduced matrix:    0.1000E+01
      Ratio:                             0.4650E+03
      Maximum no. diagonal digits lost:   2


  Newton Raphson iteration       1
  Correction norm               0.196305D-02
  Generalized Force norm        0.185583D-02
  Out of balance force norm     0.226140D-15
  Ratio                         0.592163D-13
  Tolerance                     0.100000D-04


    Step number     1 has completed successfully
    Steps remaining:                          19
    Elapsed time:                     1.0000    
    Time remaining:                   9.0000    
    Time step has been adjusted to:   1.0000    
    Max time step:                    1.0000    
    Min time step:                   0.10000E-02


 Direct Solver has completed LU decomposition 
    Conditioning information: 
      Max diagonal in reduced matrix:    0.1253E-03
      Min diagonal in reduced matrix:    0.8281E-05
      Ratio:                             0.1513E+02
      Maximum no. diagonal digits lost:   0


 Direct Solver has completed LU decomposition 
    Conditioning information: 
      Max diagonal in reduced matrix:    0.4650E+03
      Min diagonal in reduced matrix:    0.1000E+01
      Ratio:                             0.4650E+03
      Maximum no. diagonal digits lost:   2


  Newton Raphson iteration       1
  Correction norm               0.360270D-16
  Generalized Force norm        0.371166D-02
  Out of balance force norm     0.726722D-16
  Ratio                         0.195794D-13
  Tolerance                     0.100000D-04


    Step number     2 has completed successfully
    Steps remaining:                          18
    Elapsed time:                     2.0000    
    Time remaining:                   8.0000    
    Time step has been adjusted to:   1.0000    
    Max time step:                    1.0000    
    Min time step:                   0.10000E-02


 Direct Solver has completed LU decomposition 
    Conditioning information: 
      Max diagonal in reduced matrix:    0.1253E-03
      Min diagonal in reduced matrix:    0.8281E-05
      Ratio:                             0.1513E+02
      Maximum no. diagonal digits lost:   0


 Direct Solver has completed LU decomposition 
    Conditioning information: 
      Max diagonal in reduced matrix:    0.4650E+03
      Min diagonal in reduced matrix:    0.1000E+01
      Ratio:                             0.4650E+03
      Maximum no. diagonal digits lost:   2


  Newton Raphson iteration       1
  Correction norm               0.180736D-16
  Generalized Force norm        0.556749D-02
  Out of balance force norm     0.650851D-16
  Ratio                         0.116902D-13
  Tolerance                     0.100000D-04


    Step number     3 has completed successfully
    Steps remaining:                          17
    Elapsed time:                     3.0000    
    Time remaining:                   7.0000    
    Time step has been adjusted to:   1.0000    
    Max time step:                    1.0000    
    Min time step:                   0.10000E-02


 Direct Solver has completed LU decomposition 
    Conditioning information: 
      Max diagonal in reduced matrix:    0.1253E-03
      Min diagonal in reduced matrix:    0.8281E-05
      Ratio:                             0.1513E+02
      Maximum no. diagonal digits lost:   0


 Direct Solver has completed LU decomposition 
    Conditioning information: 
      Max diagonal in reduced matrix:    0.4650E+03
      Min diagonal in reduced matrix:    0.1000E+01
      Ratio:                             0.4650E+03
      Maximum no. diagonal digits lost:   2


  Newton Raphson iteration       1
  Correction norm               0.191320D-17
  Generalized Force norm        0.742332D-02
  Out of balance force norm     0.668559D-16
  Ratio                         0.900619D-14
  Tolerance                     0.100000D-04


    Step number     4 has completed successfully
    Steps remaining:                          16
    Elapsed time:                     4.0000    
    Time remaining:                   6.0000    
    Time step has been adjusted to:   1.0000    
    Max time step:                    1.0000    
    Min time step:                   0.10000E-02


 Direct Solver has completed LU decomposition 
    Conditioning information: 
      Max diagonal in reduced matrix:    0.1253E-03
      Min diagonal in reduced matrix:    0.8281E-05
      Ratio:                             0.1513E+02
      Maximum no. diagonal digits lost:   0


 Direct Solver has completed LU decomposition 
    Conditioning information: 
      Max diagonal in reduced matrix:    0.4650E+03
      Min diagonal in reduced matrix:    0.1000E+01
      Ratio:                             0.4650E+03
      Maximum no. diagonal digits lost:   2


  Newton Raphson iteration       1
  Correction norm               0.228943D-17
  Generalized Force norm        0.927915D-02
  Out of balance force norm     0.664298D-16
  Ratio                         0.715904D-14
  Tolerance                     0.100000D-04


    Step number     5 has completed successfully
    Steps remaining:                          15
    Elapsed time:                     5.0000    
    Time remaining:                   5.0000    
    Time step has been adjusted to:   1.0000    
    Max time step:                    1.0000    
    Min time step:                   0.10000E-02


 Direct Solver has completed LU decomposition 
    Conditioning information: 
      Max diagonal in reduced matrix:    0.1253E-03
      Min diagonal in reduced matrix:    0.8281E-05
      Ratio:                             0.1513E+02
      Maximum no. diagonal digits lost:   0


 Direct Solver has completed LU decomposition 
    Conditioning information: 
      Max diagonal in reduced matrix:    0.4650E+03
      Min diagonal in reduced matrix:    0.1000E+01
      Ratio:                             0.4650E+03
      Maximum no. diagonal digits lost:   2


  Newton Raphson iteration       1
  Correction norm               0.243869D-17
  Generalized Force norm        0.111350D-01
  Out of balance force norm     0.689783D-16
  Ratio                         0.619474D-14
  Tolerance                     0.100000D-04


    Step number     6 has completed successfully
    Steps remaining:                          14
    Elapsed time:                     6.0000    
    Time remaining:                   4.0000    
    Time step has been adjusted to:   1.0000    
    Max time step:                    1.0000    
    Min time step:                   0.10000E-02


 Direct Solver has completed LU decomposition 
    Conditioning information: 
      Max diagonal in reduced matrix:    0.1253E-03
      Min diagonal in reduced matrix:    0.8281E-05
      Ratio:                             0.1513E+02
      Maximum no. diagonal digits lost:   0


 Direct Solver has completed LU decomposition 
    Conditioning information: 
      Max diagonal in reduced matrix:    0.4650E+03
      Min diagonal in reduced matrix:    0.1000E+01
      Ratio:                             0.4650E+03
      Maximum no. diagonal digits lost:   2


  Newton Raphson iteration       1
  Correction norm               0.364859D-17
  Generalized Force norm        0.129908D-01
  Out of balance force norm     0.637647D-16
  Ratio                         0.490845D-14
  Tolerance                     0.100000D-04


    Step number     7 has completed successfully
    Steps remaining:                          13
    Elapsed time:                     7.0000    
    Time remaining:                   3.0000    
    Time step has been adjusted to:   1.0000    
    Max time step:                    1.0000    
    Min time step:                   0.10000E-02


 Direct Solver has completed LU decomposition 
    Conditioning information: 
      Max diagonal in reduced matrix:    0.1253E-03
      Min diagonal in reduced matrix:    0.8281E-05
      Ratio:                             0.1513E+02
      Maximum no. diagonal digits lost:   0


 Direct Solver has completed LU decomposition 
    Conditioning information: 
      Max diagonal in reduced matrix:    0.4650E+03
      Min diagonal in reduced matrix:    0.1000E+01
      Ratio:                             0.4650E+03
      Maximum no. diagonal digits lost:   2


  Newton Raphson iteration       1
  Correction norm               0.441771D-17
  Generalized Force norm        0.148466D-01
  Out of balance force norm     0.622997D-16
  Ratio                         0.419621D-14
  Tolerance                     0.100000D-04


    Step number     8 has completed successfully
    Steps remaining:                          12
    Elapsed time:                     8.0000    
    Time remaining:                   2.0000    
    Time step has been adjusted to:   1.0000    
    Max time step:                    1.0000    
    Min time step:                   0.10000E-02


 Direct Solver has completed LU decomposition 
    Conditioning information: 
      Max diagonal in reduced matrix:    0.1253E-03
      Min diagonal in reduced matrix:    0.8281E-05
      Ratio:                             0.1513E+02
      Maximum no. diagonal digits lost:   0


 Direct Solver has completed LU decomposition 
    Conditioning information: 
      Max diagonal in reduced matrix:    0.4650E+03
      Min diagonal in reduced matrix:    0.1000E+01
      Ratio:                             0.4650E+03
      Maximum no. diagonal digits lost:   2


  Newton Raphson iteration       1
  Correction norm               0.455225D-17
  Generalized Force norm        0.167025D-01
  Out of balance force norm     0.646942D-16
  Ratio                         0.387333D-14
  Tolerance                     0.100000D-04


    Step number     9 has completed successfully
    Steps remaining:                          11
    Elapsed time:                     9.0000    
    Time remaining:                   1.0000    
    Time step has been adjusted to:   1.0000    
    Max time step:                    1.0000    
    Min time step:                   0.10000E-02


 Direct Solver has completed LU decomposition 
    Conditioning information: 
      Max diagonal in reduced matrix:    0.1253E-03
      Min diagonal in reduced matrix:    0.8281E-05
      Ratio:                             0.1513E+02
      Maximum no. diagonal digits lost:   0


 Direct Solver has completed LU decomposition 
    Conditioning information: 
      Max diagonal in reduced matrix:    0.4650E+03
      Min diagonal in reduced matrix:    0.1000E+01
      Ratio:                             0.4650E+03
      Maximum no. diagonal digits lost:   2


  Newton Raphson iteration       1
  Correction norm               0.656039D-17
  Generalized Force norm        0.185583D-01
  Out of balance force norm     0.621483D-16
  Ratio                         0.334881D-14
  Tolerance                     0.100000D-04


    Step number    10 has completed successfully
    Steps remaining:                          10
    Elapsed time:                     10.000    
    Time remaining:                   0.0000    
    Time step has been adjusted to:   0.0000    
    Max time step:                    1.0000    
    Min time step:                   0.10000E-02


 Direct Solver has completed LU decomposition 
    Conditioning information: 
      Max diagonal in reduced matrix:    0.1253E-03
      Min diagonal in reduced matrix:    0.8281E-05
      Ratio:                             0.1513E+02
      Maximum no. diagonal digits lost:   0
