

 The input file has been read successfully 
 Number of elements:              457
 Number of nodes:                 259
 Number of constraints:             0
 Total no. degrees of freedom:    518


 Direct Solver Profiler has completed profile computation 
     Total number of equations        518
     Maximum half bandwidth:           37
     Mean half bandwidth:              28
     RMS half bandwidth:               29
     Size of stiffness matrix:      14279


 Direct Solver has completed LU decomposition 
    Conditioning information: 
      Max diagonal in reduced matrix:    0.3061E+03
      Min diagonal in reduced matrix:    0.1000E+01
      Ratio:                             0.3061E+03
      Maximum no. diagonal digits lost:   2


  Newton Raphson iteration       1
  Correction norm               0.113404D-02
  Generalized Force norm        0.249238D-02
  Out of balance force norm     0.655327D-16
  Ratio                         0.180709D-13
  Tolerance                     0.100000D-04


    Step number     1 has completed successfully
    Steps remaining:                          19
    Elapsed time:                     1.0000    
    Time remaining:                   9.0000    
    Time step has been adjusted to:   1.0000    
    Max time step:                    1.0000    
    Min time step:                   0.10000E-02


 Direct Solver has completed LU decomposition 
    Conditioning information: 
      Max diagonal in reduced matrix:    0.2372E-03
      Min diagonal in reduced matrix:    0.2706E-04
      Ratio:                             0.8765E+01
      Maximum no. diagonal digits lost:   0


 Direct Solver has completed LU decomposition 
    Conditioning information: 
      Max diagonal in reduced matrix:    0.3061E+03
      Min diagonal in reduced matrix:    0.1000E+01
      Ratio:                             0.3061E+03
      Maximum no. diagonal digits lost:   2


  Newton Raphson iteration       1
  Correction norm               0.580392D-17
  Generalized Force norm        0.498476D-02
  Out of balance force norm     0.156444D-16
  Ratio                         0.313844D-14
  Tolerance                     0.100000D-04


    Step number     2 has completed successfully
    Steps remaining:                          18
    Elapsed time:                     2.0000    
    Time remaining:                   8.0000    
    Time step has been adjusted to:   1.0000    
    Max time step:                    1.0000    
    Min time step:                   0.10000E-02


 Direct Solver has completed LU decomposition 
    Conditioning information: 
      Max diagonal in reduced matrix:    0.2372E-03
      Min diagonal in reduced matrix:    0.2706E-04
      Ratio:                             0.8765E+01
      Maximum no. diagonal digits lost:   0


 Direct Solver has completed LU decomposition 
    Conditioning information: 
      Max diagonal in reduced matrix:    0.3061E+03
      Min diagonal in reduced matrix:    0.1000E+01
      Ratio:                             0.3061E+03
      Maximum no. diagonal digits lost:   2


  Newton Raphson iteration       1
  Correction norm               0.305470D-17
  Generalized Force norm        0.747715D-02
  Out of balance force norm     0.171417D-16
  Ratio                         0.229254D-14
  Tolerance                     0.100000D-04


    Step number     3 has completed successfully
    Steps remaining:                          17
    Elapsed time:                     3.0000    
    Time remaining:                   7.0000    
    Time step has been adjusted to:   1.0000    
    Max time step:                    1.0000    
    Min time step:                   0.10000E-02


 Direct Solver has completed LU decomposition 
    Conditioning information: 
      Max diagonal in reduced matrix:    0.2372E-03
      Min diagonal in reduced matrix:    0.2706E-04
      Ratio:                             0.8765E+01
      Maximum no. diagonal digits lost:   0


 Direct Solver has completed LU decomposition 
    Conditioning information: 
      Max diagonal in reduced matrix:    0.3061E+03
      Min diagonal in reduced matrix:    0.1000E+01
      Ratio:                             0.3061E+03
      Maximum no. diagonal digits lost:   2


  Newton Raphson iteration       1
  Correction norm               0.454470D-18
  Generalized Force norm        0.996953D-02
  Out of balance force norm     0.171021D-16
  Ratio                         0.171544D-14
  Tolerance                     0.100000D-04


    Step number     4 has completed successfully
    Steps remaining:                          16
    Elapsed time:                     4.0000    
    Time remaining:                   6.0000    
    Time step has been adjusted to:   1.0000    
    Max time step:                    1.0000    
    Min time step:                   0.10000E-02


 Direct Solver has completed LU decomposition 
    Conditioning information: 
      Max diagonal in reduced matrix:    0.2372E-03
      Min diagonal in reduced matrix:    0.2706E-04
      Ratio:                             0.8765E+01
      Maximum no. diagonal digits lost:   0


 Direct Solver has completed LU decomposition 
    Conditioning information: 
      Max diagonal in reduced matrix:    0.3061E+03
      Min diagonal in reduced matrix:    0.1000E+01
      Ratio:                             0.3061E+03
      Maximum no. diagonal digits lost:   2


  Newton Raphson iteration       1
  Correction norm               0.634658D-18
  Generalized Force norm        0.124619D-01
  Out of balance force norm     0.173131D-16
  Ratio                         0.138928D-14
  Tolerance                     0.100000D-04


    Step number     5 has completed successfully
    Steps remaining:                          15
    Elapsed time:                     5.0000    
    Time remaining:                   5.0000    
    Time step has been adjusted to:   1.0000    
    Max time step:                    1.0000    
    Min time step:                   0.10000E-02


 Direct Solver has completed LU decomposition 
    Conditioning information: 
      Max diagonal in reduced matrix:    0.2372E-03
      Min diagonal in reduced matrix:    0.2706E-04
      Ratio:                             0.8765E+01
      Maximum no. diagonal digits lost:   0


 Direct Solver has completed LU decomposition 
    Conditioning information: 
      Max diagonal in reduced matrix:    0.3061E+03
      Min diagonal in reduced matrix:    0.1000E+01
      Ratio:                             0.3061E+03
      Maximum no. diagonal digits lost:   2


  Newton Raphson iteration       1
  Correction norm               0.781153D-18
  Generalized Force norm        0.149543D-01
  Out of balance force norm     0.177392D-16
  Ratio                         0.118623D-14
  Tolerance                     0.100000D-04


    Step number     6 has completed successfully
    Steps remaining:                          14
    Elapsed time:                     6.0000    
    Time remaining:                   4.0000    
    Time step has been adjusted to:   1.0000    
    Max time step:                    1.0000    
    Min time step:                   0.10000E-02


 Direct Solver has completed LU decomposition 
    Conditioning information: 
      Max diagonal in reduced matrix:    0.2372E-03
      Min diagonal in reduced matrix:    0.2706E-04
      Ratio:                             0.8765E+01
      Maximum no. diagonal digits lost:   0


 Direct Solver has completed LU decomposition 
    Conditioning information: 
      Max diagonal in reduced matrix:    0.3061E+03
      Min diagonal in reduced matrix:    0.1000E+01
      Ratio:                             0.3061E+03
      Maximum no. diagonal digits lost:   2


  Newton Raphson iteration       1
  Correction norm               0.126905D-17
  Generalized Force norm        0.174467D-01
  Out of balance force norm     0.189072D-16
  Ratio                         0.108371D-14
  Tolerance                     0.100000D-04


    Step number     7 has completed successfully
    Steps remaining:                          13
    Elapsed time:                     7.0000    
    Time remaining:                   3.0000    
    Time step has been adjusted to:   1.0000    
    Max time step:                    1.0000    
    Min time step:                   0.10000E-02


 Direct Solver has completed LU decomposition 
    Conditioning information: 
      Max diagonal in reduced matrix:    0.2372E-03
      Min diagonal in reduced matrix:    0.2706E-04
      Ratio:                             0.8765E+01
      Maximum no. diagonal digits lost:   0


 Direct Solver has completed LU decomposition 
    Conditioning information: 
      Max diagonal in reduced matrix:    0.3061E+03
      Min diagonal in reduced matrix:    0.1000E+01
      Ratio:                             0.3061E+03
      Maximum no. diagonal digits lost:   2


  Newton Raphson iteration       1
  Correction norm               0.148005D-17
  Generalized Force norm        0.199391D-01
  Out of balance force norm     0.208683D-16
  Ratio                         0.104661D-14
  Tolerance                     0.100000D-04


    Step number     8 has completed successfully
    Steps remaining:                          12
    Elapsed time:                     8.0000    
    Time remaining:                   2.0000    
    Time step has been adjusted to:   1.0000    
    Max time step:                    1.0000    
    Min time step:                   0.10000E-02


 Direct Solver has completed LU decomposition 
    Conditioning information: 
      Max diagonal in reduced matrix:    0.2372E-03
      Min diagonal in reduced matrix:    0.2706E-04
      Ratio:                             0.8765E+01
      Maximum no. diagonal digits lost:   0


 Direct Solver has completed LU decomposition 
    Conditioning information: 
      Max diagonal in reduced matrix:    0.3061E+03
      Min diagonal in reduced matrix:    0.1000E+01
      Ratio:                             0.3061E+03
      Maximum no. diagonal digits lost:   2


  Newton Raphson iteration       1
  Correction norm               0.146914D-17
  Generalized Force norm        0.224314D-01
  Out of balance force norm     0.209498D-16
  Ratio                         0.933949D-15
  Tolerance                     0.100000D-04


    Step number     9 has completed successfully
    Steps remaining:                          11
    Elapsed time:                     9.0000    
    Time remaining:                   1.0000    
    Time step has been adjusted to:   1.0000    
    Max time step:                    1.0000    
    Min time step:                   0.10000E-02


 Direct Solver has completed LU decomposition 
    Conditioning information: 
      Max diagonal in reduced matrix:    0.2372E-03
      Min diagonal in reduced matrix:    0.2706E-04
      Ratio:                             0.8765E+01
      Maximum no. diagonal digits lost:   0


 Direct Solver has completed LU decomposition 
    Conditioning information: 
      Max diagonal in reduced matrix:    0.3061E+03
      Min diagonal in reduced matrix:    0.1000E+01
      Ratio:                             0.3061E+03
      Maximum no. diagonal digits lost:   2


  Newton Raphson iteration       1
  Correction norm               0.217926D-17
  Generalized Force norm        0.249238D-01
  Out of balance force norm     0.215489D-16
  Ratio                         0.864591D-15
  Tolerance                     0.100000D-04


    Step number    10 has completed successfully
    Steps remaining:                          10
    Elapsed time:                     10.000    
    Time remaining:                   0.0000    
    Time step has been adjusted to:   0.0000    
    Max time step:                    1.0000    
    Min time step:                   0.10000E-02


 Direct Solver has completed LU decomposition 
    Conditioning information: 
      Max diagonal in reduced matrix:    0.2372E-03
      Min diagonal in reduced matrix:    0.2706E-04
      Ratio:                             0.8765E+01
      Maximum no. diagonal digits lost:   0
