

 The input file has been read successfully 
 Number of elements:              457
 Number of nodes:                 974
 Number of constraints:             0
 Total no. degrees of freedom:   1948

  Column            1  node            1  DOF            1
 Row    1 node    1 DOF    1 Stiffness     0.14949D+04 Numerical deriv     0.14949D+04
 Row    2 node    1 DOF    2 Stiffness     0.76228D+03 Numerical deriv     0.76228D+03
 Row    3 node    2 DOF    1 Stiffness    -0.41047D+03 Numerical deriv    -0.41047D+03
 Row    4 node    2 DOF    2 Stiffness    -0.16182D+03 Numerical deriv    -0.16182D+03
 Row    5 node    3 DOF    1 Stiffness     0.35236D+02 Numerical deriv     0.35236D+02
 Row    6 node    3 DOF    2 Stiffness    -0.24092D+03 Numerical deriv    -0.24092D+03
 Row    7 node    4 DOF    1 Stiffness    -0.10420D+04 Numerical deriv    -0.10420D+04
 Row    8 node    4 DOF    2 Stiffness    -0.80572D+03 Numerical deriv    -0.80572D+03
 Row    9 node    5 DOF    1 Stiffness     0.24012D+04 Numerical deriv     0.24012D+04
 Row   10 node    5 DOF    2 Stiffness     0.14562D+04 Numerical deriv     0.14562D+04
 Row   11 node    6 DOF    1 Stiffness    -0.24789D+04 Numerical deriv    -0.24789D+04
 Row   12 node    6 DOF    2 Stiffness    -0.10100D+04 Numerical deriv    -0.10100D+04

  Column            2  node            1  DOF            2
 Row    1 node    1 DOF    1 Stiffness     0.76228D+03 Numerical deriv     0.76228D+03
 Row    2 node    1 DOF    2 Stiffness     0.27819D+04 Numerical deriv     0.27819D+04
 Row    3 node    2 DOF    1 Stiffness    -0.13984D+03 Numerical deriv    -0.13984D+03
 Row    4 node    2 DOF    2 Stiffness    -0.15022D+03 Numerical deriv    -0.15022D+03
 Row    5 node    3 DOF    1 Stiffness    -0.57765D+02 Numerical deriv    -0.57765D+02
 Row    6 node    3 DOF    2 Stiffness     0.27091D+04 Numerical deriv     0.27091D+04
 Row    7 node    4 DOF    1 Stiffness    -0.68850D+03 Numerical deriv    -0.68850D+03
 Row    8 node    4 DOF    2 Stiffness    -0.56884D+03 Numerical deriv    -0.56884D+03
 Row    9 node    5 DOF    1 Stiffness     0.12510D+04 Numerical deriv     0.12510D+04
 Row   10 node    5 DOF    2 Stiffness     0.11067D+04 Numerical deriv     0.11067D+04
 Row   11 node    6 DOF    1 Stiffness    -0.11272D+04 Numerical deriv    -0.11272D+04
 Row   12 node    6 DOF    2 Stiffness    -0.58786D+04 Numerical deriv    -0.58786D+04

  Column            3  node            2  DOF            1
 Row    1 node    1 DOF    1 Stiffness    -0.41047D+03 Numerical deriv    -0.41047D+03
 Row    2 node    1 DOF    2 Stiffness    -0.13984D+03 Numerical deriv    -0.13984D+03
 Row    3 node    2 DOF    1 Stiffness     0.33592D+04 Numerical deriv     0.33592D+04
 Row    4 node    2 DOF    2 Stiffness     0.10076D+03 Numerical deriv     0.10076D+03
 Row    5 node    3 DOF    1 Stiffness     0.23203D+04 Numerical deriv     0.23203D+04
 Row    6 node    3 DOF    2 Stiffness    -0.10354D+04 Numerical deriv    -0.10354D+04
 Row    7 node    4 DOF    1 Stiffness    -0.11687D+04 Numerical deriv    -0.11687D+04
 Row    8 node    4 DOF    2 Stiffness    -0.73683D+03 Numerical deriv    -0.73683D+03
 Row    9 node    5 DOF    1 Stiffness    -0.67473D+04 Numerical deriv    -0.67473D+04
 Row   10 node    5 DOF    2 Stiffness     0.51745D+03 Numerical deriv     0.51745D+03
 Row   11 node    6 DOF    1 Stiffness     0.26470D+04 Numerical deriv     0.26470D+04
 Row   12 node    6 DOF    2 Stiffness     0.12939D+04 Numerical deriv     0.12939D+04

  Column            4  node            2  DOF            2
 Row    1 node    1 DOF    1 Stiffness    -0.16182D+03 Numerical deriv    -0.16182D+03
 Row    2 node    1 DOF    2 Stiffness    -0.15022D+03 Numerical deriv    -0.15022D+03
 Row    3 node    2 DOF    1 Stiffness     0.10076D+03 Numerical deriv     0.10076D+03
 Row    4 node    2 DOF    2 Stiffness     0.11831D+04 Numerical deriv     0.11831D+04
 Row    5 node    3 DOF    1 Stiffness    -0.12185D+04 Numerical deriv    -0.12185D+04
 Row    6 node    3 DOF    2 Stiffness     0.68574D+03 Numerical deriv     0.68574D+03
 Row    7 node    4 DOF    1 Stiffness    -0.85405D+03 Numerical deriv    -0.85405D+03
 Row    8 node    4 DOF    2 Stiffness    -0.52243D+03 Numerical deriv    -0.52243D+03
 Row    9 node    5 DOF    1 Stiffness     0.63466D+03 Numerical deriv     0.63466D+03
 Row   10 node    5 DOF    2 Stiffness    -0.22623D+04 Numerical deriv    -0.22623D+04
 Row   11 node    6 DOF    1 Stiffness     0.14990D+04 Numerical deriv     0.14990D+04
 Row   12 node    6 DOF    2 Stiffness     0.10661D+04 Numerical deriv     0.10661D+04

  Column            5  node            3  DOF            1
 Row    1 node    1 DOF    1 Stiffness     0.35236D+02 Numerical deriv     0.35236D+02
 Row    2 node    1 DOF    2 Stiffness    -0.57765D+02 Numerical deriv    -0.57765D+02
 Row    3 node    2 DOF    1 Stiffness     0.23203D+04 Numerical deriv     0.23203D+04
 Row    4 node    2 DOF    2 Stiffness    -0.12185D+04 Numerical deriv    -0.12185D+04
 Row    5 node    3 DOF    1 Stiffness     0.53329D+04 Numerical deriv     0.53329D+04
 Row    6 node    3 DOF    2 Stiffness    -0.28937D+04 Numerical deriv    -0.28937D+04
 Row    7 node    4 DOF    1 Stiffness     0.13912D+04 Numerical deriv     0.13912D+04
 Row    8 node    4 DOF    2 Stiffness    -0.75014D+03 Numerical deriv    -0.75014D+03
 Row    9 node    5 DOF    1 Stiffness    -0.76793D+04 Numerical deriv    -0.76793D+04
 Row   10 node    5 DOF    2 Stiffness     0.40595D+04 Numerical deriv     0.40595D+04
 Row   11 node    6 DOF    1 Stiffness    -0.14004D+04 Numerical deriv    -0.14004D+04
 Row   12 node    6 DOF    2 Stiffness     0.86066D+03 Numerical deriv     0.86066D+03

  Column            6  node            3  DOF            2
 Row    1 node    1 DOF    1 Stiffness    -0.24092D+03 Numerical deriv    -0.24092D+03
 Row    2 node    1 DOF    2 Stiffness     0.27091D+04 Numerical deriv     0.27091D+04
 Row    3 node    2 DOF    1 Stiffness    -0.10354D+04 Numerical deriv    -0.10354D+04
 Row    4 node    2 DOF    2 Stiffness     0.68574D+03 Numerical deriv     0.68574D+03
 Row    5 node    3 DOF    1 Stiffness    -0.28937D+04 Numerical deriv    -0.28937D+04
 Row    6 node    3 DOF    2 Stiffness     0.77185D+04 Numerical deriv     0.77185D+04
 Row    7 node    4 DOF    1 Stiffness    -0.75014D+03 Numerical deriv    -0.75014D+03
 Row    8 node    4 DOF    2 Stiffness     0.19924D+04 Numerical deriv     0.19924D+04
 Row    9 node    5 DOF    1 Stiffness     0.35614D+04 Numerical deriv     0.35614D+04
 Row   10 node    5 DOF    2 Stiffness    -0.38361D+04 Numerical deriv    -0.38361D+04
 Row   11 node    6 DOF    1 Stiffness     0.13588D+04 Numerical deriv     0.13588D+04
 Row   12 node    6 DOF    2 Stiffness    -0.92697D+04 Numerical deriv    -0.92697D+04

  Column            7  node            4  DOF            1
 Row    1 node    1 DOF    1 Stiffness    -0.10420D+04 Numerical deriv    -0.10420D+04
 Row    2 node    1 DOF    2 Stiffness    -0.68850D+03 Numerical deriv    -0.68850D+03
 Row    3 node    2 DOF    1 Stiffness    -0.11687D+04 Numerical deriv    -0.11687D+04
 Row    4 node    2 DOF    2 Stiffness    -0.85405D+03 Numerical deriv    -0.85405D+03
 Row    5 node    3 DOF    1 Stiffness     0.13912D+04 Numerical deriv     0.13912D+04
 Row    6 node    3 DOF    2 Stiffness    -0.75014D+03 Numerical deriv    -0.75014D+03
 Row    7 node    4 DOF    1 Stiffness     0.38342D+04 Numerical deriv     0.38342D+04
 Row    8 node    4 DOF    2 Stiffness     0.67913D+03 Numerical deriv     0.67913D+03
 Row    9 node    5 DOF    1 Stiffness    -0.12870D+04 Numerical deriv    -0.12870D+04
 Row   10 node    5 DOF    2 Stiffness     0.10270D+04 Numerical deriv     0.10270D+04
 Row   11 node    6 DOF    1 Stiffness    -0.17277D+04 Numerical deriv    -0.17277D+04
 Row   12 node    6 DOF    2 Stiffness     0.58656D+03 Numerical deriv     0.58656D+03

  Column            8  node            4  DOF            2
 Row    1 node    1 DOF    1 Stiffness    -0.80572D+03 Numerical deriv    -0.80572D+03
 Row    2 node    1 DOF    2 Stiffness    -0.56884D+03 Numerical deriv    -0.56884D+03
 Row    3 node    2 DOF    1 Stiffness    -0.73683D+03 Numerical deriv    -0.73683D+03
 Row    4 node    2 DOF    2 Stiffness    -0.52243D+03 Numerical deriv    -0.52243D+03
 Row    5 node    3 DOF    1 Stiffness    -0.75014D+03 Numerical deriv    -0.75014D+03
 Row    6 node    3 DOF    2 Stiffness     0.19924D+04 Numerical deriv     0.19924D+04
 Row    7 node    4 DOF    1 Stiffness     0.67913D+03 Numerical deriv     0.67913D+03
 Row    8 node    4 DOF    2 Stiffness     0.32771D+04 Numerical deriv     0.32771D+04
 Row    9 node    5 DOF    1 Stiffness     0.79257D+03 Numerical deriv     0.79257D+03
 Row   10 node    5 DOF    2 Stiffness    -0.21943D+04 Numerical deriv    -0.21943D+04
 Row   11 node    6 DOF    1 Stiffness     0.82099D+03 Numerical deriv     0.82099D+03
 Row   12 node    6 DOF    2 Stiffness    -0.19839D+04 Numerical deriv    -0.19839D+04

  Column            9  node            5  DOF            1
 Row    1 node    1 DOF    1 Stiffness     0.24012D+04 Numerical deriv     0.24012D+04
 Row    2 node    1 DOF    2 Stiffness     0.12510D+04 Numerical deriv     0.12510D+04
 Row    3 node    2 DOF    1 Stiffness    -0.67473D+04 Numerical deriv    -0.67473D+04
 Row    4 node    2 DOF    2 Stiffness     0.63466D+03 Numerical deriv     0.63466D+03
 Row    5 node    3 DOF    1 Stiffness    -0.76793D+04 Numerical deriv    -0.76793D+04
 Row    6 node    3 DOF    2 Stiffness     0.35614D+04 Numerical deriv     0.35614D+04
 Row    7 node    4 DOF    1 Stiffness    -0.12870D+04 Numerical deriv    -0.12870D+04
 Row    8 node    4 DOF    2 Stiffness     0.79257D+03 Numerical deriv     0.79257D+03
 Row    9 node    5 DOF    1 Stiffness     0.18960D+05 Numerical deriv     0.18960D+05
 Row   10 node    5 DOF    2 Stiffness    -0.19469D+04 Numerical deriv    -0.19469D+04
 Row   11 node    6 DOF    1 Stiffness    -0.56475D+04 Numerical deriv    -0.56475D+04
 Row   12 node    6 DOF    2 Stiffness    -0.42927D+04 Numerical deriv    -0.42927D+04

  Column           10  node            5  DOF            2
 Row    1 node    1 DOF    1 Stiffness     0.14562D+04 Numerical deriv     0.14562D+04
 Row    2 node    1 DOF    2 Stiffness     0.11067D+04 Numerical deriv     0.11067D+04
 Row    3 node    2 DOF    1 Stiffness     0.51745D+03 Numerical deriv     0.51745D+03
 Row    4 node    2 DOF    2 Stiffness    -0.22623D+04 Numerical deriv    -0.22623D+04
 Row    5 node    3 DOF    1 Stiffness     0.40595D+04 Numerical deriv     0.40595D+04
 Row    6 node    3 DOF    2 Stiffness    -0.38361D+04 Numerical deriv    -0.38361D+04
 Row    7 node    4 DOF    1 Stiffness     0.10270D+04 Numerical deriv     0.10270D+04
 Row    8 node    4 DOF    2 Stiffness    -0.21943D+04 Numerical deriv    -0.21943D+04
 Row    9 node    5 DOF    1 Stiffness    -0.19469D+04 Numerical deriv    -0.19469D+04
 Row   10 node    5 DOF    2 Stiffness     0.82225D+04 Numerical deriv     0.82225D+04
 Row   11 node    6 DOF    1 Stiffness    -0.51132D+04 Numerical deriv    -0.51132D+04
 Row   12 node    6 DOF    2 Stiffness    -0.10365D+04 Numerical deriv    -0.10365D+04

  Column           11  node            6  DOF            1
 Row    1 node    1 DOF    1 Stiffness    -0.24789D+04 Numerical deriv    -0.24789D+04
 Row    2 node    1 DOF    2 Stiffness    -0.11272D+04 Numerical deriv    -0.11272D+04
 Row    3 node    2 DOF    1 Stiffness     0.26470D+04 Numerical deriv     0.26470D+04
 Row    4 node    2 DOF    2 Stiffness     0.14990D+04 Numerical deriv     0.14990D+04
 Row    5 node    3 DOF    1 Stiffness    -0.14004D+04 Numerical deriv    -0.14004D+04
 Row    6 node    3 DOF    2 Stiffness     0.13588D+04 Numerical deriv     0.13588D+04
 Row    7 node    4 DOF    1 Stiffness    -0.17277D+04 Numerical deriv    -0.17277D+04
 Row    8 node    4 DOF    2 Stiffness     0.82099D+03 Numerical deriv     0.82099D+03
 Row    9 node    5 DOF    1 Stiffness    -0.56475D+04 Numerical deriv    -0.56475D+04
 Row   10 node    5 DOF    2 Stiffness    -0.51132D+04 Numerical deriv    -0.51132D+04
 Row   11 node    6 DOF    1 Stiffness     0.86076D+04 Numerical deriv     0.86076D+04
 Row   12 node    6 DOF    2 Stiffness     0.25616D+04 Numerical deriv     0.25616D+04

  Column           12  node            6  DOF            2
 Row    1 node    1 DOF    1 Stiffness    -0.10100D+04 Numerical deriv    -0.10100D+04
 Row    2 node    1 DOF    2 Stiffness    -0.58786D+04 Numerical deriv    -0.58786D+04
 Row    3 node    2 DOF    1 Stiffness     0.12939D+04 Numerical deriv     0.12939D+04
 Row    4 node    2 DOF    2 Stiffness     0.10661D+04 Numerical deriv     0.10661D+04
 Row    5 node    3 DOF    1 Stiffness     0.86066D+03 Numerical deriv     0.86066D+03
 Row    6 node    3 DOF    2 Stiffness    -0.92697D+04 Numerical deriv    -0.92697D+04
 Row    7 node    4 DOF    1 Stiffness     0.58656D+03 Numerical deriv     0.58656D+03
 Row    8 node    4 DOF    2 Stiffness    -0.19839D+04 Numerical deriv    -0.19839D+04
 Row    9 node    5 DOF    1 Stiffness    -0.42927D+04 Numerical deriv    -0.42927D+04
 Row   10 node    5 DOF    2 Stiffness    -0.10365D+04 Numerical deriv    -0.10365D+04
 Row   11 node    6 DOF    1 Stiffness     0.25616D+04 Numerical deriv     0.25616D+04
 Row   12 node    6 DOF    2 Stiffness     0.17103D+05 Numerical deriv     0.17103D+05


 Stiffness matrix is consistent with residual 




 Direct Solver Profiler has completed profile computation 
     Total number of equations       1948
     Maximum half bandwidth:          165
     Mean half bandwidth:              60
     RMS half bandwidth:               81
     Size of stiffness matrix:     116862


 Direct Solver has completed LU decomposition 
    Conditioning information: 
      Max diagonal in reduced matrix:    0.3311E+05
      Min diagonal in reduced matrix:    0.1000E+01
      Ratio:                             0.3311E+05
      Maximum no. diagonal digits lost:   5


  Newton Raphson iteration       1
  Correction norm               0.219600D-02
  Generalized Force norm        0.104336D-01
  Out of balance force norm     0.150362D-13
  Ratio                         0.119056D-11
  Tolerance                     0.100000D-04


    Step number     1 has completed successfully
    Steps remaining:                          19
    Elapsed time:                     1.0000    
    Time remaining:                   9.0000    
    Time step has been adjusted to:   1.0000    
    Max time step:                    1.0000    
    Min time step:                   0.10000E-02


 Direct Solver has completed LU decomposition 
    Conditioning information: 
      Max diagonal in reduced matrix:    0.9200E-04
      Min diagonal in reduced matrix:    0.5672E-05
      Ratio:                             0.1622E+02
      Maximum no. diagonal digits lost:   1


 Direct Solver has completed LU decomposition 
    Conditioning information: 
      Max diagonal in reduced matrix:    0.3311E+05
      Min diagonal in reduced matrix:    0.1000E+01
      Ratio:                             0.3311E+05
      Maximum no. diagonal digits lost:   5


  Newton Raphson iteration       1
  Correction norm               0.781230D-15
  Generalized Force norm        0.208671D-01
  Out of balance force norm     0.327972D-14
  Ratio                         0.157172D-12
  Tolerance                     0.100000D-04


    Step number     2 has completed successfully
    Steps remaining:                          18
    Elapsed time:                     2.0000    
    Time remaining:                   8.0000    
    Time step has been adjusted to:   1.0000    
    Max time step:                    1.0000    
    Min time step:                   0.10000E-02


 Direct Solver has completed LU decomposition 
    Conditioning information: 
      Max diagonal in reduced matrix:    0.9200E-04
      Min diagonal in reduced matrix:    0.5672E-05
      Ratio:                             0.1622E+02
      Maximum no. diagonal digits lost:   1


 Direct Solver has completed LU decomposition 
    Conditioning information: 
      Max diagonal in reduced matrix:    0.3311E+05
      Min diagonal in reduced matrix:    0.1000E+01
      Ratio:                             0.3311E+05
      Maximum no. diagonal digits lost:   5


  Newton Raphson iteration       1
  Correction norm               0.390898D-15
  Generalized Force norm        0.313007D-01
  Out of balance force norm     0.332800D-14
  Ratio                         0.106323D-12
  Tolerance                     0.100000D-04


    Step number     3 has completed successfully
    Steps remaining:                          17
    Elapsed time:                     3.0000    
    Time remaining:                   7.0000    
    Time step has been adjusted to:   1.0000    
    Max time step:                    1.0000    
    Min time step:                   0.10000E-02


 Direct Solver has completed LU decomposition 
    Conditioning information: 
      Max diagonal in reduced matrix:    0.9200E-04
      Min diagonal in reduced matrix:    0.5672E-05
      Ratio:                             0.1622E+02
      Maximum no. diagonal digits lost:   1


 Direct Solver has completed LU decomposition 
    Conditioning information: 
      Max diagonal in reduced matrix:    0.3311E+05
      Min diagonal in reduced matrix:    0.1000E+01
      Ratio:                             0.3311E+05
      Maximum no. diagonal digits lost:   5


  Newton Raphson iteration       1
  Correction norm               0.171457D-17
  Generalized Force norm        0.417343D-01
  Out of balance force norm     0.310781D-14
  Ratio                         0.744667D-13
  Tolerance                     0.100000D-04


    Step number     4 has completed successfully
    Steps remaining:                          16
    Elapsed time:                     4.0000    
    Time remaining:                   6.0000    
    Time step has been adjusted to:   1.0000    
    Max time step:                    1.0000    
    Min time step:                   0.10000E-02


 Direct Solver has completed LU decomposition 
    Conditioning information: 
      Max diagonal in reduced matrix:    0.9200E-04
      Min diagonal in reduced matrix:    0.5672E-05
      Ratio:                             0.1622E+02
      Maximum no. diagonal digits lost:   1


 Direct Solver has completed LU decomposition 
    Conditioning information: 
      Max diagonal in reduced matrix:    0.3311E+05
      Min diagonal in reduced matrix:    0.1000E+01
      Ratio:                             0.3311E+05
      Maximum no. diagonal digits lost:   5


  Newton Raphson iteration       1
  Correction norm               0.233993D-17
  Generalized Force norm        0.521679D-01
  Out of balance force norm     0.297825D-14
  Ratio                         0.570897D-13
  Tolerance                     0.100000D-04


    Step number     5 has completed successfully
    Steps remaining:                          15
    Elapsed time:                     5.0000    
    Time remaining:                   5.0000    
    Time step has been adjusted to:   1.0000    
    Max time step:                    1.0000    
    Min time step:                   0.10000E-02


 Direct Solver has completed LU decomposition 
    Conditioning information: 
      Max diagonal in reduced matrix:    0.9200E-04
      Min diagonal in reduced matrix:    0.5672E-05
      Ratio:                             0.1622E+02
      Maximum no. diagonal digits lost:   1


 Direct Solver has completed LU decomposition 
    Conditioning information: 
      Max diagonal in reduced matrix:    0.3311E+05
      Min diagonal in reduced matrix:    0.1000E+01
      Ratio:                             0.3311E+05
      Maximum no. diagonal digits lost:   5


  Newton Raphson iteration       1
  Correction norm               0.285828D-17
  Generalized Force norm        0.626014D-01
  Out of balance force norm     0.321919D-14
  Ratio                         0.514236D-13
  Tolerance                     0.100000D-04


    Step number     6 has completed successfully
    Steps remaining:                          14
    Elapsed time:                     6.0000    
    Time remaining:                   4.0000    
    Time step has been adjusted to:   1.0000    
    Max time step:                    1.0000    
    Min time step:                   0.10000E-02


 Direct Solver has completed LU decomposition 
    Conditioning information: 
      Max diagonal in reduced matrix:    0.9200E-04
      Min diagonal in reduced matrix:    0.5672E-05
      Ratio:                             0.1622E+02
      Maximum no. diagonal digits lost:   1


 Direct Solver has completed LU decomposition 
    Conditioning information: 
      Max diagonal in reduced matrix:    0.3311E+05
      Min diagonal in reduced matrix:    0.1000E+01
      Ratio:                             0.3311E+05
      Maximum no. diagonal digits lost:   5


  Newton Raphson iteration       1
  Correction norm               0.471801D-17
  Generalized Force norm        0.730350D-01
  Out of balance force norm     0.320865D-14
  Ratio                         0.439331D-13
  Tolerance                     0.100000D-04


    Step number     7 has completed successfully
    Steps remaining:                          13
    Elapsed time:                     7.0000    
    Time remaining:                   3.0000    
    Time step has been adjusted to:   1.0000    
    Max time step:                    1.0000    
    Min time step:                   0.10000E-02


 Direct Solver has completed LU decomposition 
    Conditioning information: 
      Max diagonal in reduced matrix:    0.9200E-04
      Min diagonal in reduced matrix:    0.5672E-05
      Ratio:                             0.1622E+02
      Maximum no. diagonal digits lost:   1


 Direct Solver has completed LU decomposition 
    Conditioning information: 
      Max diagonal in reduced matrix:    0.3311E+05
      Min diagonal in reduced matrix:    0.1000E+01
      Ratio:                             0.3311E+05
      Maximum no. diagonal digits lost:   5


  Newton Raphson iteration       1
  Correction norm               0.699516D-17
  Generalized Force norm        0.834686D-01
  Out of balance force norm     0.317205D-14
  Ratio                         0.380029D-13
  Tolerance                     0.100000D-04


    Step number     8 has completed successfully
    Steps remaining:                          12
    Elapsed time:                     8.0000    
    Time remaining:                   2.0000    
    Time step has been adjusted to:   1.0000    
    Max time step:                    1.0000    
    Min time step:                   0.10000E-02


 Direct Solver has completed LU decomposition 
    Conditioning information: 
      Max diagonal in reduced matrix:    0.9200E-04
      Min diagonal in reduced matrix:    0.5672E-05
      Ratio:                             0.1622E+02
      Maximum no. diagonal digits lost:   1


 Direct Solver has completed LU decomposition 
    Conditioning information: 
      Max diagonal in reduced matrix:    0.3311E+05
      Min diagonal in reduced matrix:    0.1000E+01
      Ratio:                             0.3311E+05
      Maximum no. diagonal digits lost:   5


  Newton Raphson iteration       1
  Correction norm               0.695992D-17
  Generalized Force norm        0.939022D-01
  Out of balance force norm     0.330231D-14
  Ratio                         0.351676D-13
  Tolerance                     0.100000D-04


    Step number     9 has completed successfully
    Steps remaining:                          11
    Elapsed time:                     9.0000    
    Time remaining:                   1.0000    
    Time step has been adjusted to:   1.0000    
    Max time step:                    1.0000    
    Min time step:                   0.10000E-02


 Direct Solver has completed LU decomposition 
    Conditioning information: 
      Max diagonal in reduced matrix:    0.9200E-04
      Min diagonal in reduced matrix:    0.5672E-05
      Ratio:                             0.1622E+02
      Maximum no. diagonal digits lost:   1


 Direct Solver has completed LU decomposition 
    Conditioning information: 
      Max diagonal in reduced matrix:    0.3311E+05
      Min diagonal in reduced matrix:    0.1000E+01
      Ratio:                             0.3311E+05
      Maximum no. diagonal digits lost:   5


  Newton Raphson iteration       1
  Correction norm               0.597684D-17
  Generalized Force norm        0.104336D+00
  Out of balance force norm     0.335060D-14
  Ratio                         0.321136D-13
  Tolerance                     0.100000D-04


    Step number    10 has completed successfully
    Steps remaining:                          10
    Elapsed time:                     10.000    
    Time remaining:                   0.0000    
    Time step has been adjusted to:   0.0000    
    Max time step:                    1.0000    
    Min time step:                   0.10000E-02


 Direct Solver has completed LU decomposition 
    Conditioning information: 
      Max diagonal in reduced matrix:    0.9200E-04
      Min diagonal in reduced matrix:    0.5672E-05
      Ratio:                             0.1622E+02
      Maximum no. diagonal digits lost:   1

  Column            1  node            1  DOF            1
 Row    1 node    1 DOF    1 Stiffness     0.14949D+04 Numerical deriv     0.14949D+04
 Row    2 node    1 DOF    2 Stiffness     0.76228D+03 Numerical deriv     0.76228D+03
 Row    3 node    2 DOF    1 Stiffness    -0.41047D+03 Numerical deriv    -0.41047D+03
 Row    4 node    2 DOF    2 Stiffness    -0.16182D+03 Numerical deriv    -0.16182D+03
 Row    5 node    3 DOF    1 Stiffness     0.35236D+02 Numerical deriv     0.35236D+02
 Row    6 node    3 DOF    2 Stiffness    -0.24092D+03 Numerical deriv    -0.24092D+03
 Row    7 node    4 DOF    1 Stiffness    -0.10420D+04 Numerical deriv    -0.10420D+04
 Row    8 node    4 DOF    2 Stiffness    -0.80572D+03 Numerical deriv    -0.80572D+03
 Row    9 node    5 DOF    1 Stiffness     0.24012D+04 Numerical deriv     0.24012D+04
 Row   10 node    5 DOF    2 Stiffness     0.14562D+04 Numerical deriv     0.14562D+04
 Row   11 node    6 DOF    1 Stiffness    -0.24789D+04 Numerical deriv    -0.24789D+04
 Row   12 node    6 DOF    2 Stiffness    -0.10100D+04 Numerical deriv    -0.10100D+04

  Column            2  node            1  DOF            2
 Row    1 node    1 DOF    1 Stiffness     0.76228D+03 Numerical deriv     0.76228D+03
 Row    2 node    1 DOF    2 Stiffness     0.27819D+04 Numerical deriv     0.27819D+04
 Row    3 node    2 DOF    1 Stiffness    -0.13984D+03 Numerical deriv    -0.13984D+03
 Row    4 node    2 DOF    2 Stiffness    -0.15022D+03 Numerical deriv    -0.15022D+03
 Row    5 node    3 DOF    1 Stiffness    -0.57765D+02 Numerical deriv    -0.57765D+02
 Row    6 node    3 DOF    2 Stiffness     0.27091D+04 Numerical deriv     0.27091D+04
 Row    7 node    4 DOF    1 Stiffness    -0.68850D+03 Numerical deriv    -0.68850D+03
 Row    8 node    4 DOF    2 Stiffness    -0.56884D+03 Numerical deriv    -0.56884D+03
 Row    9 node    5 DOF    1 Stiffness     0.12510D+04 Numerical deriv     0.12510D+04
 Row   10 node    5 DOF    2 Stiffness     0.11067D+04 Numerical deriv     0.11067D+04
 Row   11 node    6 DOF    1 Stiffness    -0.11272D+04 Numerical deriv    -0.11272D+04
 Row   12 node    6 DOF    2 Stiffness    -0.58786D+04 Numerical deriv    -0.58786D+04

  Column            3  node            2  DOF            1
 Row    1 node    1 DOF    1 Stiffness    -0.41047D+03 Numerical deriv    -0.41047D+03
 Row    2 node    1 DOF    2 Stiffness    -0.13984D+03 Numerical deriv    -0.13984D+03
 Row    3 node    2 DOF    1 Stiffness     0.33592D+04 Numerical deriv     0.33592D+04
 Row    4 node    2 DOF    2 Stiffness     0.10076D+03 Numerical deriv     0.10076D+03
 Row    5 node    3 DOF    1 Stiffness     0.23203D+04 Numerical deriv     0.23203D+04
 Row    6 node    3 DOF    2 Stiffness    -0.10354D+04 Numerical deriv    -0.10354D+04
 Row    7 node    4 DOF    1 Stiffness    -0.11687D+04 Numerical deriv    -0.11687D+04
 Row    8 node    4 DOF    2 Stiffness    -0.73683D+03 Numerical deriv    -0.73683D+03
 Row    9 node    5 DOF    1 Stiffness    -0.67473D+04 Numerical deriv    -0.67473D+04
 Row   10 node    5 DOF    2 Stiffness     0.51745D+03 Numerical deriv     0.51745D+03
 Row   11 node    6 DOF    1 Stiffness     0.26470D+04 Numerical deriv     0.26470D+04
 Row   12 node    6 DOF    2 Stiffness     0.12939D+04 Numerical deriv     0.12939D+04

  Column            4  node            2  DOF            2
 Row    1 node    1 DOF    1 Stiffness    -0.16182D+03 Numerical deriv    -0.16182D+03
 Row    2 node    1 DOF    2 Stiffness    -0.15022D+03 Numerical deriv    -0.15022D+03
 Row    3 node    2 DOF    1 Stiffness     0.10076D+03 Numerical deriv     0.10076D+03
 Row    4 node    2 DOF    2 Stiffness     0.11831D+04 Numerical deriv     0.11831D+04
 Row    5 node    3 DOF    1 Stiffness    -0.12185D+04 Numerical deriv    -0.12185D+04
 Row    6 node    3 DOF    2 Stiffness     0.68574D+03 Numerical deriv     0.68574D+03
 Row    7 node    4 DOF    1 Stiffness    -0.85405D+03 Numerical deriv    -0.85405D+03
 Row    8 node    4 DOF    2 Stiffness    -0.52243D+03 Numerical deriv    -0.52243D+03
 Row    9 node    5 DOF    1 Stiffness     0.63466D+03 Numerical deriv     0.63466D+03
 Row   10 node    5 DOF    2 Stiffness    -0.22623D+04 Numerical deriv    -0.22623D+04
 Row   11 node    6 DOF    1 Stiffness     0.14990D+04 Numerical deriv     0.14990D+04
 Row   12 node    6 DOF    2 Stiffness     0.10661D+04 Numerical deriv     0.10661D+04

  Column            5  node            3  DOF            1
 Row    1 node    1 DOF    1 Stiffness     0.35236D+02 Numerical deriv     0.35236D+02
 Row    2 node    1 DOF    2 Stiffness    -0.57765D+02 Numerical deriv    -0.57765D+02
 Row    3 node    2 DOF    1 Stiffness     0.23203D+04 Numerical deriv     0.23203D+04
 Row    4 node    2 DOF    2 Stiffness    -0.12185D+04 Numerical deriv    -0.12185D+04
 Row    5 node    3 DOF    1 Stiffness     0.53329D+04 Numerical deriv     0.53329D+04
 Row    6 node    3 DOF    2 Stiffness    -0.28937D+04 Numerical deriv    -0.28937D+04
 Row    7 node    4 DOF    1 Stiffness     0.13912D+04 Numerical deriv     0.13912D+04
 Row    8 node    4 DOF    2 Stiffness    -0.75014D+03 Numerical deriv    -0.75014D+03
 Row    9 node    5 DOF    1 Stiffness    -0.76793D+04 Numerical deriv    -0.76793D+04
 Row   10 node    5 DOF    2 Stiffness     0.40595D+04 Numerical deriv     0.40595D+04
 Row   11 node    6 DOF    1 Stiffness    -0.14004D+04 Numerical deriv    -0.14004D+04
 Row   12 node    6 DOF    2 Stiffness     0.86066D+03 Numerical deriv     0.86066D+03

  Column            6  node            3  DOF            2
 Row    1 node    1 DOF    1 Stiffness    -0.24092D+03 Numerical deriv    -0.24092D+03
 Row    2 node    1 DOF    2 Stiffness     0.27091D+04 Numerical deriv     0.27091D+04
 Row    3 node    2 DOF    1 Stiffness    -0.10354D+04 Numerical deriv    -0.10354D+04
 Row    4 node    2 DOF    2 Stiffness     0.68574D+03 Numerical deriv     0.68574D+03
 Row    5 node    3 DOF    1 Stiffness    -0.28937D+04 Numerical deriv    -0.28937D+04
 Row    6 node    3 DOF    2 Stiffness     0.77185D+04 Numerical deriv     0.77185D+04
 Row    7 node    4 DOF    1 Stiffness    -0.75014D+03 Numerical deriv    -0.75014D+03
 Row    8 node    4 DOF    2 Stiffness     0.19924D+04 Numerical deriv     0.19924D+04
 Row    9 node    5 DOF    1 Stiffness     0.35614D+04 Numerical deriv     0.35614D+04
 Row   10 node    5 DOF    2 Stiffness    -0.38361D+04 Numerical deriv    -0.38361D+04
 Row   11 node    6 DOF    1 Stiffness     0.13588D+04 Numerical deriv     0.13588D+04
 Row   12 node    6 DOF    2 Stiffness    -0.92697D+04 Numerical deriv    -0.92697D+04

  Column            7  node            4  DOF            1
 Row    1 node    1 DOF    1 Stiffness    -0.10420D+04 Numerical deriv    -0.10420D+04
 Row    2 node    1 DOF    2 Stiffness    -0.68850D+03 Numerical deriv    -0.68850D+03
 Row    3 node    2 DOF    1 Stiffness    -0.11687D+04 Numerical deriv    -0.11687D+04
 Row    4 node    2 DOF    2 Stiffness    -0.85405D+03 Numerical deriv    -0.85405D+03
 Row    5 node    3 DOF    1 Stiffness     0.13912D+04 Numerical deriv     0.13912D+04
 Row    6 node    3 DOF    2 Stiffness    -0.75014D+03 Numerical deriv    -0.75014D+03
 Row    7 node    4 DOF    1 Stiffness     0.38342D+04 Numerical deriv     0.38342D+04
 Row    8 node    4 DOF    2 Stiffness     0.67913D+03 Numerical deriv     0.67913D+03
 Row    9 node    5 DOF    1 Stiffness    -0.12870D+04 Numerical deriv    -0.12870D+04
 Row   10 node    5 DOF    2 Stiffness     0.10270D+04 Numerical deriv     0.10270D+04
 Row   11 node    6 DOF    1 Stiffness    -0.17277D+04 Numerical deriv    -0.17277D+04
 Row   12 node    6 DOF    2 Stiffness     0.58656D+03 Numerical deriv     0.58656D+03

  Column            8  node            4  DOF            2
 Row    1 node    1 DOF    1 Stiffness    -0.80572D+03 Numerical deriv    -0.80572D+03
 Row    2 node    1 DOF    2 Stiffness    -0.56884D+03 Numerical deriv    -0.56884D+03
 Row    3 node    2 DOF    1 Stiffness    -0.73683D+03 Numerical deriv    -0.73683D+03
 Row    4 node    2 DOF    2 Stiffness    -0.52243D+03 Numerical deriv    -0.52243D+03
 Row    5 node    3 DOF    1 Stiffness    -0.75014D+03 Numerical deriv    -0.75014D+03
 Row    6 node    3 DOF    2 Stiffness     0.19924D+04 Numerical deriv     0.19924D+04
 Row    7 node    4 DOF    1 Stiffness     0.67913D+03 Numerical deriv     0.67913D+03
 Row    8 node    4 DOF    2 Stiffness     0.32771D+04 Numerical deriv     0.32771D+04
 Row    9 node    5 DOF    1 Stiffness     0.79257D+03 Numerical deriv     0.79257D+03
 Row   10 node    5 DOF    2 Stiffness    -0.21943D+04 Numerical deriv    -0.21943D+04
 Row   11 node    6 DOF    1 Stiffness     0.82099D+03 Numerical deriv     0.82099D+03
 Row   12 node    6 DOF    2 Stiffness    -0.19839D+04 Numerical deriv    -0.19839D+04

  Column            9  node            5  DOF            1
 Row    1 node    1 DOF    1 Stiffness     0.24012D+04 Numerical deriv     0.24012D+04
 Row    2 node    1 DOF    2 Stiffness     0.12510D+04 Numerical deriv     0.12510D+04
 Row    3 node    2 DOF    1 Stiffness    -0.67473D+04 Numerical deriv    -0.67473D+04
 Row    4 node    2 DOF    2 Stiffness     0.63466D+03 Numerical deriv     0.63466D+03
 Row    5 node    3 DOF    1 Stiffness    -0.76793D+04 Numerical deriv    -0.76793D+04
 Row    6 node    3 DOF    2 Stiffness     0.35614D+04 Numerical deriv     0.35614D+04
 Row    7 node    4 DOF    1 Stiffness    -0.12870D+04 Numerical deriv    -0.12870D+04
 Row    8 node    4 DOF    2 Stiffness     0.79257D+03 Numerical deriv     0.79257D+03
 Row    9 node    5 DOF    1 Stiffness     0.18960D+05 Numerical deriv     0.18960D+05
 Row   10 node    5 DOF    2 Stiffness    -0.19469D+04 Numerical deriv    -0.19469D+04
 Row   11 node    6 DOF    1 Stiffness    -0.56475D+04 Numerical deriv    -0.56475D+04
 Row   12 node    6 DOF    2 Stiffness    -0.42927D+04 Numerical deriv    -0.42927D+04

  Column           10  node            5  DOF            2
 Row    1 node    1 DOF    1 Stiffness     0.14562D+04 Numerical deriv     0.14562D+04
 Row    2 node    1 DOF    2 Stiffness     0.11067D+04 Numerical deriv     0.11067D+04
 Row    3 node    2 DOF    1 Stiffness     0.51745D+03 Numerical deriv     0.51745D+03
 Row    4 node    2 DOF    2 Stiffness    -0.22623D+04 Numerical deriv    -0.22623D+04
 Row    5 node    3 DOF    1 Stiffness     0.40595D+04 Numerical deriv     0.40595D+04
 Row    6 node    3 DOF    2 Stiffness    -0.38361D+04 Numerical deriv    -0.38361D+04
 Row    7 node    4 DOF    1 Stiffness     0.10270D+04 Numerical deriv     0.10270D+04
 Row    8 node    4 DOF    2 Stiffness    -0.21943D+04 Numerical deriv    -0.21943D+04
 Row    9 node    5 DOF    1 Stiffness    -0.19469D+04 Numerical deriv    -0.19469D+04
 Row   10 node    5 DOF    2 Stiffness     0.82225D+04 Numerical deriv     0.82225D+04
 Row   11 node    6 DOF    1 Stiffness    -0.51132D+04 Numerical deriv    -0.51132D+04
 Row   12 node    6 DOF    2 Stiffness    -0.10365D+04 Numerical deriv    -0.10365D+04

  Column           11  node            6  DOF            1
 Row    1 node    1 DOF    1 Stiffness    -0.24789D+04 Numerical deriv    -0.24789D+04
 Row    2 node    1 DOF    2 Stiffness    -0.11272D+04 Numerical deriv    -0.11272D+04
 Row    3 node    2 DOF    1 Stiffness     0.26470D+04 Numerical deriv     0.26470D+04
 Row    4 node    2 DOF    2 Stiffness     0.14990D+04 Numerical deriv     0.14990D+04
 Row    5 node    3 DOF    1 Stiffness    -0.14004D+04 Numerical deriv    -0.14004D+04
 Row    6 node    3 DOF    2 Stiffness     0.13588D+04 Numerical deriv     0.13588D+04
 Row    7 node    4 DOF    1 Stiffness    -0.17277D+04 Numerical deriv    -0.17277D+04
 Row    8 node    4 DOF    2 Stiffness     0.82099D+03 Numerical deriv     0.82099D+03
 Row    9 node    5 DOF    1 Stiffness    -0.56475D+04 Numerical deriv    -0.56475D+04
 Row   10 node    5 DOF    2 Stiffness    -0.51132D+04 Numerical deriv    -0.51132D+04
 Row   11 node    6 DOF    1 Stiffness     0.86076D+04 Numerical deriv     0.86076D+04
 Row   12 node    6 DOF    2 Stiffness     0.25616D+04 Numerical deriv     0.25616D+04

  Column           12  node            6  DOF            2
 Row    1 node    1 DOF    1 Stiffness    -0.10100D+04 Numerical deriv    -0.10100D+04
 Row    2 node    1 DOF    2 Stiffness    -0.58786D+04 Numerical deriv    -0.58786D+04
 Row    3 node    2 DOF    1 Stiffness     0.12939D+04 Numerical deriv     0.12939D+04
 Row    4 node    2 DOF    2 Stiffness     0.10661D+04 Numerical deriv     0.10661D+04
 Row    5 node    3 DOF    1 Stiffness     0.86066D+03 Numerical deriv     0.86066D+03
 Row    6 node    3 DOF    2 Stiffness    -0.92697D+04 Numerical deriv    -0.92697D+04
 Row    7 node    4 DOF    1 Stiffness     0.58656D+03 Numerical deriv     0.58656D+03
 Row    8 node    4 DOF    2 Stiffness    -0.19839D+04 Numerical deriv    -0.19839D+04
 Row    9 node    5 DOF    1 Stiffness    -0.42927D+04 Numerical deriv    -0.42927D+04
 Row   10 node    5 DOF    2 Stiffness    -0.10365D+04 Numerical deriv    -0.10365D+04
 Row   11 node    6 DOF    1 Stiffness     0.25616D+04 Numerical deriv     0.25616D+04
 Row   12 node    6 DOF    2 Stiffness     0.17103D+05 Numerical deriv     0.17103D+05


 Stiffness matrix is consistent with residual 


