

 The input file has been read successfully 
 Number of elements:                2
 Number of nodes:                  12
 Number of constraints:             0
 Total no. degrees of freedom:     36


  Started explicit dynamic analysis 


  
   Step            1  completed
   Elapsed time is    0.0000000000000000     
   Printing state... 
  
   Step            2  completed
   Elapsed time is    1.0000000000000000E-002
   Printing state... 
  
   Step            3  completed
   Elapsed time is    2.0000000000000000E-002
   Printing state... 
  
   Step            4  completed
   Elapsed time is    2.9999999999999999E-002
   Printing state... 
  
   Step            5  completed
   Elapsed time is    4.0000000000000001E-002
   Printing state... 
  
   Step            6  completed
   Elapsed time is    5.0000000000000003E-002
   Printing state... 
  
   Step            7  completed
   Elapsed time is    6.0000000000000005E-002
   Printing state... 
  
   Step            8  completed
   Elapsed time is    7.0000000000000007E-002
   Printing state... 
  
   Step            9  completed
   Elapsed time is    8.0000000000000002E-002
   Printing state... 
  
   Step           10  completed
   Elapsed time is    8.9999999999999997E-002
   Printing state... 
